#
# A fatal error has been detected by the Java Runtime Environment:
#
#  SIGSEGV (0xb) at pc=0x00007f23edd8bd69, pid=28898, tid=0x00007f23eefcc700
#
# JRE version: OpenJDK Runtime Environment (8.0_112-b15) (build 1.8.0_112-b15)
# Java VM: OpenJDK 64-Bit Server VM (25.112-b15 mixed mode linux-amd64 compressed oops)
# Problematic frame:
# C  [libawt_xawt.so+0x3fd69]
#
# Core dump written. Default location: /home/jake/code/parcel-mapping/core or core.28898
#
# If you would like to submit a bug report, please visit:
#   http://bugreport.java.com/bugreport/crash.jsp
# The crash happened outside the Java Virtual Machine in native code.
# See problematic frame for where to report the bug.
#

---------------  T H R E A D  ---------------

Current thread (0x00007f23d4092800):  JavaThread "Session c26a3ca8-d0e0-4f22-92ab-f8d5411bbc65 processing inside browser" [_thread_in_native, id=28932, stack(0x00007f23eeecc000,0x00007f23eefcd000)]

siginfo: si_signo: 11 (SIGSEGV), si_code: 1 (SEGV_MAPERR), si_addr: 0x0000000000000068

Registers:
RAX=0x0000000000000000, RBX=0x0000000000000000, RCX=0x000000000000ffff, RDX=0x0000000000000000
RSP=0x00007f23eefcaa20, RBP=0x00007f23eefcab00, RSI=0x0000000000000000, RDI=0x0000000000000000
R8 =0x0000000000000300, R9 =0x0000020202020202, R10=0x00007f23eefcaac4, R11=0x0000000000000002
R12=0x0000000000000000, R13=0x0000000000000000, R14=0x00007f23f41f4330, R15=0x00007f23f41f42e0
RIP=0x00007f23edd8bd69, EFLAGS=0x0000000000010246, CSGSFS=0x002b000000000033, ERR=0x0000000000000004
  TRAPNO=0x000000000000000e

Top of Stack: (sp=0x00007f23eefcaa20)
0x00007f23eefcaa20:   00007f23f41f39b0 0300055600000000
0x00007f23eefcaa30:   0000000000000556 00007f23eefcaabc
0x00007f23eefcaa40:   00007f23eefcaac8 00007f23eefcaac4
0x00007f23eefcaa50:   00007f23eefcaac0 0000030000000002
0x00007f23eefcaa60:   00007f2300000000 00007f23eefcaab0
0x00007f23eefcaa70:   00007f2300000000 00007f23f417d380
0x00007f23eefcaa80:   00007f23f41f41a0 0000000000000000
0x00007f23eefcaa90:   0000030000000000 0000000000000000
0x00007f23eefcaaa0:   02e5041a00000000 0000055600000000
0x00007f23eefcaab0:   0000000000000000 0000001000000000
0x00007f23eefcaac0:   0000000000000008 00007f23f41f46a0
0x00007f23eefcaad0:   0000001800000000 0000000000000000
0x00007f23eefcaae0:   0000000000000556 0300055600000000
0x00007f23eefcaaf0:   00007f23eefcab80 0000000000000000
0x00007f23eefcab00:   00007f23eefcabf0 00007f23edd8c3a4
0x00007f23eefcab10:   00007f23f41f4180 00007f23edd8c35d
0x00007f23eefcab20:   0000000000da0003 0000000000020000
0x00007f23eefcab30:   0000000000000000 00007f23f417d380
0x00007f23eefcab40:   00007f23f416f700 00007f2300000300
0x00007f23eefcab50:   00007f23eefcac98 00007f23f417d380
0x00007f23eefcab60:   00007f23eefcac98 0000000000000270
0x00007f23eefcab70:   00007f23eefcabb0 00007f23eefcabac
0x00007f23eefcab80:   0000000000000000 00007f23edd8c231
0x00007f23eefcab90:   00007f2300000005 0000000000ff0000
0x00007f23eefcaba0:   000000000000ff00 00000000000000ff
0x00007f23eefcabb0:   0000010000000008 0000000000000000
0x00007f23eefcabc0:   000000010022c600 0000000000000000
0x00007f23eefcabd0:   00007f23f417d380 0000000000000000
0x00007f23eefcabe0:   0000000000000270 00007f23d40929e0
0x00007f23eefcabf0:   00007f23eefcace0 00007f23edd83e70
0x00007f23eefcac00:   00000000000000f0 00007f23f41efda0
0x00007f23eefcac10:   0000000000000000 0000000000000000 

Instructions: (pc=0x00007f23edd8bd69)
0x00007f23edd8bd49:   89 45 a8 0f 8e 94 00 00 00 8b 75 90 45 31 ed 01
0x00007f23edd8bd59:   c6 89 75 a0 0f 1f 00 44 89 ee 8b 55 a8 48 89 df
0x00007f23edd8bd69:   ff 53 68 4d 8b 4f 08 48 98 8b 4d bc 48 89 c2 48
0x00007f23edd8bd79:   89 c7 48 8b 75 c8 49 23 51 18 49 23 79 20 49 23 

Register to memory mapping:

RAX=0x0000000000000000 is an unknown value
RBX=0x0000000000000000 is an unknown value
RCX=0x000000000000ffff is an unknown value
RDX=0x0000000000000000 is an unknown value
RSP=0x00007f23eefcaa20 is pointing into the stack for thread: 0x00007f23d4092800
RBP=0x00007f23eefcab00 is pointing into the stack for thread: 0x00007f23d4092800
RSI=0x0000000000000000 is an unknown value
RDI=0x0000000000000000 is an unknown value
R8 =0x0000000000000300 is an unknown value
R9 =0x0000020202020202 is an unknown value
R10=0x00007f23eefcaac4 is pointing into the stack for thread: 0x00007f23d4092800
R11=0x0000000000000002 is an unknown value
R12=0x0000000000000000 is an unknown value
R13=0x0000000000000000 is an unknown value
R14=0x00007f23f41f4330 is an unknown value
R15=0x00007f23f41f42e0 is an unknown value


Stack: [0x00007f23eeecc000,0x00007f23eefcd000],  sp=0x00007f23eefcaa20,  free space=1018k
Native frames: (J=compiled Java code, j=interpreted, Vv=VM code, C=native code)
C  [libawt_xawt.so+0x3fd69]
C  [libawt_xawt.so+0x403a4]
C  [libawt_xawt.so+0x37e70]  Java_sun_awt_X11_XRobotPeer_getRGBPixelsImpl+0x120
j  sun.awt.X11.XRobotPeer.getRGBPixelsImpl(Lsun/awt/X11GraphicsConfig;IIII[I)V+0
j  sun.awt.X11.XRobotPeer.getRGBPixels(Ljava/awt/Rectangle;)[I+33
j  java.awt.Robot.createScreenCapture(Ljava/awt/Rectangle;)Ljava/awt/image/BufferedImage;+50
j  org.openqa.selenium.remote.server.SnapshotScreenListener.onException(Ljava/lang/Throwable;Lorg/openqa/selenium/WebDriver;)V+41
v  ~StubRoutines::call_stub
V  [libjvm.so+0x644fe3]
V  [libjvm.so+0x905f30]
V  [libjvm.so+0x9077bc]
V  [libjvm.so+0x6899ca]  JVM_InvokeMethod+0x10a
j  sun.reflect.NativeMethodAccessorImpl.invoke0(Ljava/lang/reflect/Method;Ljava/lang/Object;[Ljava/lang/Object;)Ljava/lang/Object;+0
j  sun.reflect.NativeMethodAccessorImpl.invoke(Ljava/lang/Object;[Ljava/lang/Object;)Ljava/lang/Object;+100
j  sun.reflect.DelegatingMethodAccessorImpl.invoke(Ljava/lang/Object;[Ljava/lang/Object;)Ljava/lang/Object;+6
j  java.lang.reflect.Method.invoke(Ljava/lang/Object;[Ljava/lang/Object;)Ljava/lang/Object;+56
j  org.openqa.selenium.support.events.EventFiringWebDriver$1.invoke(Ljava/lang/Object;Ljava/lang/reflect/Method;[Ljava/lang/Object;)Ljava/lang/Object;+40
j  com.sun.proxy.$Proxy3.onException(Ljava/lang/Throwable;Lorg/openqa/selenium/WebDriver;)V+20
j  org.openqa.selenium.support.events.EventFiringWebDriver$2.invoke(Ljava/lang/Object;Ljava/lang/reflect/Method;[Ljava/lang/Object;)Ljava/lang/Object;+45
j  com.sun.proxy.$Proxy4.get(Ljava/lang/String;)V+16
j  org.openqa.selenium.support.events.EventFiringWebDriver.get(Ljava/lang/String;)V+19
j  org.openqa.selenium.remote.server.handler.ChangeUrl.call()Ljava/lang/Void;+8
j  org.openqa.selenium.remote.server.handler.ChangeUrl.call()Ljava/lang/Object;+1
j  java.util.concurrent.FutureTask.run()V+42
j  org.openqa.selenium.remote.server.DefaultSession$1.run()V+55
j  java.util.concurrent.ThreadPoolExecutor.runWorker(Ljava/util/concurrent/ThreadPoolExecutor$Worker;)V+95
j  java.util.concurrent.ThreadPoolExecutor$Worker.run()V+5
j  java.lang.Thread.run()V+11
v  ~StubRoutines::call_stub
V  [libjvm.so+0x644fe3]
V  [libjvm.so+0x642737]
V  [libjvm.so+0x642d07]
V  [libjvm.so+0x67f125]
V  [libjvm.so+0x9d341f]
V  [libjvm.so+0x9d37f5]
V  [libjvm.so+0x883612]
C  [libpthread.so.0+0x7454]  start_thread+0xc4

Java frames: (J=compiled Java code, j=interpreted, Vv=VM code)
j  sun.awt.X11.XRobotPeer.getRGBPixelsImpl(Lsun/awt/X11GraphicsConfig;IIII[I)V+0
j  sun.awt.X11.XRobotPeer.getRGBPixels(Ljava/awt/Rectangle;)[I+33
j  java.awt.Robot.createScreenCapture(Ljava/awt/Rectangle;)Ljava/awt/image/BufferedImage;+50
j  org.openqa.selenium.remote.server.SnapshotScreenListener.onException(Ljava/lang/Throwable;Lorg/openqa/selenium/WebDriver;)V+41
v  ~StubRoutines::call_stub
j  sun.reflect.NativeMethodAccessorImpl.invoke0(Ljava/lang/reflect/Method;Ljava/lang/Object;[Ljava/lang/Object;)Ljava/lang/Object;+0
j  sun.reflect.NativeMethodAccessorImpl.invoke(Ljava/lang/Object;[Ljava/lang/Object;)Ljava/lang/Object;+100
j  sun.reflect.DelegatingMethodAccessorImpl.invoke(Ljava/lang/Object;[Ljava/lang/Object;)Ljava/lang/Object;+6
j  java.lang.reflect.Method.invoke(Ljava/lang/Object;[Ljava/lang/Object;)Ljava/lang/Object;+56
j  org.openqa.selenium.support.events.EventFiringWebDriver$1.invoke(Ljava/lang/Object;Ljava/lang/reflect/Method;[Ljava/lang/Object;)Ljava/lang/Object;+40
j  com.sun.proxy.$Proxy3.onException(Ljava/lang/Throwable;Lorg/openqa/selenium/WebDriver;)V+20
j  org.openqa.selenium.support.events.EventFiringWebDriver$2.invoke(Ljava/lang/Object;Ljava/lang/reflect/Method;[Ljava/lang/Object;)Ljava/lang/Object;+45
j  com.sun.proxy.$Proxy4.get(Ljava/lang/String;)V+16
j  org.openqa.selenium.support.events.EventFiringWebDriver.get(Ljava/lang/String;)V+19
j  org.openqa.selenium.remote.server.handler.ChangeUrl.call()Ljava/lang/Void;+8
j  org.openqa.selenium.remote.server.handler.ChangeUrl.call()Ljava/lang/Object;+1
j  java.util.concurrent.FutureTask.run()V+42
j  org.openqa.selenium.remote.server.DefaultSession$1.run()V+55
j  java.util.concurrent.ThreadPoolExecutor.runWorker(Ljava/util/concurrent/ThreadPoolExecutor$Worker;)V+95
j  java.util.concurrent.ThreadPoolExecutor$Worker.run()V+5
j  java.lang.Thread.run()V+11
v  ~StubRoutines::call_stub

---------------  P R O C E S S  ---------------

Java Threads: ( => current thread )
  0x00007f23f41eb800 JavaThread "AWT-XAWT" daemon [_thread_blocked, id=29014, stack(0x00007f23db008000,0x00007f23db109000)]
  0x00007f23f41cc800 JavaThread "Java2D Disposer" daemon [_thread_blocked, id=29013, stack(0x00007f23db51a000,0x00007f23db61b000)]
  0x00007f23f00df800 JavaThread "Exec Stream Pumper" daemon [_thread_in_native, id=28940, stack(0x00007f23ee273000,0x00007f23ee374000)]
  0x00007f23f00de800 JavaThread "Exec Stream Pumper" daemon [_thread_in_native, id=28939, stack(0x00007f23ee374000,0x00007f23ee475000)]
  0x00007f23f00dc000 JavaThread "process reaper" daemon [_thread_in_native, id=28938, stack(0x00007f241404e000,0x00007f2414087000)]
  0x00007f23f40cd800 JavaThread "UrlChecker-2" daemon [_thread_blocked, id=28937, stack(0x00007f23ee475000,0x00007f23ee576000)]
  0x00007f23f40cc000 JavaThread "Exec Default Executor" daemon [_thread_blocked, id=28935, stack(0x00007f23ee776000,0x00007f23ee877000)]
=>0x00007f23d4092800 JavaThread "Session c26a3ca8-d0e0-4f22-92ab-f8d5411bbc65 processing inside browser" [_thread_in_native, id=28932, stack(0x00007f23eeecc000,0x00007f23eefcd000)]
  0x00007f23d406c000 JavaThread "DriverServlet Session Cleaner" [_thread_blocked, id=28931, stack(0x00007f23eefcd000,0x00007f23ef0ce000)]
  0x00007f23e4002000 JavaThread "Scheduler-152005629" [_thread_blocked, id=28930, stack(0x00007f23ef2ce000,0x00007f23ef3cf000)]
  0x00007f24283a2000 JavaThread "DestroyJavaVM" [_thread_blocked, id=28899, stack(0x00007f242e2f7000,0x00007f242e3f8000)]
  0x00007f242835e000 JavaThread "qtp1023487453-17" [_thread_blocked, id=28918, stack(0x00007f23ef7f8000,0x00007f23ef8f9000)]
  0x00007f242835c800 JavaThread "qtp1023487453-16" [_thread_blocked, id=28917, stack(0x00007f23ef8f9000,0x00007f23ef9fa000)]
  0x00007f242835a800 JavaThread "qtp1023487453-15" [_thread_blocked, id=28916, stack(0x00007f23ef9fa000,0x00007f23efafb000)]
  0x00007f2428359000 JavaThread "qtp1023487453-14" [_thread_blocked, id=28915, stack(0x00007f23efafb000,0x00007f23efbfc000)]
  0x00007f2428357800 JavaThread "qtp1023487453-13" [_thread_blocked, id=28914, stack(0x00007f23efbfc000,0x00007f23efcfd000)]
  0x00007f2428355800 JavaThread "qtp1023487453-12" [_thread_blocked, id=28913, stack(0x00007f23efcfd000,0x00007f23efdfe000)]
  0x00007f2428350000 JavaThread "qtp1023487453-11-acceptor-0@2cef9f54-ServerConnector@222874b9{HTTP/1.1}{0.0.0.0:4444}" [_thread_in_native, id=28912, stack(0x00007f23efdfe000,0x00007f23efeff000)]
  0x00007f242834f000 JavaThread "qtp1023487453-10-selector-ServerConnectorManager@662384a4/0" [_thread_in_native, id=28911, stack(0x00007f23efeff000,0x00007f23f0000000)]
  0x00007f2428151000 JavaThread "Service Thread" daemon [_thread_blocked, id=28908, stack(0x00007f24144d9000,0x00007f24145da000)]
  0x00007f242813c800 JavaThread "C1 CompilerThread1" daemon [_thread_blocked, id=28907, stack(0x00007f24145da000,0x00007f24146db000)]
  0x00007f2428139800 JavaThread "C2 CompilerThread0" daemon [_thread_blocked, id=28906, stack(0x00007f24146db000,0x00007f24147dc000)]
  0x00007f2428138000 JavaThread "Signal Dispatcher" daemon [_thread_blocked, id=28905, stack(0x00007f24147dc000,0x00007f24148dd000)]
  0x00007f2428104800 JavaThread "Finalizer" daemon [_thread_blocked, id=28904, stack(0x00007f2414a75000,0x00007f2414b76000)]
  0x00007f2428100000 JavaThread "Reference Handler" daemon [_thread_blocked, id=28903, stack(0x00007f2414b76000,0x00007f2414c77000)]

Other Threads:
  0x00007f24280f8800 VMThread [stack: 0x00007f2414c77000,0x00007f2414d78000] [id=28902]
  0x00007f2428154000 WatcherThread [stack: 0x00007f24143d8000,0x00007f24144d9000] [id=28909]

VM state:not at safepoint (normal execution)

VM Mutex/Monitor currently owned by a thread: None

Heap:
 PSYoungGen      total 17920K, used 6847K [0x00000000ec000000, 0x00000000ed400000, 0x0000000100000000)
  eden space 15360K, 28% used [0x00000000ec000000,0x00000000ec433d50,0x00000000ecf00000)
  from space 2560K, 99% used [0x00000000ecf00000,0x00000000ed17c030,0x00000000ed180000)
  to   space 2560K, 0% used [0x00000000ed180000,0x00000000ed180000,0x00000000ed400000)
 ParOldGen       total 40960K, used 8164K [0x00000000c4000000, 0x00000000c6800000, 0x00000000ec000000)
  object space 40960K, 19% used [0x00000000c4000000,0x00000000c47f93e0,0x00000000c6800000)
 Metaspace       used 17060K, capacity 17346K, committed 17664K, reserved 1064960K
  class space    used 2125K, capacity 2257K, committed 2304K, reserved 1048576K

Card table byte_map: [0x00007f242c01d000,0x00007f242c1fe000] byte_map_base: 0x00007f242b9fd000

Marking Bits: (ParMarkBitMap*) 0x00007f242d604260
 Begin Bits: [0x00007f24162a5000, 0x00007f24171a5000)
 End Bits:   [0x00007f24171a5000, 0x00007f24180a5000)

Polling page: 0x00007f242e423000

CodeCache: size=245760Kb used=3833Kb max_used=3863Kb free=241926Kb
 bounds [0x00007f24187a7000, 0x00007f2418b77000, 0x00007f24277a7000]
 total_blobs=1601 nmethods=1122 adapters=395
 compilation: enabled

Compilation events (10 events):
Event: 31.930 Thread 0x00007f242813c800 1137       3       java.util.HashMap::<init> (98 bytes)
Event: 31.931 Thread 0x00007f242813c800 nmethod 1137 0x00007f2418b6b710 code [0x00007f2418b6b9c0, 0x00007f2418b6ccb8]
Event: 31.932 Thread 0x00007f242813c800 1138       3       java.lang.String::getBytes (27 bytes)
Event: 31.932 Thread 0x00007f242813c800 nmethod 1138 0x00007f2418b6d5d0 code [0x00007f2418b6d760, 0x00007f2418b6d9f8]
Event: 31.946 Thread 0x00007f242813c800 1139       3       java.util.zip.ZipFile$ZipFileInputStream::finalize (5 bytes)
Event: 31.946 Thread 0x00007f242813c800 nmethod 1139 0x00007f2418b6db10 code [0x00007f2418b6dc80, 0x00007f2418b6de08]
Event: 31.946 Thread 0x00007f242813c800 1140       3       java.util.zip.ZipFile$ZipFileInflaterInputStream::finalize (5 bytes)
Event: 31.946 Thread 0x00007f242813c800 nmethod 1140 0x00007f2418b6de90 code [0x00007f2418b6e000, 0x00007f2418b6e188]
Event: 31.947 Thread 0x00007f242813c800 1141       1       java.lang.ref.Finalizer::access$000 (4 bytes)
Event: 31.947 Thread 0x00007f242813c800 nmethod 1141 0x00007f2418b6e210 code [0x00007f2418b6e360, 0x00007f2418b6e450]

GC Heap History (6 events):
Event: 17.312 GC heap before
{Heap before GC invocations=1 (full 0):
 PSYoungGen      total 17920K, used 15360K [0x00000000ec000000, 0x00000000ed400000, 0x0000000100000000)
  eden space 15360K, 100% used [0x00000000ec000000,0x00000000ecf00000,0x00000000ecf00000)
  from space 2560K, 0% used [0x00000000ed180000,0x00000000ed180000,0x00000000ed400000)
  to   space 2560K, 0% used [0x00000000ecf00000,0x00000000ecf00000,0x00000000ed180000)
 ParOldGen       total 40960K, used 0K [0x00000000c4000000, 0x00000000c6800000, 0x00000000ec000000)
  object space 40960K, 0% used [0x00000000c4000000,0x00000000c4000000,0x00000000c6800000)
 Metaspace       used 8794K, capacity 8958K, committed 9088K, reserved 1056768K
  class space    used 1035K, capacity 1115K, committed 1152K, reserved 1048576K
Event: 17.322 GC heap after
Heap after GC invocations=1 (full 0):
 PSYoungGen      total 17920K, used 2553K [0x00000000ec000000, 0x00000000ed400000, 0x0000000100000000)
  eden space 15360K, 0% used [0x00000000ec000000,0x00000000ec000000,0x00000000ecf00000)
  from space 2560K, 99% used [0x00000000ecf00000,0x00000000ed17e7b8,0x00000000ed180000)
  to   space 2560K, 0% used [0x00000000ed180000,0x00000000ed180000,0x00000000ed400000)
 ParOldGen       total 40960K, used 1395K [0x00000000c4000000, 0x00000000c6800000, 0x00000000ec000000)
  object space 40960K, 3% used [0x00000000c4000000,0x00000000c415ccc0,0x00000000c6800000)
 Metaspace       used 8794K, capacity 8958K, committed 9088K, reserved 1056768K
  class space    used 1035K, capacity 1115K, committed 1152K, reserved 1048576K
}
Event: 18.249 GC heap before
{Heap before GC invocations=2 (full 0):
 PSYoungGen      total 17920K, used 17913K [0x00000000ec000000, 0x00000000ed400000, 0x0000000100000000)
  eden space 15360K, 100% used [0x00000000ec000000,0x00000000ecf00000,0x00000000ecf00000)
  from space 2560K, 99% used [0x00000000ecf00000,0x00000000ed17e7b8,0x00000000ed180000)
  to   space 2560K, 0% used [0x00000000ed180000,0x00000000ed180000,0x00000000ed400000)
 ParOldGen       total 40960K, used 1395K [0x00000000c4000000, 0x00000000c6800000, 0x00000000ec000000)
  object space 40960K, 3% used [0x00000000c4000000,0x00000000c415ccc0,0x00000000c6800000)
 Metaspace       used 12909K, capacity 13188K, committed 13568K, reserved 1060864K
  class space    used 1592K, capacity 1710K, committed 1792K, reserved 1048576K
Event: 18.257 GC heap after
Heap after GC invocations=2 (full 0):
 PSYoungGen      total 17920K, used 2544K [0x00000000ec000000, 0x00000000ed400000, 0x0000000100000000)
  eden space 15360K, 0% used [0x00000000ec000000,0x00000000ec000000,0x00000000ecf00000)
  from space 2560K, 99% used [0x00000000ed180000,0x00000000ed3fc060,0x00000000ed400000)
  to   space 2560K, 0% used [0x00000000ecf00000,0x00000000ecf00000,0x00000000ed180000)
 ParOldGen       total 40960K, used 4667K [0x00000000c4000000, 0x00000000c6800000, 0x00000000ec000000)
  object space 40960K, 11% used [0x00000000c4000000,0x00000000c448ed50,0x00000000c6800000)
 Metaspace       used 12909K, capacity 13188K, committed 13568K, reserved 1060864K
  class space    used 1592K, capacity 1710K, committed 1792K, reserved 1048576K
}
Event: 31.934 GC heap before
{Heap before GC invocations=3 (full 0):
 PSYoungGen      total 17920K, used 17904K [0x00000000ec000000, 0x00000000ed400000, 0x0000000100000000)
  eden space 15360K, 100% used [0x00000000ec000000,0x00000000ecf00000,0x00000000ecf00000)
  from space 2560K, 99% used [0x00000000ed180000,0x00000000ed3fc060,0x00000000ed400000)
  to   space 2560K, 0% used [0x00000000ecf00000,0x00000000ecf00000,0x00000000ed180000)
 ParOldGen       total 40960K, used 4667K [0x00000000c4000000, 0x00000000c6800000, 0x00000000ec000000)
  object space 40960K, 11% used [0x00000000c4000000,0x00000000c448ed50,0x00000000c6800000)
 Metaspace       used 16943K, capacity 17180K, committed 17408K, reserved 1064960K
  class space    used 2112K, capacity 2224K, committed 2304K, reserved 1048576K
Event: 31.945 GC heap after
Heap after GC invocations=3 (full 0):
 PSYoungGen      total 17920K, used 2544K [0x00000000ec000000, 0x00000000ed400000, 0x0000000100000000)
  eden space 15360K, 0% used [0x00000000ec000000,0x00000000ec000000,0x00000000ecf00000)
  from space 2560K, 99% used [0x00000000ecf00000,0x00000000ed17c030,0x00000000ed180000)
  to   space 2560K, 0% used [0x00000000ed180000,0x00000000ed180000,0x00000000ed400000)
 ParOldGen       total 40960K, used 8164K [0x00000000c4000000, 0x00000000c6800000, 0x00000000ec000000)
  object space 40960K, 19% used [0x00000000c4000000,0x00000000c47f93e0,0x00000000c6800000)
 Metaspace       used 16943K, capacity 17180K, committed 17408K, reserved 1064960K
  class space    used 2112K, capacity 2224K, committed 2304K, reserved 1048576K
}

Deoptimization events (10 events):
Event: 1.436 Thread 0x00007f2428008000 Uncommon trap: reason=unstable_if action=reinterpret pc=0x00007f24189538e0 method=java.lang.String.replace(CC)Ljava/lang/String; @ 26
Event: 1.772 Thread 0x00007f2428008000 Uncommon trap: reason=unstable_if action=reinterpret pc=0x00007f241899c5c8 method=java.lang.String.indexOf([CII[CIII)I @ 134
Event: 1.776 Thread 0x00007f2428008000 Uncommon trap: reason=unstable_if action=reinterpret pc=0x00007f24189918a8 method=java.lang.String.startsWith(Ljava/lang/String;I)Z @ 25
Event: 17.644 Thread 0x00007f2428357800 Uncommon trap: reason=unstable_if action=reinterpret pc=0x00007f2418a25a2c method=java.lang.String.indexOf([CII[CIII)I @ 3
Event: 17.810 Thread 0x00007f23d4092800 Uncommon trap: reason=unstable_if action=reinterpret pc=0x00007f2418a210a4 method=sun.misc.MetaIndex.mayContain(Ljava/lang/String;)Z @ 38
Event: 18.506 Thread 0x00007f23f40cc000 Uncommon trap: reason=unstable_if action=reinterpret pc=0x00007f2418b075a4 method=java.util.Arrays.equals([B[B)Z @ 2
Event: 18.729 Thread 0x00007f23f40cd800 Uncommon trap: reason=unstable_if action=reinterpret pc=0x00007f2418a5cb28 method=java.lang.CharacterDataLatin1.digit(II)I @ 82
Event: 18.740 Thread 0x00007f23f40cd800 Uncommon trap: reason=unstable_if action=reinterpret pc=0x00007f2418a5a85c method=java.lang.CharacterDataLatin1.digit(II)I @ 82
Event: 19.300 Thread 0x00007f23d4092800 Uncommon trap: reason=unstable_if action=reinterpret pc=0x00007f2418b12ad8 method=java.util.concurrent.ConcurrentHashMap.putVal(Ljava/lang/Object;Ljava/lang/Object;Z)Ljava/lang/Object; @ 206
Event: 31.633 Thread 0x00007f23d4092800 Uncommon trap: reason=unstable_if action=reinterpret pc=0x00007f2418b060f0 method=java.io.BufferedReader.readLine(Z)Ljava/lang/String; @ 55

Internal exceptions (10 events):
Event: 18.802 Thread 0x00007f23f40cd800 Exception <a 'java/net/ConnectException'> (0x00000000ec9a4f38) thrown at [/build/java8-openjdk/src/jdk8u-jdk8u112-b15/hotspot/src/share/vm/prims/jni.cpp, line 709]
Event: 18.883 Thread 0x00007f23f40cd800 Exception <a 'java/net/ConnectException'> (0x00000000ec9a6380) thrown at [/build/java8-openjdk/src/jdk8u-jdk8u112-b15/hotspot/src/share/vm/prims/jni.cpp, line 709]
Event: 19.219 Thread 0x00007f23d4092800 Exception <a 'java/lang/ArrayIndexOutOfBoundsException'> (0x00000000eca731b0) thrown at [/build/java8-openjdk/src/jdk8u-jdk8u112-b15/hotspot/src/share/vm/runtime/sharedRuntime.cpp, line 605]
Event: 19.220 Thread 0x00007f23d4092800 Exception <a 'java/lang/ArrayIndexOutOfBoundsException'> (0x00000000eca747a8) thrown at [/build/java8-openjdk/src/jdk8u-jdk8u112-b15/hotspot/src/share/vm/runtime/sharedRuntime.cpp, line 605]
Event: 19.221 Thread 0x00007f23d4092800 Exception <a 'java/lang/ArrayIndexOutOfBoundsException'> (0x00000000eca763e0) thrown at [/build/java8-openjdk/src/jdk8u-jdk8u112-b15/hotspot/src/share/vm/runtime/sharedRuntime.cpp, line 605]
Event: 19.221 Thread 0x00007f23d4092800 Exception <a 'java/lang/ArrayIndexOutOfBoundsException'> (0x00000000eca77690) thrown at [/build/java8-openjdk/src/jdk8u-jdk8u112-b15/hotspot/src/share/vm/runtime/sharedRuntime.cpp, line 605]
Event: 31.299 Thread 0x00007f23d4092800 Exception <a 'java/lang/reflect/InvocationTargetException'> (0x00000000ece84848) thrown at [/build/java8-openjdk/src/jdk8u-jdk8u112-b15/hotspot/src/share/vm/runtime/reflection.cpp, line 1092]
Event: 31.442 Thread 0x00007f23d4092800 Exception <a 'java/io/FileNotFoundException'> (0x00000000ece8a778) thrown at [/build/java8-openjdk/src/jdk8u-jdk8u112-b15/hotspot/src/share/vm/prims/jni.cpp, line 709]
Event: 31.442 Thread 0x00007f23d4092800 Exception <a 'java/io/FileNotFoundException'> (0x00000000ece8b118) thrown at [/build/java8-openjdk/src/jdk8u-jdk8u112-b15/hotspot/src/share/vm/prims/jni.cpp, line 709]
Event: 31.609 Thread 0x00007f23d4092800 Exception <a 'java/lang/ClassNotFoundException': sun/dc/DuctusRenderingEngine> (0x00000000ecea11a0) thrown at [/build/java8-openjdk/src/jdk8u-jdk8u112-b15/hotspot/src/share/vm/classfile/systemDictionary.cpp, line 210]

Events (10 events):
Event: 31.982 loading class sun/awt/AWTAccessor$InputEventAccessor done
Event: 31.982 loading class java/awt/event/InputEvent$1 done
Event: 31.982 loading class java/awt/Robot$RobotDisposer
Event: 31.982 loading class java/awt/Robot$RobotDisposer done
Event: 31.983 loading class sun/java2d/opengl/OGLRenderQueue
Event: 31.994 loading class sun/java2d/pipe/RenderQueue
Event: 31.995 loading class sun/java2d/pipe/RenderQueue done
Event: 31.995 loading class sun/java2d/opengl/OGLRenderQueue done
Event: 32.007 loading class sun/awt/X11/XErrorEvent
Event: 32.014 loading class sun/awt/X11/XErrorEvent done


Dynamic libraries:
00400000-00401000 r-xp 00000000 08:02 809358                             /usr/lib/jvm/java-8-openjdk/jre/bin/java
00600000-00601000 r--p 00000000 08:02 809358                             /usr/lib/jvm/java-8-openjdk/jre/bin/java
00601000-00602000 rw-p 00001000 08:02 809358                             /usr/lib/jvm/java-8-openjdk/jre/bin/java
01f84000-01fa5000 rw-p 00000000 00:00 0                                  [heap]
c4000000-c6800000 rw-p 00000000 00:00 0 
c6800000-ec000000 ---p 00000000 00:00 0 
ec000000-ed400000 rw-p 00000000 00:00 0 
ed400000-100000000 ---p 00000000 00:00 0 
100000000-100240000 rw-p 00000000 00:00 0 
100240000-140000000 ---p 00000000 00:00 0 
7f23d4000000-7f23d40c1000 rw-p 00000000 00:00 0 
7f23d40c1000-7f23d8000000 ---p 00000000 00:00 0 
7f23dac07000-7f23db008000 rw-p 00000000 00:00 0 
7f23db008000-7f23db00b000 ---p 00000000 00:00 0 
7f23db00b000-7f23db109000 rw-p 00000000 00:00 0 
7f23db109000-7f23db10e000 r-xp 00000000 08:02 682176                     /usr/lib/libXfixes.so.3.1.0
7f23db10e000-7f23db30d000 ---p 00005000 08:02 682176                     /usr/lib/libXfixes.so.3.1.0
7f23db30d000-7f23db30e000 r--p 00004000 08:02 682176                     /usr/lib/libXfixes.so.3.1.0
7f23db30e000-7f23db30f000 rw-p 00005000 08:02 682176                     /usr/lib/libXfixes.so.3.1.0
7f23db30f000-7f23db319000 r-xp 00000000 08:02 684950                     /usr/lib/libXcursor.so.1.0.2
7f23db319000-7f23db518000 ---p 0000a000 08:02 684950                     /usr/lib/libXcursor.so.1.0.2
7f23db518000-7f23db519000 r--p 00009000 08:02 684950                     /usr/lib/libXcursor.so.1.0.2
7f23db519000-7f23db51a000 rw-p 0000a000 08:02 684950                     /usr/lib/libXcursor.so.1.0.2
7f23db51a000-7f23db51d000 ---p 00000000 00:00 0 
7f23db51d000-7f23db71b000 rw-p 00000000 00:00 0 
7f23db71b000-7f23db81b000 ---p 00000000 00:00 0 
7f23db81b000-7f23db88d000 r-xp 00000000 08:02 667147                     /usr/lib/libpcre.so.1.2.7
7f23db88d000-7f23dba8c000 ---p 00072000 08:02 667147                     /usr/lib/libpcre.so.1.2.7
7f23dba8c000-7f23dba8d000 r--p 00071000 08:02 667147                     /usr/lib/libpcre.so.1.2.7
7f23dba8d000-7f23dba8e000 rw-p 00072000 08:02 667147                     /usr/lib/libpcre.so.1.2.7
7f23dba8e000-7f23dbb9f000 r-xp 00000000 08:02 669060                     /usr/lib/libglib-2.0.so.0.5000.1
7f23dbb9f000-7f23dbd9e000 ---p 00111000 08:02 669060                     /usr/lib/libglib-2.0.so.0.5000.1
7f23dbd9e000-7f23dbd9f000 r--p 00110000 08:02 669060                     /usr/lib/libglib-2.0.so.0.5000.1
7f23dbd9f000-7f23dbda0000 rw-p 00111000 08:02 669060                     /usr/lib/libglib-2.0.so.0.5000.1
7f23dbda0000-7f23dbda1000 rw-p 00000000 00:00 0 
7f23dbda1000-7f23dbdfe000 r-xp 00000000 08:02 683389                     /usr/lib/libharfbuzz.so.0.10302.0
7f23dbdfe000-7f23dbffe000 ---p 0005d000 08:02 683389                     /usr/lib/libharfbuzz.so.0.10302.0
7f23dbffe000-7f23dbfff000 r--p 0005d000 08:02 683389                     /usr/lib/libharfbuzz.so.0.10302.0
7f23dbfff000-7f23dc000000 rw-p 0005e000 08:02 683389                     /usr/lib/libharfbuzz.so.0.10302.0
7f23dc000000-7f23dc021000 rw-p 00000000 00:00 0 
7f23dc021000-7f23e0000000 ---p 00000000 00:00 0 
7f23e0000000-7f23e0021000 rw-p 00000000 00:00 0 
7f23e0021000-7f23e4000000 ---p 00000000 00:00 0 
7f23e4000000-7f23e408d000 rw-p 00000000 00:00 0 
7f23e408d000-7f23e8000000 ---p 00000000 00:00 0 
7f23e8000000-7f23e8021000 rw-p 00000000 00:00 0 
7f23e8021000-7f23ec000000 ---p 00000000 00:00 0 
7f23ec010000-7f23ec03a000 r-xp 00000000 08:02 683385                     /usr/lib/libgraphite2.so.3.0.1
7f23ec03a000-7f23ec239000 ---p 0002a000 08:02 683385                     /usr/lib/libgraphite2.so.3.0.1
7f23ec239000-7f23ec23b000 r--p 00029000 08:02 683385                     /usr/lib/libgraphite2.so.3.0.1
7f23ec23b000-7f23ec23c000 rw-p 0002b000 08:02 683385                     /usr/lib/libgraphite2.so.3.0.1
7f23ec23c000-7f23ec271000 r-xp 00000000 08:02 683371                     /usr/lib/libpng16.so.16.26.0
7f23ec271000-7f23ec470000 ---p 00035000 08:02 683371                     /usr/lib/libpng16.so.16.26.0
7f23ec470000-7f23ec471000 r--p 00034000 08:02 683371                     /usr/lib/libpng16.so.16.26.0
7f23ec471000-7f23ec472000 rw-p 00035000 08:02 683371                     /usr/lib/libpng16.so.16.26.0
7f23ec472000-7f23ec481000 r-xp 00000000 08:02 661732                     /usr/lib/libbz2.so.1.0.6
7f23ec481000-7f23ec680000 ---p 0000f000 08:02 661732                     /usr/lib/libbz2.so.1.0.6
7f23ec680000-7f23ec682000 rw-p 0000e000 08:02 661732                     /usr/lib/libbz2.so.1.0.6
7f23ec682000-7f23ec738000 r-xp 00000000 08:02 694938                     /usr/lib/libfreetype.so.6.12.6
7f23ec738000-7f23ec938000 ---p 000b6000 08:02 694938                     /usr/lib/libfreetype.so.6.12.6
7f23ec938000-7f23ec93e000 r--p 000b6000 08:02 694938                     /usr/lib/libfreetype.so.6.12.6
7f23ec93e000-7f23ec93f000 rw-p 000bc000 08:02 694938                     /usr/lib/libfreetype.so.6.12.6
7f23ec93f000-7f23ec9a1000 r-xp 00000000 08:02 811728                     /usr/lib/jvm/java-8-openjdk/jre/lib/amd64/libfontmanager.so
7f23ec9a1000-7f23ecba1000 ---p 00062000 08:02 811728                     /usr/lib/jvm/java-8-openjdk/jre/lib/amd64/libfontmanager.so
7f23ecba1000-7f23ecba4000 r--p 00062000 08:02 811728                     /usr/lib/jvm/java-8-openjdk/jre/lib/amd64/libfontmanager.so
7f23ecba4000-7f23ecba5000 rw-p 00065000 08:02 811728                     /usr/lib/jvm/java-8-openjdk/jre/lib/amd64/libfontmanager.so
7f23ecba5000-7f23ecba6000 rw-p 00000000 00:00 0 
7f23ecba6000-7f23ecbab000 r-xp 00000000 08:02 679810                     /usr/lib/libXdmcp.so.6.0.0
7f23ecbab000-7f23ecdaa000 ---p 00005000 08:02 679810                     /usr/lib/libXdmcp.so.6.0.0
7f23ecdaa000-7f23ecdab000 r--p 00004000 08:02 679810                     /usr/lib/libXdmcp.so.6.0.0
7f23ecdab000-7f23ecdac000 rw-p 00005000 08:02 679810                     /usr/lib/libXdmcp.so.6.0.0
7f23ecdac000-7f23ecdae000 r-xp 00000000 08:02 679814                     /usr/lib/libXau.so.6.0.0
7f23ecdae000-7f23ecfae000 ---p 00002000 08:02 679814                     /usr/lib/libXau.so.6.0.0
7f23ecfae000-7f23ecfaf000 r--p 00002000 08:02 679814                     /usr/lib/libXau.so.6.0.0
7f23ecfaf000-7f23ecfb0000 rw-p 00003000 08:02 679814                     /usr/lib/libXau.so.6.0.0
7f23ecfb0000-7f23ecfd8000 r-xp 00000000 08:02 679875                     /usr/lib/libxcb.so.1.1.0
7f23ecfd8000-7f23ed1d7000 ---p 00028000 08:02 679875                     /usr/lib/libxcb.so.1.1.0
7f23ed1d7000-7f23ed1d8000 r--p 00027000 08:02 679875                     /usr/lib/libxcb.so.1.1.0
7f23ed1d8000-7f23ed1d9000 rw-p 00028000 08:02 679875                     /usr/lib/libxcb.so.1.1.0
7f23ed1d9000-7f23ed1e8000 r-xp 00000000 08:02 684316                     /usr/lib/libXi.so.6.1.0
7f23ed1e8000-7f23ed3e8000 ---p 0000f000 08:02 684316                     /usr/lib/libXi.so.6.1.0
7f23ed3e8000-7f23ed3e9000 r--p 0000f000 08:02 684316                     /usr/lib/libXi.so.6.1.0
7f23ed3e9000-7f23ed3ea000 rw-p 00010000 08:02 684316                     /usr/lib/libXi.so.6.1.0
7f23ed3ea000-7f23ed3ef000 r-xp 00000000 08:02 684393                     /usr/lib/libXtst.so.6.1.0
7f23ed3ef000-7f23ed5ee000 ---p 00005000 08:02 684393                     /usr/lib/libXtst.so.6.1.0
7f23ed5ee000-7f23ed5ef000 r--p 00004000 08:02 684393                     /usr/lib/libXtst.so.6.1.0
7f23ed5ef000-7f23ed5f0000 rw-p 00005000 08:02 684393                     /usr/lib/libXtst.so.6.1.0
7f23ed5f0000-7f23ed5f9000 r-xp 00000000 08:02 666088                     /usr/lib/libXrender.so.1.3.0
7f23ed5f9000-7f23ed7f9000 ---p 00009000 08:02 666088                     /usr/lib/libXrender.so.1.3.0
7f23ed7f9000-7f23ed7fa000 r--p 00009000 08:02 666088                     /usr/lib/libXrender.so.1.3.0
7f23ed7fa000-7f23ed7fb000 rw-p 0000a000 08:02 666088                     /usr/lib/libXrender.so.1.3.0
7f23ed7fb000-7f23ed934000 r-xp 00000000 08:02 683002                     /usr/lib/libX11.so.6.3.0
7f23ed934000-7f23edb34000 ---p 00139000 08:02 683002                     /usr/lib/libX11.so.6.3.0
7f23edb34000-7f23edb35000 r--p 00139000 08:02 683002                     /usr/lib/libX11.so.6.3.0
7f23edb35000-7f23edb3a000 rw-p 0013a000 08:02 683002                     /usr/lib/libX11.so.6.3.0
7f23edb3a000-7f23edb4b000 r-xp 00000000 08:02 683071                     /usr/lib/libXext.so.6.4.0
7f23edb4b000-7f23edd4a000 ---p 00011000 08:02 683071                     /usr/lib/libXext.so.6.4.0
7f23edd4a000-7f23edd4b000 r--p 00010000 08:02 683071                     /usr/lib/libXext.so.6.4.0
7f23edd4b000-7f23edd4c000 rw-p 00011000 08:02 683071                     /usr/lib/libXext.so.6.4.0
7f23edd4c000-7f23edd9f000 r-xp 00000000 08:02 811753                     /usr/lib/jvm/java-8-openjdk/jre/lib/amd64/libawt_xawt.so
7f23edd9f000-7f23edf9e000 ---p 00053000 08:02 811753                     /usr/lib/jvm/java-8-openjdk/jre/lib/amd64/libawt_xawt.so
7f23edf9e000-7f23edf9f000 r--p 00052000 08:02 811753                     /usr/lib/jvm/java-8-openjdk/jre/lib/amd64/libawt_xawt.so
7f23edf9f000-7f23edfa2000 rw-p 00053000 08:02 811753                     /usr/lib/jvm/java-8-openjdk/jre/lib/amd64/libawt_xawt.so
7f23edfa2000-7f23edfa3000 rw-p 00000000 00:00 0 
7f23edfa3000-7f23ee043000 r-xp 00000000 08:02 811736                     /usr/lib/jvm/java-8-openjdk/jre/lib/amd64/libawt.so
7f23ee043000-7f23ee242000 ---p 000a0000 08:02 811736                     /usr/lib/jvm/java-8-openjdk/jre/lib/amd64/libawt.so
7f23ee242000-7f23ee243000 r--p 0009f000 08:02 811736                     /usr/lib/jvm/java-8-openjdk/jre/lib/amd64/libawt.so
7f23ee243000-7f23ee24e000 rw-p 000a0000 08:02 811736                     /usr/lib/jvm/java-8-openjdk/jre/lib/amd64/libawt.so
7f23ee24e000-7f23ee273000 rw-p 00000000 00:00 0 
7f23ee273000-7f23ee276000 ---p 00000000 00:00 0 
7f23ee276000-7f23ee374000 rw-p 00000000 00:00 0 
7f23ee374000-7f23ee377000 ---p 00000000 00:00 0 
7f23ee377000-7f23ee475000 rw-p 00000000 00:00 0 
7f23ee475000-7f23ee478000 ---p 00000000 00:00 0 
7f23ee478000-7f23ee776000 rw-p 00000000 00:00 0 
7f23ee776000-7f23ee779000 ---p 00000000 00:00 0 
7f23ee779000-7f23eea77000 rw-p 00000000 00:00 0 
7f23eea77000-7f23eea8d000 r-xp 00000000 08:02 658683                     /usr/lib/libgcc_s.so.1
7f23eea8d000-7f23eec8c000 ---p 00016000 08:02 658683                     /usr/lib/libgcc_s.so.1
7f23eec8c000-7f23eec8d000 r--p 00015000 08:02 658683                     /usr/lib/libgcc_s.so.1
7f23eec8d000-7f23eec8e000 rw-p 00016000 08:02 658683                     /usr/lib/libgcc_s.so.1
7f23eec8e000-7f23eecc6000 r-xp 00000000 08:02 811750                     /usr/lib/jvm/java-8-openjdk/jre/lib/amd64/libsunec.so
7f23eecc6000-7f23eeec5000 ---p 00038000 08:02 811750                     /usr/lib/jvm/java-8-openjdk/jre/lib/amd64/libsunec.so
7f23eeec5000-7f23eeeca000 r--p 00037000 08:02 811750                     /usr/lib/jvm/java-8-openjdk/jre/lib/amd64/libsunec.so
7f23eeeca000-7f23eeecc000 rw-p 0003c000 08:02 811750                     /usr/lib/jvm/java-8-openjdk/jre/lib/amd64/libsunec.so
7f23eeecc000-7f23eeecf000 ---p 00000000 00:00 0 
7f23eeecf000-7f23eefcd000 rw-p 00000000 00:00 0 
7f23eefcd000-7f23eefd0000 ---p 00000000 00:00 0 
7f23eefd0000-7f23ef2ce000 rw-p 00000000 00:00 0 
7f23ef2ce000-7f23ef2d1000 ---p 00000000 00:00 0 
7f23ef2d1000-7f23ef3cf000 rw-p 00000000 00:00 0 
7f23ef3cf000-7f23ef3e0000 r-xp 00000000 08:02 811735                     /usr/lib/jvm/java-8-openjdk/jre/lib/amd64/libnio.so
7f23ef3e0000-7f23ef5df000 ---p 00011000 08:02 811735                     /usr/lib/jvm/java-8-openjdk/jre/lib/amd64/libnio.so
7f23ef5df000-7f23ef5e0000 r--p 00010000 08:02 811735                     /usr/lib/jvm/java-8-openjdk/jre/lib/amd64/libnio.so
7f23ef5e0000-7f23ef5e1000 rw-p 00011000 08:02 811735                     /usr/lib/jvm/java-8-openjdk/jre/lib/amd64/libnio.so
7f23ef5e1000-7f23ef5f7000 r-xp 00000000 08:02 811738                     /usr/lib/jvm/java-8-openjdk/jre/lib/amd64/libnet.so
7f23ef5f7000-7f23ef7f6000 ---p 00016000 08:02 811738                     /usr/lib/jvm/java-8-openjdk/jre/lib/amd64/libnet.so
7f23ef7f6000-7f23ef7f7000 r--p 00015000 08:02 811738                     /usr/lib/jvm/java-8-openjdk/jre/lib/amd64/libnet.so
7f23ef7f7000-7f23ef7f8000 rw-p 00016000 08:02 811738                     /usr/lib/jvm/java-8-openjdk/jre/lib/amd64/libnet.so
7f23ef7f8000-7f23ef7fb000 ---p 00000000 00:00 0 
7f23ef7fb000-7f23ef8f9000 rw-p 00000000 00:00 0 
7f23ef8f9000-7f23ef8fc000 ---p 00000000 00:00 0 
7f23ef8fc000-7f23ef9fa000 rw-p 00000000 00:00 0 
7f23ef9fa000-7f23ef9fd000 ---p 00000000 00:00 0 
7f23ef9fd000-7f23efafb000 rw-p 00000000 00:00 0 
7f23efafb000-7f23efafe000 ---p 00000000 00:00 0 
7f23efafe000-7f23efbfc000 rw-p 00000000 00:00 0 
7f23efbfc000-7f23efbff000 ---p 00000000 00:00 0 
7f23efbff000-7f23efcfd000 rw-p 00000000 00:00 0 
7f23efcfd000-7f23efd00000 ---p 00000000 00:00 0 
7f23efd00000-7f23efdfe000 rw-p 00000000 00:00 0 
7f23efdfe000-7f23efe01000 ---p 00000000 00:00 0 
7f23efe01000-7f23efeff000 rw-p 00000000 00:00 0 
7f23efeff000-7f23eff02000 ---p 00000000 00:00 0 
7f23eff02000-7f23f0000000 rw-p 00000000 00:00 0 
7f23f0000000-7f23f0246000 rw-p 00000000 00:00 0 
7f23f0246000-7f23f4000000 ---p 00000000 00:00 0 
7f23f4000000-7f23f4216000 rw-p 00000000 00:00 0 
7f23f4216000-7f23f8000000 ---p 00000000 00:00 0 
7f23f8000000-7f23f8021000 rw-p 00000000 00:00 0 
7f23f8021000-7f23fc000000 ---p 00000000 00:00 0 
7f23fc000000-7f23fc24a000 rw-p 00000000 00:00 0 
7f23fc24a000-7f2400000000 ---p 00000000 00:00 0 
7f2400000000-7f2400021000 rw-p 00000000 00:00 0 
7f2400021000-7f2404000000 ---p 00000000 00:00 0 
7f2404000000-7f2404021000 rw-p 00000000 00:00 0 
7f2404021000-7f2408000000 ---p 00000000 00:00 0 
7f2408000000-7f2408021000 rw-p 00000000 00:00 0 
7f2408021000-7f240c000000 ---p 00000000 00:00 0 
7f240c000000-7f240c021000 rw-p 00000000 00:00 0 
7f240c021000-7f2410000000 ---p 00000000 00:00 0 
7f2410000000-7f2410026000 rw-p 00000000 00:00 0 
7f2410026000-7f2414000000 ---p 00000000 00:00 0 
7f241404e000-7f2414051000 ---p 00000000 00:00 0 
7f2414051000-7f2414087000 rw-p 00000000 00:00 0 
7f2414087000-7f241408f000 r-xp 00000000 08:02 811722                     /usr/lib/jvm/java-8-openjdk/jre/lib/amd64/libmanagement.so
7f241408f000-7f241428e000 ---p 00008000 08:02 811722                     /usr/lib/jvm/java-8-openjdk/jre/lib/amd64/libmanagement.so
7f241428e000-7f241428f000 r--p 00007000 08:02 811722                     /usr/lib/jvm/java-8-openjdk/jre/lib/amd64/libmanagement.so
7f241428f000-7f2414290000 rw-p 00008000 08:02 811722                     /usr/lib/jvm/java-8-openjdk/jre/lib/amd64/libmanagement.so
7f2414290000-7f24143d8000 r--s 013d6000 08:04 27787872                   /home/jake/code/parcel-mapping/selenium-server-standalone-3.0.1.jar
7f24143d8000-7f24143d9000 ---p 00000000 00:00 0 
7f24143d9000-7f24144d9000 rw-p 00000000 00:00 0 
7f24144d9000-7f24144dc000 ---p 00000000 00:00 0 
7f24144dc000-7f24145da000 rw-p 00000000 00:00 0 
7f24145da000-7f24145dd000 ---p 00000000 00:00 0 
7f24145dd000-7f24146db000 rw-p 00000000 00:00 0 
7f24146db000-7f24146de000 ---p 00000000 00:00 0 
7f24146de000-7f24147dc000 rw-p 00000000 00:00 0 
7f24147dc000-7f24147df000 ---p 00000000 00:00 0 
7f24147df000-7f24148dd000 rw-p 00000000 00:00 0 
7f24148dd000-7f2414a75000 r--p 00000000 08:02 709366                     /usr/lib/locale/locale-archive
7f2414a75000-7f2414a78000 ---p 00000000 00:00 0 
7f2414a78000-7f2414b76000 rw-p 00000000 00:00 0 
7f2414b76000-7f2414b79000 ---p 00000000 00:00 0 
7f2414b79000-7f2414c77000 rw-p 00000000 00:00 0 
7f2414c77000-7f2414c78000 ---p 00000000 00:00 0 
7f2414c78000-7f2415681000 rw-p 00000000 00:00 0 
7f2415681000-7f241584f000 r--s 03bf3000 08:02 811700                     /usr/lib/jvm/java-8-openjdk/jre/lib/rt.jar
7f241584f000-7f24180a5000 rw-p 00000000 00:00 0 
7f24180a5000-7f24180a6000 ---p 00000000 00:00 0 
7f24180a6000-7f24181a6000 rw-p 00000000 00:00 0 
7f24181a6000-7f24181a7000 ---p 00000000 00:00 0 
7f24181a7000-7f24182bb000 rw-p 00000000 00:00 0 
7f24182bb000-7f24183e7000 ---p 00000000 00:00 0 
7f24183e7000-7f24183f7000 rw-p 00000000 00:00 0 
7f24183f7000-7f24187a7000 ---p 00000000 00:00 0 
7f24187a7000-7f2418b77000 rwxp 00000000 00:00 0 
7f2418b77000-7f24277a7000 ---p 00000000 00:00 0 
7f24277a7000-7f24277af000 r-xp 00000000 08:02 811730                     /usr/lib/jvm/java-8-openjdk/jre/lib/amd64/libzip.so
7f24277af000-7f24279ae000 ---p 00008000 08:02 811730                     /usr/lib/jvm/java-8-openjdk/jre/lib/amd64/libzip.so
7f24279ae000-7f24279af000 r--p 00007000 08:02 811730                     /usr/lib/jvm/java-8-openjdk/jre/lib/amd64/libzip.so
7f24279af000-7f24279b0000 rw-p 00008000 08:02 811730                     /usr/lib/jvm/java-8-openjdk/jre/lib/amd64/libzip.so
7f24279b0000-7f24279ba000 r-xp 00000000 08:02 658700                     /usr/lib/libnss_files-2.24.so
7f24279ba000-7f2427bba000 ---p 0000a000 08:02 658700                     /usr/lib/libnss_files-2.24.so
7f2427bba000-7f2427bbb000 r--p 0000a000 08:02 658700                     /usr/lib/libnss_files-2.24.so
7f2427bbb000-7f2427bbc000 rw-p 0000b000 08:02 658700                     /usr/lib/libnss_files-2.24.so
7f2427bbc000-7f2427bc2000 rw-p 00000000 00:00 0 
7f2427bc2000-7f2427bef000 r-xp 00000000 08:02 811725                     /usr/lib/jvm/java-8-openjdk/jre/lib/amd64/libjava.so
7f2427bef000-7f2427dee000 ---p 0002d000 08:02 811725                     /usr/lib/jvm/java-8-openjdk/jre/lib/amd64/libjava.so
7f2427dee000-7f2427def000 r--p 0002c000 08:02 811725                     /usr/lib/jvm/java-8-openjdk/jre/lib/amd64/libjava.so
7f2427def000-7f2427df1000 rw-p 0002d000 08:02 811725                     /usr/lib/jvm/java-8-openjdk/jre/lib/amd64/libjava.so
7f2427df1000-7f2427dfe000 r-xp 00000000 08:02 811726                     /usr/lib/jvm/java-8-openjdk/jre/lib/amd64/libverify.so
7f2427dfe000-7f2427ffd000 ---p 0000d000 08:02 811726                     /usr/lib/jvm/java-8-openjdk/jre/lib/amd64/libverify.so
7f2427ffd000-7f2427fff000 r--p 0000c000 08:02 811726                     /usr/lib/jvm/java-8-openjdk/jre/lib/amd64/libverify.so
7f2427fff000-7f2428000000 rw-p 0000e000 08:02 811726                     /usr/lib/jvm/java-8-openjdk/jre/lib/amd64/libverify.so
7f2428000000-7f24283b2000 rw-p 00000000 00:00 0 
7f24283b2000-7f242c000000 ---p 00000000 00:00 0 
7f242c00a000-7f242c01d000 r--s 00346000 08:02 811693                     /usr/lib/jvm/java-8-openjdk/jre/lib/resources.jar
7f242c01d000-7f242c031000 rw-p 00000000 00:00 0 
7f242c031000-7f242c15d000 ---p 00000000 00:00 0 
7f242c15d000-7f242c167000 rw-p 00000000 00:00 0 
7f242c167000-7f242c1fd000 ---p 00000000 00:00 0 
7f242c1fd000-7f242c1fe000 rw-p 00000000 00:00 0 
7f242c1fe000-7f242c205000 r-xp 00000000 08:02 658708                     /usr/lib/librt-2.24.so
7f242c205000-7f242c404000 ---p 00007000 08:02 658708                     /usr/lib/librt-2.24.so
7f242c404000-7f242c405000 r--p 00006000 08:02 658708                     /usr/lib/librt-2.24.so
7f242c405000-7f242c406000 rw-p 00007000 08:02 658708                     /usr/lib/librt-2.24.so
7f242c406000-7f242c509000 r-xp 00000000 08:02 658705                     /usr/lib/libm-2.24.so
7f242c509000-7f242c708000 ---p 00103000 08:02 658705                     /usr/lib/libm-2.24.so
7f242c708000-7f242c709000 r--p 00102000 08:02 658705                     /usr/lib/libm-2.24.so
7f242c709000-7f242c70a000 rw-p 00103000 08:02 658705                     /usr/lib/libm-2.24.so
7f242c70a000-7f242d335000 r-xp 00000000 08:02 811758                     /usr/lib/jvm/java-8-openjdk/jre/lib/amd64/server/libjvm.so
7f242d335000-7f242d534000 ---p 00c2b000 08:02 811758                     /usr/lib/jvm/java-8-openjdk/jre/lib/amd64/server/libjvm.so
7f242d534000-7f242d5c8000 r--p 00c2a000 08:02 811758                     /usr/lib/jvm/java-8-openjdk/jre/lib/amd64/server/libjvm.so
7f242d5c8000-7f242d5f1000 rw-p 00cbe000 08:02 811758                     /usr/lib/jvm/java-8-openjdk/jre/lib/amd64/server/libjvm.so
7f242d5f1000-7f242d621000 rw-p 00000000 00:00 0 
7f242d621000-7f242d7b6000 r-xp 00000000 08:02 658598                     /usr/lib/libc-2.24.so
7f242d7b6000-7f242d9b5000 ---p 00195000 08:02 658598                     /usr/lib/libc-2.24.so
7f242d9b5000-7f242d9b9000 r--p 00194000 08:02 658598                     /usr/lib/libc-2.24.so
7f242d9b9000-7f242d9bb000 rw-p 00198000 08:02 658598                     /usr/lib/libc-2.24.so
7f242d9bb000-7f242d9bf000 rw-p 00000000 00:00 0 
7f242d9bf000-7f242d9c1000 r-xp 00000000 08:02 658704                     /usr/lib/libdl-2.24.so
7f242d9c1000-7f242dbc1000 ---p 00002000 08:02 658704                     /usr/lib/libdl-2.24.so
7f242dbc1000-7f242dbc2000 r--p 00002000 08:02 658704                     /usr/lib/libdl-2.24.so
7f242dbc2000-7f242dbc3000 rw-p 00003000 08:02 658704                     /usr/lib/libdl-2.24.so
7f242dbc3000-7f242dbd0000 r-xp 00000000 08:02 811757                     /usr/lib/jvm/java-8-openjdk/jre/lib/amd64/jli/libjli.so
7f242dbd0000-7f242ddcf000 ---p 0000d000 08:02 811757                     /usr/lib/jvm/java-8-openjdk/jre/lib/amd64/jli/libjli.so
7f242ddcf000-7f242ddd0000 r--p 0000c000 08:02 811757                     /usr/lib/jvm/java-8-openjdk/jre/lib/amd64/jli/libjli.so
7f242ddd0000-7f242ddd1000 rw-p 0000d000 08:02 811757                     /usr/lib/jvm/java-8-openjdk/jre/lib/amd64/jli/libjli.so
7f242ddd1000-7f242dde6000 r-xp 00000000 08:02 666137                     /usr/lib/libz.so.1.2.8
7f242dde6000-7f242dfe5000 ---p 00015000 08:02 666137                     /usr/lib/libz.so.1.2.8
7f242dfe5000-7f242dfe6000 r--p 00014000 08:02 666137                     /usr/lib/libz.so.1.2.8
7f242dfe6000-7f242dfe7000 rw-p 00015000 08:02 666137                     /usr/lib/libz.so.1.2.8
7f242dfe7000-7f242dfff000 r-xp 00000000 08:02 658568                     /usr/lib/libpthread-2.24.so
7f242dfff000-7f242e1fe000 ---p 00018000 08:02 658568                     /usr/lib/libpthread-2.24.so
7f242e1fe000-7f242e1ff000 r--p 00017000 08:02 658568                     /usr/lib/libpthread-2.24.so
7f242e1ff000-7f242e200000 rw-p 00018000 08:02 658568                     /usr/lib/libpthread-2.24.so
7f242e200000-7f242e204000 rw-p 00000000 00:00 0 
7f242e204000-7f242e227000 r-xp 00000000 08:02 658597                     /usr/lib/ld-2.24.so
7f242e227000-7f242e243000 r--s 00393000 08:02 811762                     /usr/lib/jvm/java-8-openjdk/jre/lib/ext/cldrdata.jar
7f242e243000-7f242e24d000 r--s 00116000 08:02 811770                     /usr/lib/jvm/java-8-openjdk/jre/lib/ext/localedata.jar
7f242e24d000-7f242e24f000 r--s 00008000 08:02 811761                     /usr/lib/jvm/java-8-openjdk/jre/lib/ext/sunec.jar
7f242e24f000-7f242e2f7000 rw-p 00000000 00:00 0 
7f242e2f7000-7f242e2fa000 ---p 00000000 00:00 0 
7f242e2fa000-7f242e3fa000 rw-p 00000000 00:00 0 
7f242e3fb000-7f242e3ff000 r--s 00037000 08:02 811765                     /usr/lib/jvm/java-8-openjdk/jre/lib/ext/sunpkcs11.jar
7f242e3ff000-7f242e402000 r--s 00015000 08:02 811698                     /usr/lib/jvm/java-8-openjdk/jre/lib/jce.jar
7f242e402000-7f242e407000 r--s 00098000 08:02 811687                     /usr/lib/jvm/java-8-openjdk/jre/lib/jsse.jar
7f242e407000-7f242e41a000 rw-p 00000000 00:00 0 
7f242e41a000-7f242e422000 rw-s 00000000 00:25 2144191                    /tmp/hsperfdata_jake/28898
7f242e422000-7f242e423000 rw-p 00000000 00:00 0 
7f242e423000-7f242e424000 r--p 00000000 00:00 0 
7f242e424000-7f242e426000 rw-p 00000000 00:00 0 
7f242e426000-7f242e427000 r--p 00022000 08:02 658597                     /usr/lib/ld-2.24.so
7f242e427000-7f242e428000 rw-p 00023000 08:02 658597                     /usr/lib/ld-2.24.so
7f242e428000-7f242e429000 rw-p 00000000 00:00 0 
7ffd91503000-7ffd91524000 rw-p 00000000 00:00 0                          [stack]
7ffd915a1000-7ffd915a3000 r--p 00000000 00:00 0                          [vvar]
7ffd915a3000-7ffd915a5000 r-xp 00000000 00:00 0                          [vdso]
ffffffffff600000-ffffffffff601000 r-xp 00000000 00:00 0                  [vsyscall]

VM Arguments:
java_command: selenium-server-standalone-3.0.1.jar
java_class_path (initial): selenium-server-standalone-3.0.1.jar
Launcher Type: SUN_STANDARD

Environment Variables:
PATH=/home/jake/bin:/usr/local/bin:/usr/local/sbin:/usr/bin:/usr/local/bin
USERNAME=jake
SHELL=/bin/bash
DISPLAY=:0

Signal Handlers:
SIGSEGV: [libjvm.so+0xa2d580], sa_mask[0]=11111111011111111101111111111110, sa_flags=SA_RESTART|SA_SIGINFO
SIGBUS: [libjvm.so+0xa2d580], sa_mask[0]=11111111011111111101111111111110, sa_flags=SA_RESTART|SA_SIGINFO
SIGFPE: [libjvm.so+0x881ab0], sa_mask[0]=11111111011111111101111111111110, sa_flags=SA_RESTART|SA_SIGINFO
SIGPIPE: [libjvm.so+0x881ab0], sa_mask[0]=11111111011111111101111111111110, sa_flags=SA_RESTART|SA_SIGINFO
SIGXFSZ: [libjvm.so+0x881ab0], sa_mask[0]=11111111011111111101111111111110, sa_flags=SA_RESTART|SA_SIGINFO
SIGILL: [libjvm.so+0x881ab0], sa_mask[0]=11111111011111111101111111111110, sa_flags=SA_RESTART|SA_SIGINFO
SIGUSR1: SIG_DFL, sa_mask[0]=00000000000000000000000000000000, sa_flags=none
SIGUSR2: [libjvm.so+0x881980], sa_mask[0]=00000000000000000000000000000000, sa_flags=SA_RESTART|SA_SIGINFO
SIGHUP: [libjvm.so+0x881df0], sa_mask[0]=11111111011111111101111111111110, sa_flags=SA_RESTART|SA_SIGINFO
SIGINT: [libjvm.so+0x881df0], sa_mask[0]=11111111011111111101111111111110, sa_flags=SA_RESTART|SA_SIGINFO
SIGTERM: [libjvm.so+0x881df0], sa_mask[0]=11111111011111111101111111111110, sa_flags=SA_RESTART|SA_SIGINFO
SIGQUIT: [libjvm.so+0x881df0], sa_mask[0]=11111111011111111101111111111110, sa_flags=SA_RESTART|SA_SIGINFO


---------------  S Y S T E M  ---------------

OS:NAME="Arch Linux"
ID=arch
PRETTY_NAME="Arch Linux"
ANSI_COLOR="0;36"
HOME_URL="https://www.archlinux.org/"
SUPPORT_URL="https://bbs.archlinux.org/"
BUG_REPORT_URL="https://bugs.archlinux.org/"


uname:Linux 4.8.2-1-ARCH #1 SMP PREEMPT Mon Oct 17 08:11:46 CEST 2016 x86_64
libc:glibc 2.24 NPTL 2.24 
rlimit: STACK 8192k, CORE infinity, NPROC 15029, NOFILE 4096, AS infinity
load average:1.15 1.07 0.58

/proc/meminfo:
MemTotal:        3927292 kB
MemFree:          130744 kB
MemAvailable:     435564 kB
Buffers:           60140 kB
Cached:           743616 kB
SwapCached:        32336 kB
Active:          2664020 kB
Inactive:         849528 kB
Active(anon):    2427732 kB
Inactive(anon):   616000 kB
Active(file):     236288 kB
Inactive(file):   233528 kB
Unevictable:        3292 kB
Mlocked:            3292 kB
SwapTotal:       4194300 kB
SwapFree:        3729648 kB
Dirty:               396 kB
Writeback:             0 kB
AnonPages:       2697964 kB
Mapped:           483512 kB
Shmem:            333876 kB
Slab:             136624 kB
SReclaimable:      79760 kB
SUnreclaim:        56864 kB
KernelStack:       11664 kB
PageTables:        60296 kB
NFS_Unstable:          0 kB
Bounce:                0 kB
WritebackTmp:          0 kB
CommitLimit:     6157944 kB
Committed_AS:   10047364 kB
VmallocTotal:   34359738367 kB
VmallocUsed:           0 kB
VmallocChunk:          0 kB
HardwareCorrupted:     0 kB
AnonHugePages:   1292288 kB
ShmemHugePages:        0 kB
ShmemPmdMapped:        0 kB
HugePages_Total:       0
HugePages_Free:        0
HugePages_Rsvd:        0
HugePages_Surp:        0
Hugepagesize:       2048 kB
DirectMap4k:      413436 kB
DirectMap2M:     3657728 kB


CPU:total 2 (2 cores per cpu, 1 threads per core) family 6 model 58 stepping 9, cmov, cx8, fxsr, mmx, sse, sse2, sse3, ssse3, sse4.1, sse4.2, popcnt, clmul, erms, tsc, tscinvbit, tscinv

/proc/cpuinfo:
processor	: 0
vendor_id	: GenuineIntel
cpu family	: 6
model		: 58
model name	: Intel(R) Celeron(R) CPU 1005M @ 1.90GHz
stepping	: 9
microcode	: 0x15
cpu MHz		: 1799.920
cache size	: 2048 KB
physical id	: 0
siblings	: 2
core id		: 0
cpu cores	: 2
apicid		: 0
initial apicid	: 0
fpu		: yes
fpu_exception	: yes
cpuid level	: 13
wp		: yes
flags		: fpu vme de pse tsc msr pae mce cx8 apic sep mtrr pge mca cmov pat pse36 clflush dts acpi mmx fxsr sse sse2 ss ht tm pbe syscall nx rdtscp lm constant_tsc arch_perfmon pebs bts rep_good nopl xtopology nonstop_tsc aperfmperf eagerfpu pni pclmulqdq dtes64 monitor ds_cpl vmx est tm2 ssse3 cx16 xtpr pdcm pcid sse4_1 sse4_2 x2apic popcnt tsc_deadline_timer xsave lahf_lm epb tpr_shadow vnmi flexpriority ept vpid fsgsbase smep erms xsaveopt dtherm arat pln pts
bugs		:
bogomips	: 3792.12
clflush size	: 64
cache_alignment	: 64
address sizes	: 36 bits physical, 48 bits virtual
power management:

processor	: 1
vendor_id	: GenuineIntel
cpu family	: 6
model		: 58
model name	: Intel(R) Celeron(R) CPU 1005M @ 1.90GHz
stepping	: 9
microcode	: 0x15
cpu MHz		: 1795.977
cache size	: 2048 KB
physical id	: 0
siblings	: 2
core id		: 1
cpu cores	: 2
apicid		: 2
initial apicid	: 2
fpu		: yes
fpu_exception	: yes
cpuid level	: 13
wp		: yes
flags		: fpu vme de pse tsc msr pae mce cx8 apic sep mtrr pge mca cmov pat pse36 clflush dts acpi mmx fxsr sse sse2 ss ht tm pbe syscall nx rdtscp lm constant_tsc arch_perfmon pebs bts rep_good nopl xtopology nonstop_tsc aperfmperf eagerfpu pni pclmulqdq dtes64 monitor ds_cpl vmx est tm2 ssse3 cx16 xtpr pdcm pcid sse4_1 sse4_2 x2apic popcnt tsc_deadline_timer xsave lahf_lm epb tpr_shadow vnmi flexpriority ept vpid fsgsbase smep erms xsaveopt dtherm arat pln pts
bugs		:
bogomips	: 3793.30
clflush size	: 64
cache_alignment	: 64
address sizes	: 36 bits physical, 48 bits virtual
power management:



Memory: 4k page, physical 3927292k(130744k free), swap 4194300k(3729648k free)

vm_info: OpenJDK 64-Bit Server VM (25.112-b15) for linux-amd64 JRE (1.8.0_112-b15), built on Oct 23 2016 10:14:19 by "builduser" with gcc 6.2.1 20160830

time: Tue Oct 25 20:26:48 2016
elapsed time: 32 seconds (0d 0h 0m 32s)

