#
# A fatal error has been detected by the Java Runtime Environment:
#
#  SIGSEGV (0xb) at pc=0x00007f8fc0042cd9, pid=24989, tid=0x00007f8fc1481700
#
# JRE version: OpenJDK Runtime Environment (8.0_102-b14) (build 1.8.0_102-b14)
# Java VM: OpenJDK 64-Bit Server VM (25.102-b14 mixed mode linux-amd64 compressed oops)
# Problematic frame:
# C  [libawt_xawt.so+0x3fcd9]
#
# Core dump written. Default location: /home/jake/code/parcel-mapping/core or core.24989
#
# If you would like to submit a bug report, please visit:
#   http://bugreport.java.com/bugreport/crash.jsp
# The crash happened outside the Java Virtual Machine in native code.
# See problematic frame for where to report the bug.
#

---------------  T H R E A D  ---------------

Current thread (0x000000000277a800):  JavaThread "Session 364d1947-797d-494c-a3a8-6c49e815a9e6 processing inside browser" [_thread_in_native, id=25025, stack(0x00007f8fc1381000,0x00007f8fc1482000)]

siginfo: si_signo: 11 (SIGSEGV), si_code: 1 (SEGV_MAPERR), si_addr: 0x0000000000000068

Registers:
RAX=0x0000000000000000, RBX=0x0000000000000000, RCX=0x000000000000ffff, RDX=0x0000000000000000
RSP=0x00007f8fc147f9e0, RBP=0x00007f8fc147fac0, RSI=0x0000000000000000, RDI=0x0000000000000000
R8 =0x0000000000000300, R9 =0x0000020202020202, R10=0x00007f8fc147fa84, R11=0x0000000000000002
R12=0x0000000000000000, R13=0x0000000000000000, R14=0x00007f8f841d90e0, R15=0x00007f8f841d9090
RIP=0x00007f8fc0042cd9, EFLAGS=0x0000000000010246, CSGSFS=0x002b000000000033, ERR=0x0000000000000004
  TRAPNO=0x000000000000000e

Top of Stack: (sp=0x00007f8fc147f9e0)
0x00007f8fc147f9e0:   00007f8f841d8820 0300055600000000
0x00007f8fc147f9f0:   0000000000000556 00007f8fc147fa7c
0x00007f8fc147fa00:   00007f8fc147fa88 00007f8fc147fa84
0x00007f8fc147fa10:   00007f8fc147fa80 0000030000000002
0x00007f8fc147fa20:   00007f8f00000000 00007f8fc147fa70
0x00007f8fc147fa30:   00007f8f00000000 00007f8f84164130
0x00007f8fc147fa40:   00007f8f841d4b70 0000000000000000
0x00007f8fc147fa50:   0000030000000000 0000000000000000
0x00007f8fc147fa60:   02d1041a00000000 0000055600000000
0x00007f8fc147fa70:   0000000000000000 0000001000000000
0x00007f8fc147fa80:   0000000000000008 00007f8f841d9600
0x00007f8fc147fa90:   0000001800000000 0000000000000000
0x00007f8fc147faa0:   0000000000000556 0300055600000000
0x00007f8fc147fab0:   00007f8fc147fb40 0000000000000000
0x00007f8fc147fac0:   00007f8fc147fbb0 00007f8fc0043314
0x00007f8fc147fad0:   00007f8f841d95e0 00007f8fc00432cd
0x00007f8fc147fae0:   0000000000da0003 0000000000020000
0x00007f8fc147faf0:   0000000000000000 00007f8f84164130
0x00007f8fc147fb00:   00007f8f8416bf00 00007f8f00000300
0x00007f8fc147fb10:   00007f8fc147fc58 00007f8f84164130
0x00007f8fc147fb20:   00007f8fc147fc58 0000000000000270
0x00007f8fc147fb30:   00007f8fc147fb70 00007f8fc147fb6c
0x00007f8fc147fb40:   0000000000000000 00007f8fc00431a1
0x00007f8fc147fb50:   00007f8f00000005 0000000000ff0000
0x00007f8fc147fb60:   000000000000ff00 00000000000000ff
0x00007f8fc147fb70:   0000010000000008 0000000000000000
0x00007f8fc147fb80:   0000000000000000 0000000000000000
0x00007f8fc147fb90:   00007f8f84164130 0000000000000000
0x00007f8fc147fba0:   0000000000000270 000000000277a9e0
0x00007f8fc147fbb0:   00007f8fc147fca0 00007f8fc003ade0
0x00007f8fc147fbc0:   00000000000000f0 00007f8f841d4c10
0x00007f8fc147fbd0:   0000000000000000 0000000000000000 

Instructions: (pc=0x00007f8fc0042cd9)
0x00007f8fc0042cb9:   89 45 a8 0f 8e 94 00 00 00 8b 75 90 45 31 ed 01
0x00007f8fc0042cc9:   c6 89 75 a0 0f 1f 00 44 89 ee 8b 55 a8 48 89 df
0x00007f8fc0042cd9:   ff 53 68 4d 8b 4f 08 48 98 8b 4d bc 48 89 c2 48
0x00007f8fc0042ce9:   89 c7 48 8b 75 c8 49 23 51 18 49 23 79 20 49 23 

Register to memory mapping:

RAX=0x0000000000000000 is an unknown value
RBX=0x0000000000000000 is an unknown value
RCX=0x000000000000ffff is an unknown value
RDX=0x0000000000000000 is an unknown value
RSP=0x00007f8fc147f9e0 is pointing into the stack for thread: 0x000000000277a800
RBP=0x00007f8fc147fac0 is pointing into the stack for thread: 0x000000000277a800
RSI=0x0000000000000000 is an unknown value
RDI=0x0000000000000000 is an unknown value
R8 =0x0000000000000300 is an unknown value
R9 =0x0000020202020202 is an unknown value
R10=0x00007f8fc147fa84 is pointing into the stack for thread: 0x000000000277a800
R11=0x0000000000000002 is an unknown value
R12=0x0000000000000000 is an unknown value
R13=0x0000000000000000 is an unknown value
R14=0x00007f8f841d90e0 is an unknown value
R15=0x00007f8f841d9090 is an unknown value


Stack: [0x00007f8fc1381000,0x00007f8fc1482000],  sp=0x00007f8fc147f9e0,  free space=1018k
Native frames: (J=compiled Java code, j=interpreted, Vv=VM code, C=native code)
C  [libawt_xawt.so+0x3fcd9]
C  [libawt_xawt.so+0x40314]
C  [libawt_xawt.so+0x37de0]  Java_sun_awt_X11_XRobotPeer_getRGBPixelsImpl+0x120
j  sun.awt.X11.XRobotPeer.getRGBPixelsImpl(Lsun/awt/X11GraphicsConfig;IIII[I)V+0
j  sun.awt.X11.XRobotPeer.getRGBPixels(Ljava/awt/Rectangle;)[I+33
j  java.awt.Robot.createScreenCapture(Ljava/awt/Rectangle;)Ljava/awt/image/BufferedImage;+50
j  org.openqa.selenium.remote.server.SnapshotScreenListener.onException(Ljava/lang/Throwable;Lorg/openqa/selenium/WebDriver;)V+39
v  ~StubRoutines::call_stub
V  [libjvm.so+0x660fe3]
V  [libjvm.so+0x936a80]
V  [libjvm.so+0x93833b]
V  [libjvm.so+0x6a8929]  JVM_InvokeMethod+0x119
j  sun.reflect.NativeMethodAccessorImpl.invoke0(Ljava/lang/reflect/Method;Ljava/lang/Object;[Ljava/lang/Object;)Ljava/lang/Object;+0
j  sun.reflect.NativeMethodAccessorImpl.invoke(Ljava/lang/Object;[Ljava/lang/Object;)Ljava/lang/Object;+100
j  sun.reflect.DelegatingMethodAccessorImpl.invoke(Ljava/lang/Object;[Ljava/lang/Object;)Ljava/lang/Object;+6
j  java.lang.reflect.Method.invoke(Ljava/lang/Object;[Ljava/lang/Object;)Ljava/lang/Object;+56
j  org.openqa.selenium.support.events.EventFiringWebDriver$1.invoke(Ljava/lang/Object;Ljava/lang/reflect/Method;[Ljava/lang/Object;)Ljava/lang/Object;+33
j  com.sun.proxy.$Proxy0.onException(Ljava/lang/Throwable;Lorg/openqa/selenium/WebDriver;)V+20
j  org.openqa.selenium.support.events.EventFiringWebDriver$2.invoke(Ljava/lang/Object;Ljava/lang/reflect/Method;[Ljava/lang/Object;)Ljava/lang/Object;+45
j  com.sun.proxy.$Proxy1.get(Ljava/lang/String;)V+16
j  org.openqa.selenium.support.events.EventFiringWebDriver.get(Ljava/lang/String;)V+19
j  org.openqa.selenium.remote.server.handler.ChangeUrl.call()Ljava/lang/Void;+8
j  org.openqa.selenium.remote.server.handler.ChangeUrl.call()Ljava/lang/Object;+1
j  java.util.concurrent.FutureTask.run()V+42
j  org.openqa.selenium.remote.server.DefaultSession$1.run()V+51
j  java.util.concurrent.ThreadPoolExecutor.runWorker(Ljava/util/concurrent/ThreadPoolExecutor$Worker;)V+95
j  java.util.concurrent.ThreadPoolExecutor$Worker.run()V+5
j  java.lang.Thread.run()V+11
v  ~StubRoutines::call_stub
V  [libjvm.so+0x660fe3]
V  [libjvm.so+0x65e557]
V  [libjvm.so+0x65eb37]
V  [libjvm.so+0x69d984]
V  [libjvm.so+0xa09563]
V  [libjvm.so+0xa09945]
V  [libjvm.so+0x8b17d2]
C  [libpthread.so.0+0x7454]  start_thread+0xc4

Java frames: (J=compiled Java code, j=interpreted, Vv=VM code)
j  sun.awt.X11.XRobotPeer.getRGBPixelsImpl(Lsun/awt/X11GraphicsConfig;IIII[I)V+0
j  sun.awt.X11.XRobotPeer.getRGBPixels(Ljava/awt/Rectangle;)[I+33
j  java.awt.Robot.createScreenCapture(Ljava/awt/Rectangle;)Ljava/awt/image/BufferedImage;+50
j  org.openqa.selenium.remote.server.SnapshotScreenListener.onException(Ljava/lang/Throwable;Lorg/openqa/selenium/WebDriver;)V+39
v  ~StubRoutines::call_stub
j  sun.reflect.NativeMethodAccessorImpl.invoke0(Ljava/lang/reflect/Method;Ljava/lang/Object;[Ljava/lang/Object;)Ljava/lang/Object;+0
j  sun.reflect.NativeMethodAccessorImpl.invoke(Ljava/lang/Object;[Ljava/lang/Object;)Ljava/lang/Object;+100
j  sun.reflect.DelegatingMethodAccessorImpl.invoke(Ljava/lang/Object;[Ljava/lang/Object;)Ljava/lang/Object;+6
j  java.lang.reflect.Method.invoke(Ljava/lang/Object;[Ljava/lang/Object;)Ljava/lang/Object;+56
j  org.openqa.selenium.support.events.EventFiringWebDriver$1.invoke(Ljava/lang/Object;Ljava/lang/reflect/Method;[Ljava/lang/Object;)Ljava/lang/Object;+33
j  com.sun.proxy.$Proxy0.onException(Ljava/lang/Throwable;Lorg/openqa/selenium/WebDriver;)V+20
j  org.openqa.selenium.support.events.EventFiringWebDriver$2.invoke(Ljava/lang/Object;Ljava/lang/reflect/Method;[Ljava/lang/Object;)Ljava/lang/Object;+45
j  com.sun.proxy.$Proxy1.get(Ljava/lang/String;)V+16
j  org.openqa.selenium.support.events.EventFiringWebDriver.get(Ljava/lang/String;)V+19
j  org.openqa.selenium.remote.server.handler.ChangeUrl.call()Ljava/lang/Void;+8
j  org.openqa.selenium.remote.server.handler.ChangeUrl.call()Ljava/lang/Object;+1
j  java.util.concurrent.FutureTask.run()V+42
j  org.openqa.selenium.remote.server.DefaultSession$1.run()V+51
j  java.util.concurrent.ThreadPoolExecutor.runWorker(Ljava/util/concurrent/ThreadPoolExecutor$Worker;)V+95
j  java.util.concurrent.ThreadPoolExecutor$Worker.run()V+5
j  java.lang.Thread.run()V+11
v  ~StubRoutines::call_stub

---------------  P R O C E S S  ---------------

Java Threads: ( => current thread )
  0x00007f8f841d2800 JavaThread "AWT-XAWT" daemon [_thread_blocked, id=25108, stack(0x00007f8f8364f000,0x00007f8f83750000)]
  0x00007f8f841b5800 JavaThread "Java2D Disposer" daemon [_thread_blocked, id=25107, stack(0x00007f8fbbeff000,0x00007f8fbc000000)]
  0x00007f8f9000c000 JavaThread "Exec Stream Pumper" daemon [_thread_in_native, id=25032, stack(0x00007f8fc0729000,0x00007f8fc082a000)]
  0x00007f8f9000a800 JavaThread "Exec Stream Pumper" daemon [_thread_in_native, id=25030, stack(0x00007f8fc082a000,0x00007f8fc092b000)]
  0x00007f8f90008800 JavaThread "process reaper" daemon [_thread_in_native, id=25029, stack(0x00007f8fd8016000,0x00007f8fd804f000)]
  0x00007f8f8410a000 JavaThread "UrlChecker-2" daemon [_thread_blocked, id=25027, stack(0x00007f8fc092b000,0x00007f8fc0a2c000)]
  0x00007f8f84101800 JavaThread "Exec Default Executor" daemon [_thread_blocked, id=25026, stack(0x00007f8fc0a2c000,0x00007f8fc0b2d000)]
=>0x000000000277a800 JavaThread "Session 364d1947-797d-494c-a3a8-6c49e815a9e6 processing inside browser" [_thread_in_native, id=25025, stack(0x00007f8fc1381000,0x00007f8fc1482000)]
  0x000000000275c000 JavaThread "DriverServlet Session Cleaner" [_thread_blocked, id=25024, stack(0x00007f8fc1482000,0x00007f8fc1583000)]
  0x00007f8fd4008000 JavaThread "DestroyJavaVM" [_thread_blocked, id=24990, stack(0x00007f8fda17c000,0x00007f8fda27d000)]
  0x00007f8fd4435800 JavaThread "SocketListener0-1" [_thread_blocked, id=25005, stack(0x00007f8fc1583000,0x00007f8fc1684000)]
  0x00007f8fd4399000 JavaThread "SocketListener0-0" [_thread_blocked, id=25004, stack(0x00007f8fc1684000,0x00007f8fc1785000)]
  0x00007f8fd4397800 JavaThread "Acceptor ServerSocket[addr=0.0.0.0/0.0.0.0,localport=4444]" [_thread_in_native, id=25003, stack(0x00007f8fc1785000,0x00007f8fc1886000)]
  0x00007f8fd4393800 JavaThread "SessionScavenger" daemon [_thread_blocked, id=25002, stack(0x00007f8fc1886000,0x00007f8fc1987000)]
  0x00007f8fd435d000 JavaThread "Timer-0" daemon [_thread_blocked, id=25001, stack(0x00007f8fc1b98000,0x00007f8fc1c99000)]
  0x00007f8fd413f000 JavaThread "Service Thread" daemon [_thread_blocked, id=24999, stack(0x00007f8fc20fb000,0x00007f8fc21fc000)]
  0x00007f8fd413c800 JavaThread "C1 CompilerThread1" daemon [_thread_blocked, id=24998, stack(0x00007f8fc21fc000,0x00007f8fc22fd000)]
  0x00007f8fd4139800 JavaThread "C2 CompilerThread0" daemon [_thread_blocked, id=24997, stack(0x00007f8fc22fd000,0x00007f8fc23fe000)]
  0x00007f8fd4138000 JavaThread "Signal Dispatcher" daemon [_thread_blocked, id=24996, stack(0x00007f8fc23fe000,0x00007f8fc24ff000)]
  0x00007f8fd4104800 JavaThread "Finalizer" daemon [_thread_blocked, id=24995, stack(0x00007f8fc2697000,0x00007f8fc2798000)]
  0x00007f8fd4100000 JavaThread "Reference Handler" daemon [_thread_blocked, id=24994, stack(0x00007f8fc2798000,0x00007f8fc2899000)]

Other Threads:
  0x00007f8fd40f8800 VMThread [stack: 0x00007f8fc2899000,0x00007f8fc299a000] [id=24993]
  0x00007f8fd4141800 WatcherThread [stack: 0x00007f8fc1ffa000,0x00007f8fc20fb000] [id=25000]

VM state:not at safepoint (normal execution)

VM Mutex/Monitor currently owned by a thread: None

Heap:
 PSYoungGen      total 17920K, used 14889K [0x00000000ec000000, 0x00000000ee300000, 0x0000000100000000)
  eden space 15360K, 80% used [0x00000000ec000000,0x00000000ecc0e6b0,0x00000000ecf00000)
  from space 2560K, 99% used [0x00000000ed180000,0x00000000ed3fc040,0x00000000ed400000)
  to   space 2560K, 0% used [0x00000000ecf00000,0x00000000ecf00000,0x00000000ed180000)
 ParOldGen       total 40960K, used 4732K [0x00000000c4000000, 0x00000000c6800000, 0x00000000ec000000)
  object space 40960K, 11% used [0x00000000c4000000,0x00000000c449f2b8,0x00000000c6800000)
 Metaspace       used 15441K, capacity 15750K, committed 16128K, reserved 1062912K
  class space    used 1869K, capacity 1974K, committed 2048K, reserved 1048576K

Card table byte_map: [0x00007f8fc4209000,0x00007f8fc43ea000] byte_map_base: 0x00007f8fc3be9000

Marking Bits: (ParMarkBitMap*) 0x00007f8fd948a860
 Begin Bits: [0x00007f8fba0c7000, 0x00007f8fbafc7000)
 End Bits:   [0x00007f8fbafc7000, 0x00007f8fbbec7000)

Polling page: 0x00007f8fda2a8000

CodeCache: size=245760Kb used=3432Kb max_used=3432Kb free=242327Kb
 bounds [0x00007f8fc47aa000, 0x00007f8fc4b0a000, 0x00007f8fd37aa000]
 total_blobs=1429 nmethods=963 adapters=382
 compilation: enabled

Compilation events (10 events):
Event: 13.285 Thread 0x00007f8fd413c800  960       1       java.util.concurrent.locks.AbstractOwnableSynchronizer::getExclusiveOwnerThread (5 bytes)
Event: 13.286 Thread 0x00007f8fd413c800 nmethod 960 0x00007f8fc4b04590 code [0x00007f8fc4b046e0, 0x00007f8fc4b047f0]
Event: 13.287 Thread 0x00007f8fd413c800  961       3       java.lang.StringBuilder::append (8 bytes)
Event: 13.287 Thread 0x00007f8fd413c800 nmethod 961 0x00007f8fc4b04210 code [0x00007f8fc4b04380, 0x00007f8fc4b04508]
Event: 13.287 Thread 0x00007f8fd413c800  962       3       java.lang.invoke.MethodType::toMethodDescriptorString (21 bytes)
Event: 13.288 Thread 0x00007f8fd413c800 nmethod 962 0x00007f8fc4b02dd0 code [0x00007f8fc4b02fe0, 0x00007f8fc4b03ad8]
Event: 13.291 Thread 0x00007f8fd413c800  963       3       java.util.ArrayList$Itr::<init> (6 bytes)
Event: 13.291 Thread 0x00007f8fd413c800 nmethod 963 0x00007f8fc4b02710 code [0x00007f8fc4b02880, 0x00007f8fc4b02ab0]
Event: 13.291 Thread 0x00007f8fd413c800  964       3       java.util.ArrayList$Itr::<init> (26 bytes)
Event: 13.291 Thread 0x00007f8fd413c800 nmethod 964 0x00007f8fc4b02290 code [0x00007f8fc4b02400, 0x00007f8fc4b025d0]

GC Heap History (4 events):
Event: 11.767 GC heap before
{Heap before GC invocations=1 (full 0):
 PSYoungGen      total 17920K, used 15360K [0x00000000ec000000, 0x00000000ed400000, 0x0000000100000000)
  eden space 15360K, 100% used [0x00000000ec000000,0x00000000ecf00000,0x00000000ecf00000)
  from space 2560K, 0% used [0x00000000ed180000,0x00000000ed180000,0x00000000ed400000)
  to   space 2560K, 0% used [0x00000000ecf00000,0x00000000ecf00000,0x00000000ed180000)
 ParOldGen       total 40960K, used 0K [0x00000000c4000000, 0x00000000c6800000, 0x00000000ec000000)
  object space 40960K, 0% used [0x00000000c4000000,0x00000000c4000000,0x00000000c6800000)
 Metaspace       used 8589K, capacity 8694K, committed 8832K, reserved 1056768K
  class space    used 1032K, capacity 1041K, committed 1152K, reserved 1048576K
Event: 11.773 GC heap after
Heap after GC invocations=1 (full 0):
 PSYoungGen      total 17920K, used 2529K [0x00000000ec000000, 0x00000000ed400000, 0x0000000100000000)
  eden space 15360K, 0% used [0x00000000ec000000,0x00000000ec000000,0x00000000ecf00000)
  from space 2560K, 98% used [0x00000000ecf00000,0x00000000ed178658,0x00000000ed180000)
  to   space 2560K, 0% used [0x00000000ed180000,0x00000000ed180000,0x00000000ed400000)
 ParOldGen       total 40960K, used 1990K [0x00000000c4000000, 0x00000000c6800000, 0x00000000ec000000)
  object space 40960K, 4% used [0x00000000c4000000,0x00000000c41f1ab8,0x00000000c6800000)
 Metaspace       used 8589K, capacity 8694K, committed 8832K, reserved 1056768K
  class space    used 1032K, capacity 1041K, committed 1152K, reserved 1048576K
}
Event: 12.177 GC heap before
{Heap before GC invocations=2 (full 0):
 PSYoungGen      total 17920K, used 17889K [0x00000000ec000000, 0x00000000ed400000, 0x0000000100000000)
  eden space 15360K, 100% used [0x00000000ec000000,0x00000000ecf00000,0x00000000ecf00000)
  from space 2560K, 98% used [0x00000000ecf00000,0x00000000ed178658,0x00000000ed180000)
  to   space 2560K, 0% used [0x00000000ed180000,0x00000000ed180000,0x00000000ed400000)
 ParOldGen       total 40960K, used 1990K [0x00000000c4000000, 0x00000000c6800000, 0x00000000ec000000)
  object space 40960K, 4% used [0x00000000c4000000,0x00000000c41f1ab8,0x00000000c6800000)
 Metaspace       used 11834K, capacity 12072K, committed 12288K, reserved 1060864K
  class space    used 1420K, capacity 1477K, committed 1536K, reserved 1048576K
Event: 12.187 GC heap after
Heap after GC invocations=2 (full 0):
 PSYoungGen      total 17920K, used 2544K [0x00000000ec000000, 0x00000000ee300000, 0x0000000100000000)
  eden space 15360K, 0% used [0x00000000ec000000,0x00000000ec000000,0x00000000ecf00000)
  from space 2560K, 99% used [0x00000000ed180000,0x00000000ed3fc040,0x00000000ed400000)
  to   space 2560K, 0% used [0x00000000ecf00000,0x00000000ecf00000,0x00000000ed180000)
 ParOldGen       total 40960K, used 4732K [0x00000000c4000000, 0x00000000c6800000, 0x00000000ec000000)
  object space 40960K, 11% used [0x00000000c4000000,0x00000000c449f2b8,0x00000000c6800000)
 Metaspace       used 11834K, capacity 12072K, committed 12288K, reserved 1060864K
  class space    used 1420K, capacity 1477K, committed 1536K, reserved 1048576K
}

Deoptimization events (10 events):
Event: 11.982 Thread 0x000000000277a800 Uncommon trap: reason=unstable_if action=reinterpret pc=0x00007f8fc49d9528 method=java.lang.CharacterDataLatin1.digit(II)I @ 82
Event: 12.253 Thread 0x00007f8f8410a000 Uncommon trap: reason=unstable_if action=reinterpret pc=0x00007f8fc49cec9c method=java.lang.CharacterDataLatin1.digit(II)I @ 82
Event: 12.257 Thread 0x00007f8f8410a000 Uncommon trap: reason=predicate action=maybe_recompile pc=0x00007f8fc49be154 method=sun.net.www.ParseUtil.encodePath(Ljava/lang/String;Z)Ljava/lang/String; @ 36
Event: 12.260 Thread 0x00007f8f84101800 Uncommon trap: reason=unstable_if action=reinterpret pc=0x00007f8fc4aa0c50 method=java.util.Arrays.equals([B[B)Z @ 2
Event: 12.360 Thread 0x000000000277a800 Uncommon trap: reason=unstable_if action=reinterpret pc=0x00007f8fc4a9947c method=java.util.ArrayList$Itr.hasNext()Z @ 11
Event: 12.406 Thread 0x000000000277a800 Uncommon trap: reason=unstable_if action=reinterpret pc=0x00007f8fc4aa8324 method=java.util.concurrent.ConcurrentHashMap.putVal(Ljava/lang/Object;Ljava/lang/Object;Z)Ljava/lang/Object; @ 206
Event: 13.110 Thread 0x000000000277a800 Uncommon trap: reason=unstable_if action=reinterpret pc=0x00007f8fc4ac0b58 method=java.util.HashMap.getNode(ILjava/lang/Object;)Ljava/util/HashMap$Node; @ 62
Event: 13.111 Thread 0x000000000277a800 Uncommon trap: reason=unstable_if action=reinterpret pc=0x00007f8fc4a1dfdc method=java.util.HashMap.getNode(ILjava/lang/Object;)Ljava/util/HashMap$Node; @ 62
Event: 13.133 Thread 0x000000000277a800 Uncommon trap: reason=unstable_if action=reinterpret pc=0x00007f8fc4ad9bd8 method=java.util.HashMap.putVal(ILjava/lang/Object;Ljava/lang/Object;ZZ)Ljava/lang/Object; @ 94
Event: 13.197 Thread 0x00007f8fd4435800 Uncommon trap: reason=unstable_if action=reinterpret pc=0x00007f8fc4a99a60 method=java.io.ByteArrayInputStream.read([BII)I @ 63

Internal exceptions (10 events):
Event: 12.269 Thread 0x00007f8f8410a000 Exception <a 'java/net/ConnectException'> (0x00000000ec2b49b0) thrown at [/build/java8-openjdk/src/jdk8u-jdk8u102-b14/hotspot/src/share/vm/prims/jni.cpp, line 709]
Event: 12.290 Thread 0x00007f8f8410a000 Exception <a 'java/net/ConnectException'> (0x00000000ec2b5d50) thrown at [/build/java8-openjdk/src/jdk8u-jdk8u102-b14/hotspot/src/share/vm/prims/jni.cpp, line 709]
Event: 12.359 Thread 0x000000000277a800 Exception <a 'java/lang/ArrayIndexOutOfBoundsException': 18> (0x00000000ec3f2fe8) thrown at [/build/java8-openjdk/src/jdk8u-jdk8u102-b14/hotspot/src/share/vm/interpreter/interpreterRuntime.cpp, line 366]
Event: 12.360 Thread 0x000000000277a800 Exception <a 'java/lang/ArrayIndexOutOfBoundsException': 90> (0x00000000ec3f45e0) thrown at [/build/java8-openjdk/src/jdk8u-jdk8u102-b14/hotspot/src/share/vm/interpreter/interpreterRuntime.cpp, line 366]
Event: 12.361 Thread 0x000000000277a800 Exception <a 'java/lang/ArrayIndexOutOfBoundsException': 105> (0x00000000ec3f6390) thrown at [/build/java8-openjdk/src/jdk8u-jdk8u102-b14/hotspot/src/share/vm/interpreter/interpreterRuntime.cpp, line 366]
Event: 12.361 Thread 0x000000000277a800 Exception <a 'java/lang/ArrayIndexOutOfBoundsException'> (0x00000000ec3f75d0) thrown at [/build/java8-openjdk/src/jdk8u-jdk8u102-b14/hotspot/src/share/vm/runtime/sharedRuntime.cpp, line 605]
Event: 13.216 Thread 0x000000000277a800 Exception <a 'java/lang/reflect/InvocationTargetException'> (0x00000000ec6ea7d0) thrown at [/build/java8-openjdk/src/jdk8u-jdk8u102-b14/hotspot/src/share/vm/runtime/reflection.cpp, line 1092]
Event: 13.225 Thread 0x000000000277a800 Exception <a 'java/io/FileNotFoundException'> (0x00000000ec6f0830) thrown at [/build/java8-openjdk/src/jdk8u-jdk8u102-b14/hotspot/src/share/vm/prims/jni.cpp, line 709]
Event: 13.225 Thread 0x000000000277a800 Exception <a 'java/io/FileNotFoundException'> (0x00000000ec6f11a0) thrown at [/build/java8-openjdk/src/jdk8u-jdk8u102-b14/hotspot/src/share/vm/prims/jni.cpp, line 709]
Event: 13.240 Thread 0x000000000277a800 Exception <a 'java/lang/ClassNotFoundException': sun/dc/DuctusRenderingEngine> (0x00000000ec77a6f8) thrown at [/build/java8-openjdk/src/jdk8u-jdk8u102-b14/hotspot/src/share/vm/classfile/systemDictionary.cpp, line 210]

Events (10 events):
Event: 13.291 loading class sun/awt/AWTAccessor$InputEventAccessor done
Event: 13.291 loading class java/awt/event/InputEvent$1 done
Event: 13.291 loading class java/awt/Robot$RobotDisposer
Event: 13.291 loading class java/awt/Robot$RobotDisposer done
Event: 13.292 loading class sun/java2d/opengl/OGLRenderQueue
Event: 13.292 loading class sun/java2d/pipe/RenderQueue
Event: 13.292 loading class sun/java2d/pipe/RenderQueue done
Event: 13.292 loading class sun/java2d/opengl/OGLRenderQueue done
Event: 13.294 loading class sun/awt/X11/XErrorEvent
Event: 13.294 loading class sun/awt/X11/XErrorEvent done


Dynamic libraries:
00400000-00401000 r-xp 00000000 08:02 811793                             /usr/lib/jvm/java-8-openjdk/jre/bin/java
00600000-00601000 rw-p 00000000 08:02 811793                             /usr/lib/jvm/java-8-openjdk/jre/bin/java
025bc000-027bf000 rw-p 00000000 00:00 0                                  [heap]
c4000000-c6800000 rw-p 00000000 00:00 0 
c6800000-ec000000 ---p 00000000 00:00 0 
ec000000-ee300000 rw-p 00000000 00:00 0 
ee300000-100000000 ---p 00000000 00:00 0 
100000000-100200000 rw-p 00000000 00:00 0 
100200000-140000000 ---p 00000000 00:00 0 
7f8f8324e000-7f8f8364f000 rw-p 00000000 00:00 0 
7f8f8364f000-7f8f83652000 ---p 00000000 00:00 0 
7f8f83652000-7f8f83750000 rw-p 00000000 00:00 0 
7f8f83750000-7f8f83755000 r-xp 00000000 08:02 682176                     /usr/lib/libXfixes.so.3.1.0
7f8f83755000-7f8f83954000 ---p 00005000 08:02 682176                     /usr/lib/libXfixes.so.3.1.0
7f8f83954000-7f8f83955000 r--p 00004000 08:02 682176                     /usr/lib/libXfixes.so.3.1.0
7f8f83955000-7f8f83956000 rw-p 00005000 08:02 682176                     /usr/lib/libXfixes.so.3.1.0
7f8f83956000-7f8f83960000 r-xp 00000000 08:02 684950                     /usr/lib/libXcursor.so.1.0.2
7f8f83960000-7f8f83b5f000 ---p 0000a000 08:02 684950                     /usr/lib/libXcursor.so.1.0.2
7f8f83b5f000-7f8f83b60000 r--p 00009000 08:02 684950                     /usr/lib/libXcursor.so.1.0.2
7f8f83b60000-7f8f83b61000 rw-p 0000a000 08:02 684950                     /usr/lib/libXcursor.so.1.0.2
7f8f83b61000-7f8f83bd3000 r-xp 00000000 08:02 667147                     /usr/lib/libpcre.so.1.2.7
7f8f83bd3000-7f8f83dd2000 ---p 00072000 08:02 667147                     /usr/lib/libpcre.so.1.2.7
7f8f83dd2000-7f8f83dd3000 r--p 00071000 08:02 667147                     /usr/lib/libpcre.so.1.2.7
7f8f83dd3000-7f8f83dd4000 rw-p 00072000 08:02 667147                     /usr/lib/libpcre.so.1.2.7
7f8f83dd4000-7f8f83dfe000 r-xp 00000000 08:02 683385                     /usr/lib/libgraphite2.so.3.0.1
7f8f83dfe000-7f8f83ffd000 ---p 0002a000 08:02 683385                     /usr/lib/libgraphite2.so.3.0.1
7f8f83ffd000-7f8f83fff000 r--p 00029000 08:02 683385                     /usr/lib/libgraphite2.so.3.0.1
7f8f83fff000-7f8f84000000 rw-p 0002b000 08:02 683385                     /usr/lib/libgraphite2.so.3.0.1
7f8f84000000-7f8f841fb000 rw-p 00000000 00:00 0 
7f8f841fb000-7f8f88000000 ---p 00000000 00:00 0 
7f8f88000000-7f8f88021000 rw-p 00000000 00:00 0 
7f8f88021000-7f8f8c000000 ---p 00000000 00:00 0 
7f8f8c000000-7f8f8c021000 rw-p 00000000 00:00 0 
7f8f8c021000-7f8f90000000 ---p 00000000 00:00 0 
7f8f90000000-7f8f90021000 rw-p 00000000 00:00 0 
7f8f90021000-7f8f94000000 ---p 00000000 00:00 0 
7f8f94000000-7f8f94021000 rw-p 00000000 00:00 0 
7f8f94021000-7f8f98000000 ---p 00000000 00:00 0 
7f8f98000000-7f8f98021000 rw-p 00000000 00:00 0 
7f8f98021000-7f8f9c000000 ---p 00000000 00:00 0 
7f8f9c000000-7f8f9c1b7000 rw-p 00000000 00:00 0 
7f8f9c1b7000-7f8fa0000000 ---p 00000000 00:00 0 
7f8fa0000000-7f8fa01c5000 rw-p 00000000 00:00 0 
7f8fa01c5000-7f8fa4000000 ---p 00000000 00:00 0 
7f8fa4000000-7f8fa4021000 rw-p 00000000 00:00 0 
7f8fa4021000-7f8fa8000000 ---p 00000000 00:00 0 
7f8fa8000000-7f8fa8021000 rw-p 00000000 00:00 0 
7f8fa8021000-7f8fac000000 ---p 00000000 00:00 0 
7f8fac000000-7f8fac021000 rw-p 00000000 00:00 0 
7f8fac021000-7f8fb0000000 ---p 00000000 00:00 0 
7f8fb0000000-7f8fb0021000 rw-p 00000000 00:00 0 
7f8fb0021000-7f8fb4000000 ---p 00000000 00:00 0 
7f8fb4000000-7f8fb4021000 rw-p 00000000 00:00 0 
7f8fb4021000-7f8fb8000000 ---p 00000000 00:00 0 
7f8fb8047000-7f8fb8158000 r-xp 00000000 08:02 669060                     /usr/lib/libglib-2.0.so.0.5000.1
7f8fb8158000-7f8fb8357000 ---p 00111000 08:02 669060                     /usr/lib/libglib-2.0.so.0.5000.1
7f8fb8357000-7f8fb8358000 r--p 00110000 08:02 669060                     /usr/lib/libglib-2.0.so.0.5000.1
7f8fb8358000-7f8fb8359000 rw-p 00111000 08:02 669060                     /usr/lib/libglib-2.0.so.0.5000.1
7f8fb8359000-7f8fb835a000 rw-p 00000000 00:00 0 
7f8fb835a000-7f8fb83b7000 r-xp 00000000 08:02 683389                     /usr/lib/libharfbuzz.so.0.10302.0
7f8fb83b7000-7f8fb85b7000 ---p 0005d000 08:02 683389                     /usr/lib/libharfbuzz.so.0.10302.0
7f8fb85b7000-7f8fb85b8000 r--p 0005d000 08:02 683389                     /usr/lib/libharfbuzz.so.0.10302.0
7f8fb85b8000-7f8fb85b9000 rw-p 0005e000 08:02 683389                     /usr/lib/libharfbuzz.so.0.10302.0
7f8fb85b9000-7f8fb85ee000 r-xp 00000000 08:02 683371                     /usr/lib/libpng16.so.16.26.0
7f8fb85ee000-7f8fb87ed000 ---p 00035000 08:02 683371                     /usr/lib/libpng16.so.16.26.0
7f8fb87ed000-7f8fb87ee000 r--p 00034000 08:02 683371                     /usr/lib/libpng16.so.16.26.0
7f8fb87ee000-7f8fb87ef000 rw-p 00035000 08:02 683371                     /usr/lib/libpng16.so.16.26.0
7f8fb87ef000-7f8fb87fe000 r-xp 00000000 08:02 661732                     /usr/lib/libbz2.so.1.0.6
7f8fb87fe000-7f8fb89fd000 ---p 0000f000 08:02 661732                     /usr/lib/libbz2.so.1.0.6
7f8fb89fd000-7f8fb89ff000 rw-p 0000e000 08:02 661732                     /usr/lib/libbz2.so.1.0.6
7f8fb89ff000-7f8fb8ab5000 r-xp 00000000 08:02 694938                     /usr/lib/libfreetype.so.6.12.6
7f8fb8ab5000-7f8fb8cb5000 ---p 000b6000 08:02 694938                     /usr/lib/libfreetype.so.6.12.6
7f8fb8cb5000-7f8fb8cbb000 r--p 000b6000 08:02 694938                     /usr/lib/libfreetype.so.6.12.6
7f8fb8cbb000-7f8fb8cbc000 rw-p 000bc000 08:02 694938                     /usr/lib/libfreetype.so.6.12.6
7f8fb8cbc000-7f8fb8d1e000 r-xp 00000000 08:02 811779                     /usr/lib/jvm/java-8-openjdk/jre/lib/amd64/libfontmanager.so
7f8fb8d1e000-7f8fb8f1d000 ---p 00062000 08:02 811779                     /usr/lib/jvm/java-8-openjdk/jre/lib/amd64/libfontmanager.so
7f8fb8f1d000-7f8fb8f21000 rw-p 00061000 08:02 811779                     /usr/lib/jvm/java-8-openjdk/jre/lib/amd64/libfontmanager.so
7f8fb8f21000-7f8fb8f26000 r-xp 00000000 08:02 679810                     /usr/lib/libXdmcp.so.6.0.0
7f8fb8f26000-7f8fb9125000 ---p 00005000 08:02 679810                     /usr/lib/libXdmcp.so.6.0.0
7f8fb9125000-7f8fb9126000 r--p 00004000 08:02 679810                     /usr/lib/libXdmcp.so.6.0.0
7f8fb9126000-7f8fb9127000 rw-p 00005000 08:02 679810                     /usr/lib/libXdmcp.so.6.0.0
7f8fb9127000-7f8fb9129000 r-xp 00000000 08:02 679814                     /usr/lib/libXau.so.6.0.0
7f8fb9129000-7f8fb9329000 ---p 00002000 08:02 679814                     /usr/lib/libXau.so.6.0.0
7f8fb9329000-7f8fb932a000 r--p 00002000 08:02 679814                     /usr/lib/libXau.so.6.0.0
7f8fb932a000-7f8fb932b000 rw-p 00003000 08:02 679814                     /usr/lib/libXau.so.6.0.0
7f8fb932b000-7f8fb9353000 r-xp 00000000 08:02 679875                     /usr/lib/libxcb.so.1.1.0
7f8fb9353000-7f8fb9552000 ---p 00028000 08:02 679875                     /usr/lib/libxcb.so.1.1.0
7f8fb9552000-7f8fb9553000 r--p 00027000 08:02 679875                     /usr/lib/libxcb.so.1.1.0
7f8fb9553000-7f8fb9554000 rw-p 00028000 08:02 679875                     /usr/lib/libxcb.so.1.1.0
7f8fb9554000-7f8fb9563000 r-xp 00000000 08:02 684316                     /usr/lib/libXi.so.6.1.0
7f8fb9563000-7f8fb9763000 ---p 0000f000 08:02 684316                     /usr/lib/libXi.so.6.1.0
7f8fb9763000-7f8fb9764000 r--p 0000f000 08:02 684316                     /usr/lib/libXi.so.6.1.0
7f8fb9764000-7f8fb9765000 rw-p 00010000 08:02 684316                     /usr/lib/libXi.so.6.1.0
7f8fb9765000-7f8fb976a000 r-xp 00000000 08:02 684393                     /usr/lib/libXtst.so.6.1.0
7f8fb976a000-7f8fb9969000 ---p 00005000 08:02 684393                     /usr/lib/libXtst.so.6.1.0
7f8fb9969000-7f8fb996a000 r--p 00004000 08:02 684393                     /usr/lib/libXtst.so.6.1.0
7f8fb996a000-7f8fb996b000 rw-p 00005000 08:02 684393                     /usr/lib/libXtst.so.6.1.0
7f8fb996b000-7f8fb9974000 r-xp 00000000 08:02 666088                     /usr/lib/libXrender.so.1.3.0
7f8fb9974000-7f8fb9b74000 ---p 00009000 08:02 666088                     /usr/lib/libXrender.so.1.3.0
7f8fb9b74000-7f8fb9b75000 r--p 00009000 08:02 666088                     /usr/lib/libXrender.so.1.3.0
7f8fb9b75000-7f8fb9b76000 rw-p 0000a000 08:02 666088                     /usr/lib/libXrender.so.1.3.0
7f8fb9b76000-7f8fb9caf000 r-xp 00000000 08:02 683002                     /usr/lib/libX11.so.6.3.0
7f8fb9caf000-7f8fb9eaf000 ---p 00139000 08:02 683002                     /usr/lib/libX11.so.6.3.0
7f8fb9eaf000-7f8fb9eb0000 r--p 00139000 08:02 683002                     /usr/lib/libX11.so.6.3.0
7f8fb9eb0000-7f8fb9eb5000 rw-p 0013a000 08:02 683002                     /usr/lib/libX11.so.6.3.0
7f8fb9eb5000-7f8fb9ec6000 r-xp 00000000 08:02 683071                     /usr/lib/libXext.so.6.4.0
7f8fb9ec6000-7f8fba0c5000 ---p 00011000 08:02 683071                     /usr/lib/libXext.so.6.4.0
7f8fba0c5000-7f8fba0c6000 r--p 00010000 08:02 683071                     /usr/lib/libXext.so.6.4.0
7f8fba0c6000-7f8fba0c7000 rw-p 00011000 08:02 683071                     /usr/lib/libXext.so.6.4.0
7f8fba0c7000-7f8fbbec7000 rw-p 00000000 00:00 0 
7f8fbbeff000-7f8fbbf02000 ---p 00000000 00:00 0 
7f8fbbf02000-7f8fbc000000 rw-p 00000000 00:00 0 
7f8fbc000000-7f8fbc021000 rw-p 00000000 00:00 0 
7f8fbc021000-7f8fc0000000 ---p 00000000 00:00 0 
7f8fc0003000-7f8fc0056000 r-xp 00000000 08:02 811778                     /usr/lib/jvm/java-8-openjdk/jre/lib/amd64/libawt_xawt.so
7f8fc0056000-7f8fc0256000 ---p 00053000 08:02 811778                     /usr/lib/jvm/java-8-openjdk/jre/lib/amd64/libawt_xawt.so
7f8fc0256000-7f8fc0259000 rw-p 00053000 08:02 811778                     /usr/lib/jvm/java-8-openjdk/jre/lib/amd64/libawt_xawt.so
7f8fc0259000-7f8fc025a000 rw-p 00000000 00:00 0 
7f8fc025a000-7f8fc02fa000 r-xp 00000000 08:02 811772                     /usr/lib/jvm/java-8-openjdk/jre/lib/amd64/libawt.so
7f8fc02fa000-7f8fc04f9000 ---p 000a0000 08:02 811772                     /usr/lib/jvm/java-8-openjdk/jre/lib/amd64/libawt.so
7f8fc04f9000-7f8fc0505000 rw-p 0009f000 08:02 811772                     /usr/lib/jvm/java-8-openjdk/jre/lib/amd64/libawt.so
7f8fc0505000-7f8fc06e9000 rw-p 00000000 00:00 0 
7f8fc06e9000-7f8fc0729000 ---p 00000000 00:00 0 
7f8fc0729000-7f8fc072c000 ---p 00000000 00:00 0 
7f8fc072c000-7f8fc082a000 rw-p 00000000 00:00 0 
7f8fc082a000-7f8fc082d000 ---p 00000000 00:00 0 
7f8fc082d000-7f8fc092b000 rw-p 00000000 00:00 0 
7f8fc092b000-7f8fc092e000 ---p 00000000 00:00 0 
7f8fc092e000-7f8fc0a2c000 rw-p 00000000 00:00 0 
7f8fc0a2c000-7f8fc0a2f000 ---p 00000000 00:00 0 
7f8fc0a2f000-7f8fc0d2d000 rw-p 00000000 00:00 0 
7f8fc0d2d000-7f8fc0d43000 r-xp 00000000 08:02 658683                     /usr/lib/libgcc_s.so.1
7f8fc0d43000-7f8fc0f42000 ---p 00016000 08:02 658683                     /usr/lib/libgcc_s.so.1
7f8fc0f42000-7f8fc0f43000 r--p 00015000 08:02 658683                     /usr/lib/libgcc_s.so.1
7f8fc0f43000-7f8fc0f44000 rw-p 00016000 08:02 658683                     /usr/lib/libgcc_s.so.1
7f8fc0f44000-7f8fc0f7c000 r-xp 00000000 08:02 811758                     /usr/lib/jvm/java-8-openjdk/jre/lib/amd64/libsunec.so
7f8fc0f7c000-7f8fc117b000 ---p 00038000 08:02 811758                     /usr/lib/jvm/java-8-openjdk/jre/lib/amd64/libsunec.so
7f8fc117b000-7f8fc1181000 rw-p 00037000 08:02 811758                     /usr/lib/jvm/java-8-openjdk/jre/lib/amd64/libsunec.so
7f8fc1181000-7f8fc1381000 rw-p 00000000 00:00 0 
7f8fc1381000-7f8fc1384000 ---p 00000000 00:00 0 
7f8fc1384000-7f8fc1482000 rw-p 00000000 00:00 0 
7f8fc1482000-7f8fc1485000 ---p 00000000 00:00 0 
7f8fc1485000-7f8fc1583000 rw-p 00000000 00:00 0 
7f8fc1583000-7f8fc1586000 ---p 00000000 00:00 0 
7f8fc1586000-7f8fc1684000 rw-p 00000000 00:00 0 
7f8fc1684000-7f8fc1687000 ---p 00000000 00:00 0 
7f8fc1687000-7f8fc1785000 rw-p 00000000 00:00 0 
7f8fc1785000-7f8fc1788000 ---p 00000000 00:00 0 
7f8fc1788000-7f8fc1886000 rw-p 00000000 00:00 0 
7f8fc1886000-7f8fc1889000 ---p 00000000 00:00 0 
7f8fc1889000-7f8fc1987000 rw-p 00000000 00:00 0 
7f8fc1987000-7f8fc1998000 r-xp 00000000 08:02 811774                     /usr/lib/jvm/java-8-openjdk/jre/lib/amd64/libnio.so
7f8fc1998000-7f8fc1b97000 ---p 00011000 08:02 811774                     /usr/lib/jvm/java-8-openjdk/jre/lib/amd64/libnio.so
7f8fc1b97000-7f8fc1b98000 rw-p 00010000 08:02 811774                     /usr/lib/jvm/java-8-openjdk/jre/lib/amd64/libnio.so
7f8fc1b98000-7f8fc1b9b000 ---p 00000000 00:00 0 
7f8fc1b9b000-7f8fc1c99000 rw-p 00000000 00:00 0 
7f8fc1c99000-7f8fc1caf000 r-xp 00000000 08:02 811764                     /usr/lib/jvm/java-8-openjdk/jre/lib/amd64/libnet.so
7f8fc1caf000-7f8fc1eaf000 ---p 00016000 08:02 811764                     /usr/lib/jvm/java-8-openjdk/jre/lib/amd64/libnet.so
7f8fc1eaf000-7f8fc1eb0000 rw-p 00016000 08:02 811764                     /usr/lib/jvm/java-8-openjdk/jre/lib/amd64/libnet.so
7f8fc1eb0000-7f8fc1ffa000 r--s 012f6000 08:04 5378486                    /home/jake/code/parcel-mapping/selenium-server-standalone-2.53.1.jar
7f8fc1ffa000-7f8fc1ffb000 ---p 00000000 00:00 0 
7f8fc1ffb000-7f8fc20fb000 rw-p 00000000 00:00 0 
7f8fc20fb000-7f8fc20fe000 ---p 00000000 00:00 0 
7f8fc20fe000-7f8fc21fc000 rw-p 00000000 00:00 0 
7f8fc21fc000-7f8fc21ff000 ---p 00000000 00:00 0 
7f8fc21ff000-7f8fc22fd000 rw-p 00000000 00:00 0 
7f8fc22fd000-7f8fc2300000 ---p 00000000 00:00 0 
7f8fc2300000-7f8fc23fe000 rw-p 00000000 00:00 0 
7f8fc23fe000-7f8fc2401000 ---p 00000000 00:00 0 
7f8fc2401000-7f8fc24ff000 rw-p 00000000 00:00 0 
7f8fc24ff000-7f8fc2697000 r--p 00000000 08:02 709366                     /usr/lib/locale/locale-archive
7f8fc2697000-7f8fc269a000 ---p 00000000 00:00 0 
7f8fc269a000-7f8fc2798000 rw-p 00000000 00:00 0 
7f8fc2798000-7f8fc279b000 ---p 00000000 00:00 0 
7f8fc279b000-7f8fc2899000 rw-p 00000000 00:00 0 
7f8fc2899000-7f8fc289a000 ---p 00000000 00:00 0 
7f8fc289a000-7f8fc32a3000 rw-p 00000000 00:00 0 
7f8fc32a3000-7f8fc3471000 r--s 03bf0000 08:02 811701                     /usr/lib/jvm/java-8-openjdk/jre/lib/rt.jar
7f8fc3471000-7f8fc3ec7000 rw-p 00000000 00:00 0 
7f8fc3ec7000-7f8fc3ec8000 ---p 00000000 00:00 0 
7f8fc3ec8000-7f8fc3fc8000 rw-p 00000000 00:00 0 
7f8fc3fc8000-7f8fc3fc9000 ---p 00000000 00:00 0 
7f8fc3fc9000-7f8fc40dd000 rw-p 00000000 00:00 0 
7f8fc40dd000-7f8fc4209000 ---p 00000000 00:00 0 
7f8fc4209000-7f8fc421d000 rw-p 00000000 00:00 0 
7f8fc421d000-7f8fc4349000 ---p 00000000 00:00 0 
7f8fc4349000-7f8fc435b000 rw-p 00000000 00:00 0 
7f8fc435b000-7f8fc43e9000 ---p 00000000 00:00 0 
7f8fc43e9000-7f8fc43f8000 rw-p 00000000 00:00 0 
7f8fc43f8000-7f8fc47aa000 ---p 00000000 00:00 0 
7f8fc47aa000-7f8fc4b0a000 rwxp 00000000 00:00 0 
7f8fc4b0a000-7f8fd37aa000 ---p 00000000 00:00 0 
7f8fd37aa000-7f8fd37b2000 r-xp 00000000 08:02 811761                     /usr/lib/jvm/java-8-openjdk/jre/lib/amd64/libzip.so
7f8fd37b2000-7f8fd39b1000 ---p 00008000 08:02 811761                     /usr/lib/jvm/java-8-openjdk/jre/lib/amd64/libzip.so
7f8fd39b1000-7f8fd39b2000 rw-p 00007000 08:02 811761                     /usr/lib/jvm/java-8-openjdk/jre/lib/amd64/libzip.so
7f8fd39b2000-7f8fd39bc000 r-xp 00000000 08:02 658700                     /usr/lib/libnss_files-2.24.so
7f8fd39bc000-7f8fd3bbc000 ---p 0000a000 08:02 658700                     /usr/lib/libnss_files-2.24.so
7f8fd3bbc000-7f8fd3bbd000 r--p 0000a000 08:02 658700                     /usr/lib/libnss_files-2.24.so
7f8fd3bbd000-7f8fd3bbe000 rw-p 0000b000 08:02 658700                     /usr/lib/libnss_files-2.24.so
7f8fd3bbe000-7f8fd3bc4000 rw-p 00000000 00:00 0 
7f8fd3bc4000-7f8fd3bf0000 r-xp 00000000 08:02 811760                     /usr/lib/jvm/java-8-openjdk/jre/lib/amd64/libjava.so
7f8fd3bf0000-7f8fd3df0000 ---p 0002c000 08:02 811760                     /usr/lib/jvm/java-8-openjdk/jre/lib/amd64/libjava.so
7f8fd3df0000-7f8fd3df2000 rw-p 0002c000 08:02 811760                     /usr/lib/jvm/java-8-openjdk/jre/lib/amd64/libjava.so
7f8fd3df2000-7f8fd3dff000 r-xp 00000000 08:02 811752                     /usr/lib/jvm/java-8-openjdk/jre/lib/amd64/libverify.so
7f8fd3dff000-7f8fd3ffe000 ---p 0000d000 08:02 811752                     /usr/lib/jvm/java-8-openjdk/jre/lib/amd64/libverify.so
7f8fd3ffe000-7f8fd4000000 rw-p 0000c000 08:02 811752                     /usr/lib/jvm/java-8-openjdk/jre/lib/amd64/libverify.so
7f8fd4000000-7f8fd4438000 rw-p 00000000 00:00 0 
7f8fd4438000-7f8fd8000000 ---p 00000000 00:00 0 
7f8fd8003000-7f8fd8016000 r--s 00346000 08:02 811700                     /usr/lib/jvm/java-8-openjdk/jre/lib/resources.jar
7f8fd8016000-7f8fd8019000 ---p 00000000 00:00 0 
7f8fd8019000-7f8fd804f000 rw-p 00000000 00:00 0 
7f8fd804f000-7f8fd8056000 r-xp 00000000 08:02 658708                     /usr/lib/librt-2.24.so
7f8fd8056000-7f8fd8255000 ---p 00007000 08:02 658708                     /usr/lib/librt-2.24.so
7f8fd8255000-7f8fd8256000 r--p 00006000 08:02 658708                     /usr/lib/librt-2.24.so
7f8fd8256000-7f8fd8257000 rw-p 00007000 08:02 658708                     /usr/lib/librt-2.24.so
7f8fd8257000-7f8fd835a000 r-xp 00000000 08:02 658705                     /usr/lib/libm-2.24.so
7f8fd835a000-7f8fd8559000 ---p 00103000 08:02 658705                     /usr/lib/libm-2.24.so
7f8fd8559000-7f8fd855a000 r--p 00102000 08:02 658705                     /usr/lib/libm-2.24.so
7f8fd855a000-7f8fd855b000 rw-p 00103000 08:02 658705                     /usr/lib/libm-2.24.so
7f8fd855b000-7f8fd91bb000 r-xp 00000000 08:02 811784                     /usr/lib/jvm/java-8-openjdk/jre/lib/amd64/server/libjvm.so
7f8fd91bb000-7f8fd93bb000 ---p 00c60000 08:02 811784                     /usr/lib/jvm/java-8-openjdk/jre/lib/amd64/server/libjvm.so
7f8fd93bb000-7f8fd9477000 rw-p 00c60000 08:02 811784                     /usr/lib/jvm/java-8-openjdk/jre/lib/amd64/server/libjvm.so
7f8fd9477000-7f8fd94a7000 rw-p 00000000 00:00 0 
7f8fd94a7000-7f8fd963c000 r-xp 00000000 08:02 658598                     /usr/lib/libc-2.24.so
7f8fd963c000-7f8fd983b000 ---p 00195000 08:02 658598                     /usr/lib/libc-2.24.so
7f8fd983b000-7f8fd983f000 r--p 00194000 08:02 658598                     /usr/lib/libc-2.24.so
7f8fd983f000-7f8fd9841000 rw-p 00198000 08:02 658598                     /usr/lib/libc-2.24.so
7f8fd9841000-7f8fd9845000 rw-p 00000000 00:00 0 
7f8fd9845000-7f8fd9847000 r-xp 00000000 08:02 658704                     /usr/lib/libdl-2.24.so
7f8fd9847000-7f8fd9a47000 ---p 00002000 08:02 658704                     /usr/lib/libdl-2.24.so
7f8fd9a47000-7f8fd9a48000 r--p 00002000 08:02 658704                     /usr/lib/libdl-2.24.so
7f8fd9a48000-7f8fd9a49000 rw-p 00003000 08:02 658704                     /usr/lib/libdl-2.24.so
7f8fd9a49000-7f8fd9a56000 r-xp 00000000 08:02 811781                     /usr/lib/jvm/java-8-openjdk/jre/lib/amd64/jli/libjli.so
7f8fd9a56000-7f8fd9c55000 ---p 0000d000 08:02 811781                     /usr/lib/jvm/java-8-openjdk/jre/lib/amd64/jli/libjli.so
7f8fd9c55000-7f8fd9c56000 rw-p 0000c000 08:02 811781                     /usr/lib/jvm/java-8-openjdk/jre/lib/amd64/jli/libjli.so
7f8fd9c56000-7f8fd9c6b000 r-xp 00000000 08:02 666137                     /usr/lib/libz.so.1.2.8
7f8fd9c6b000-7f8fd9e6a000 ---p 00015000 08:02 666137                     /usr/lib/libz.so.1.2.8
7f8fd9e6a000-7f8fd9e6b000 r--p 00014000 08:02 666137                     /usr/lib/libz.so.1.2.8
7f8fd9e6b000-7f8fd9e6c000 rw-p 00015000 08:02 666137                     /usr/lib/libz.so.1.2.8
7f8fd9e6c000-7f8fd9e84000 r-xp 00000000 08:02 658568                     /usr/lib/libpthread-2.24.so
7f8fd9e84000-7f8fda083000 ---p 00018000 08:02 658568                     /usr/lib/libpthread-2.24.so
7f8fda083000-7f8fda084000 r--p 00017000 08:02 658568                     /usr/lib/libpthread-2.24.so
7f8fda084000-7f8fda085000 rw-p 00018000 08:02 658568                     /usr/lib/libpthread-2.24.so
7f8fda085000-7f8fda089000 rw-p 00000000 00:00 0 
7f8fda089000-7f8fda0ac000 r-xp 00000000 08:02 658597                     /usr/lib/ld-2.24.so
7f8fda0ae000-7f8fda0ca000 r--s 00393000 08:02 811720                     /usr/lib/jvm/java-8-openjdk/jre/lib/ext/cldrdata.jar
7f8fda0ca000-7f8fda0d4000 r--s 00116000 08:02 811719                     /usr/lib/jvm/java-8-openjdk/jre/lib/ext/localedata.jar
7f8fda0d4000-7f8fda17c000 rw-p 00000000 00:00 0 
7f8fda17c000-7f8fda17f000 ---p 00000000 00:00 0 
7f8fda17f000-7f8fda27f000 rw-p 00000000 00:00 0 
7f8fda280000-7f8fda281000 r--s 00008000 08:02 811713                     /usr/lib/jvm/java-8-openjdk/jre/lib/ext/sunec.jar
7f8fda281000-7f8fda285000 r--s 00037000 08:02 811718                     /usr/lib/jvm/java-8-openjdk/jre/lib/ext/sunpkcs11.jar
7f8fda285000-7f8fda288000 r--s 00015000 08:02 811695                     /usr/lib/jvm/java-8-openjdk/jre/lib/jce.jar
7f8fda288000-7f8fda28c000 r--s 00097000 08:02 811698                     /usr/lib/jvm/java-8-openjdk/jre/lib/jsse.jar
7f8fda28c000-7f8fda29f000 rw-p 00000000 00:00 0 
7f8fda29f000-7f8fda2a7000 rw-s 00000000 00:25 2083107                    /tmp/hsperfdata_jake/24989
7f8fda2a7000-7f8fda2a8000 rw-p 00000000 00:00 0 
7f8fda2a8000-7f8fda2a9000 r--p 00000000 00:00 0 
7f8fda2a9000-7f8fda2ab000 rw-p 00000000 00:00 0 
7f8fda2ab000-7f8fda2ac000 r--p 00022000 08:02 658597                     /usr/lib/ld-2.24.so
7f8fda2ac000-7f8fda2ad000 rw-p 00023000 08:02 658597                     /usr/lib/ld-2.24.so
7f8fda2ad000-7f8fda2ae000 rw-p 00000000 00:00 0 
7ffd8b104000-7ffd8b125000 rw-p 00000000 00:00 0                          [stack]
7ffd8b1f6000-7ffd8b1f8000 r--p 00000000 00:00 0                          [vvar]
7ffd8b1f8000-7ffd8b1fa000 r-xp 00000000 00:00 0                          [vdso]
ffffffffff600000-ffffffffff601000 r-xp 00000000 00:00 0                  [vsyscall]

VM Arguments:
java_command: selenium-server-standalone-2.53.1.jar
java_class_path (initial): selenium-server-standalone-2.53.1.jar
Launcher Type: SUN_STANDARD

Environment Variables:
PATH=/home/jake/bin:/usr/local/bin:/usr/local/sbin:/usr/bin:/usr/local/bin
USERNAME=jake
SHELL=/bin/bash
DISPLAY=:0

Signal Handlers:
SIGSEGV: [libjvm.so+0xa64890], sa_mask[0]=11111111011111111101111111111110, sa_flags=SA_RESTART|SA_SIGINFO
SIGBUS: [libjvm.so+0xa64890], sa_mask[0]=11111111011111111101111111111110, sa_flags=SA_RESTART|SA_SIGINFO
SIGFPE: [libjvm.so+0x8afab0], sa_mask[0]=11111111011111111101111111111110, sa_flags=SA_RESTART|SA_SIGINFO
SIGPIPE: [libjvm.so+0x8afab0], sa_mask[0]=11111111011111111101111111111110, sa_flags=SA_RESTART|SA_SIGINFO
SIGXFSZ: [libjvm.so+0x8afab0], sa_mask[0]=11111111011111111101111111111110, sa_flags=SA_RESTART|SA_SIGINFO
SIGILL: [libjvm.so+0x8afab0], sa_mask[0]=11111111011111111101111111111110, sa_flags=SA_RESTART|SA_SIGINFO
SIGUSR1: SIG_DFL, sa_mask[0]=00000000000000000000000000000000, sa_flags=none
SIGUSR2: [libjvm.so+0x8af960], sa_mask[0]=00000000000000000000000000000000, sa_flags=SA_RESTART|SA_SIGINFO
SIGHUP: [libjvm.so+0x8afe10], sa_mask[0]=11111111011111111101111111111110, sa_flags=SA_RESTART|SA_SIGINFO
SIGINT: [libjvm.so+0x8afe10], sa_mask[0]=11111111011111111101111111111110, sa_flags=SA_RESTART|SA_SIGINFO
SIGTERM: [libjvm.so+0x8afe10], sa_mask[0]=11111111011111111101111111111110, sa_flags=SA_RESTART|SA_SIGINFO
SIGQUIT: [libjvm.so+0x8afe10], sa_mask[0]=11111111011111111101111111111110, sa_flags=SA_RESTART|SA_SIGINFO


---------------  S Y S T E M  ---------------

OS:NAME="Arch Linux"
ID=arch
PRETTY_NAME="Arch Linux"
ANSI_COLOR="0;36"
HOME_URL="https://www.archlinux.org/"
SUPPORT_URL="https://bbs.archlinux.org/"
BUG_REPORT_URL="https://bugs.archlinux.org/"


uname:Linux 4.8.2-1-ARCH #1 SMP PREEMPT Mon Oct 17 08:11:46 CEST 2016 x86_64
libc:glibc 2.24 NPTL 2.24 
rlimit: STACK 8192k, CORE infinity, NPROC 15029, NOFILE 4096, AS infinity
load average:1.21 0.48 0.37

/proc/meminfo:
MemTotal:        3927292 kB
MemFree:          105984 kB
MemAvailable:     637800 kB
Buffers:          209220 kB
Cached:           799712 kB
SwapCached:        33932 kB
Active:          2661148 kB
Inactive:         836820 kB
Active(anon):    2256560 kB
Inactive(anon):   565232 kB
Active(file):     404588 kB
Inactive(file):   271588 kB
Unevictable:        3292 kB
Mlocked:            3292 kB
SwapTotal:       4194300 kB
SwapFree:        3780720 kB
Dirty:               560 kB
Writeback:             0 kB
AnonPages:       2479032 kB
Mapped:           456968 kB
Shmem:            332760 kB
Slab:             177372 kB
SReclaimable:     121028 kB
SUnreclaim:        56344 kB
KernelStack:       11328 kB
PageTables:        58336 kB
NFS_Unstable:          0 kB
Bounce:                0 kB
WritebackTmp:          0 kB
CommitLimit:     6157944 kB
Committed_AS:    9633764 kB
VmallocTotal:   34359738367 kB
VmallocUsed:           0 kB
VmallocChunk:          0 kB
HardwareCorrupted:     0 kB
AnonHugePages:   1183744 kB
ShmemHugePages:        0 kB
ShmemPmdMapped:        0 kB
HugePages_Total:       0
HugePages_Free:        0
HugePages_Rsvd:        0
HugePages_Surp:        0
Hugepagesize:       2048 kB
DirectMap4k:      409340 kB
DirectMap2M:     3661824 kB


CPU:total 2 (2 cores per cpu, 1 threads per core) family 6 model 58 stepping 9, cmov, cx8, fxsr, mmx, sse, sse2, sse3, ssse3, sse4.1, sse4.2, popcnt, clmul, erms, tsc, tscinvbit, tscinv

/proc/cpuinfo:
processor	: 0
vendor_id	: GenuineIntel
cpu family	: 6
model		: 58
model name	: Intel(R) Celeron(R) CPU 1005M @ 1.90GHz
stepping	: 9
microcode	: 0x15
cpu MHz		: 1900.000
cache size	: 2048 KB
physical id	: 0
siblings	: 2
core id		: 0
cpu cores	: 2
apicid		: 0
initial apicid	: 0
fpu		: yes
fpu_exception	: yes
cpuid level	: 13
wp		: yes
flags		: fpu vme de pse tsc msr pae mce cx8 apic sep mtrr pge mca cmov pat pse36 clflush dts acpi mmx fxsr sse sse2 ss ht tm pbe syscall nx rdtscp lm constant_tsc arch_perfmon pebs bts rep_good nopl xtopology nonstop_tsc aperfmperf eagerfpu pni pclmulqdq dtes64 monitor ds_cpl vmx est tm2 ssse3 cx16 xtpr pdcm pcid sse4_1 sse4_2 x2apic popcnt tsc_deadline_timer xsave lahf_lm epb tpr_shadow vnmi flexpriority ept vpid fsgsbase smep erms xsaveopt dtherm arat pln pts
bugs		:
bogomips	: 3792.12
clflush size	: 64
cache_alignment	: 64
address sizes	: 36 bits physical, 48 bits virtual
power management:

processor	: 1
vendor_id	: GenuineIntel
cpu family	: 6
model		: 58
model name	: Intel(R) Celeron(R) CPU 1005M @ 1.90GHz
stepping	: 9
microcode	: 0x15
cpu MHz		: 1900.000
cache size	: 2048 KB
physical id	: 0
siblings	: 2
core id		: 1
cpu cores	: 2
apicid		: 2
initial apicid	: 2
fpu		: yes
fpu_exception	: yes
cpuid level	: 13
wp		: yes
flags		: fpu vme de pse tsc msr pae mce cx8 apic sep mtrr pge mca cmov pat pse36 clflush dts acpi mmx fxsr sse sse2 ss ht tm pbe syscall nx rdtscp lm constant_tsc arch_perfmon pebs bts rep_good nopl xtopology nonstop_tsc aperfmperf eagerfpu pni pclmulqdq dtes64 monitor ds_cpl vmx est tm2 ssse3 cx16 xtpr pdcm pcid sse4_1 sse4_2 x2apic popcnt tsc_deadline_timer xsave lahf_lm epb tpr_shadow vnmi flexpriority ept vpid fsgsbase smep erms xsaveopt dtherm arat pln pts
bugs		:
bogomips	: 3793.30
clflush size	: 64
cache_alignment	: 64
address sizes	: 36 bits physical, 48 bits virtual
power management:



Memory: 4k page, physical 3927292k(105984k free), swap 4194300k(3780720k free)

vm_info: OpenJDK 64-Bit Server VM (25.102-b14) for linux-amd64 JRE (1.8.0_102-b14), built on Jul 27 2016 07:46:42 by "builduser" with gcc 6.1.1 20160707

time: Tue Oct 25 18:46:03 2016
elapsed time: 13 seconds (0d 0h 0m 13s)

