#
# A fatal error has been detected by the Java Runtime Environment:
#
#  SIGSEGV (0xb) at pc=0x00007efd12b17cd9, pid=22398, tid=0x00007efd15672700
#
# JRE version: OpenJDK Runtime Environment (8.0_102-b14) (build 1.8.0_102-b14)
# Java VM: OpenJDK 64-Bit Server VM (25.102-b14 mixed mode linux-amd64 compressed oops)
# Problematic frame:
# C  [libawt_xawt.so+0x3fcd9]
#
# Core dump written. Default location: /home/jake/code/parcel-mapping/core or core.22398
#
# If you would like to submit a bug report, please visit:
#   http://bugreport.java.com/bugreport/crash.jsp
# The crash happened outside the Java Virtual Machine in native code.
# See problematic frame for where to report the bug.
#

---------------  T H R E A D  ---------------

Current thread (0x0000000001bdf800):  JavaThread "Session 14393fd7-a903-4ac5-93f2-a8769628deff processing inside browser" [_thread_in_native, id=24575, stack(0x00007efd15572000,0x00007efd15673000)]

siginfo: si_signo: 11 (SIGSEGV), si_code: 1 (SEGV_MAPERR), si_addr: 0x0000000000000068

Registers:
RAX=0x0000000000000000, RBX=0x0000000000000000, RCX=0x000000000000ffff, RDX=0x0000000000000000
RSP=0x00007efd156709e0, RBP=0x00007efd15670ac0, RSI=0x0000000000000000, RDI=0x0000000000000000
R8 =0x0000000000000300, R9 =0x0000020202020202, R10=0x00007efd15670a84, R11=0x0000000000000002
R12=0x0000000000000000, R13=0x0000000000000000, R14=0x00007efcf009ad00, R15=0x00007efcf009acb0
RIP=0x00007efd12b17cd9, EFLAGS=0x0000000000010246, CSGSFS=0x002b000000000033, ERR=0x0000000000000004
  TRAPNO=0x000000000000000e

Top of Stack: (sp=0x00007efd156709e0)
0x00007efd156709e0:   00007efcf009a3d0 0300055600000000
0x00007efd156709f0:   0000000000000556 00007efd15670a7c
0x00007efd15670a00:   00007efd15670a88 00007efd15670a84
0x00007efd15670a10:   00007efd15670a80 0000030000000002
0x00007efd15670a20:   00007efd00000000 00007efd15670a70
0x00007efd15670a30:   00007efc00000000 00007efcf0022870
0x00007efd15670a40:   00007efcf009ab80 0000000000000000
0x00007efd15670a50:   0000030000000000 0000000000000000
0x00007efd15670a60:   02d1041a00000000 0000055600000000
0x00007efd15670a70:   0000000000000000 0000001000000000
0x00007efd15670a80:   0000000000000008 00007efcf009b1f0
0x00007efd15670a90:   0000001800000000 0000000000000000
0x00007efd15670aa0:   0000000000000556 0300055600000000
0x00007efd15670ab0:   00007efd15670b40 0000000000000000
0x00007efd15670ac0:   00007efd15670bb0 00007efd12b18314
0x00007efd15670ad0:   00007efcf009b160 00007efd12b182cd
0x00007efd15670ae0:   0000000000da0003 0000000000020000
0x00007efd15670af0:   0000000000000000 00007efcf0022870
0x00007efd15670b00:   00007efcf0018740 00007efc00000300
0x00007efd15670b10:   00007efd15670c58 00007efcf0022870
0x00007efd15670b20:   00007efd15670c58 0000000000000270
0x00007efd15670b30:   00007efd15670b70 00007efd15670b6c
0x00007efd15670b40:   0000000000000000 00007efd12b181a1
0x00007efd15670b50:   00007efd00000005 0000000000ff0000
0x00007efd15670b60:   000000000000ff00 00000000000000ff
0x00007efd15670b70:   0000010000000008 0000000000000000
0x00007efd15670b80:   0000000000000000 0000000000000000
0x00007efd15670b90:   00007efcf0022870 0000000000000000
0x00007efd15670ba0:   0000000000000270 0000000001bdf9e0
0x00007efd15670bb0:   00007efd15670ca0 00007efd12b0fde0
0x00007efd15670bc0:   00000000000000f0 00007efcf00967c0
0x00007efd15670bd0:   0000000000000000 0000000000000000 

Instructions: (pc=0x00007efd12b17cd9)
0x00007efd12b17cb9:   89 45 a8 0f 8e 94 00 00 00 8b 75 90 45 31 ed 01
0x00007efd12b17cc9:   c6 89 75 a0 0f 1f 00 44 89 ee 8b 55 a8 48 89 df
0x00007efd12b17cd9:   ff 53 68 4d 8b 4f 08 48 98 8b 4d bc 48 89 c2 48
0x00007efd12b17ce9:   89 c7 48 8b 75 c8 49 23 51 18 49 23 79 20 49 23 

Register to memory mapping:

RAX=0x0000000000000000 is an unknown value
RBX=0x0000000000000000 is an unknown value
RCX=0x000000000000ffff is an unknown value
RDX=0x0000000000000000 is an unknown value
RSP=0x00007efd156709e0 is pointing into the stack for thread: 0x0000000001bdf800
RBP=0x00007efd15670ac0 is pointing into the stack for thread: 0x0000000001bdf800
RSI=0x0000000000000000 is an unknown value
RDI=0x0000000000000000 is an unknown value
R8 =0x0000000000000300 is an unknown value
R9 =0x0000020202020202 is an unknown value
R10=0x00007efd15670a84 is pointing into the stack for thread: 0x0000000001bdf800
R11=0x0000000000000002 is an unknown value
R12=0x0000000000000000 is an unknown value
R13=0x0000000000000000 is an unknown value
R14=0x00007efcf009ad00 is an unknown value
R15=0x00007efcf009acb0 is an unknown value


Stack: [0x00007efd15572000,0x00007efd15673000],  sp=0x00007efd156709e0,  free space=1018k
Native frames: (J=compiled Java code, j=interpreted, Vv=VM code, C=native code)
C  [libawt_xawt.so+0x3fcd9]
C  [libawt_xawt.so+0x40314]
C  [libawt_xawt.so+0x37de0]  Java_sun_awt_X11_XRobotPeer_getRGBPixelsImpl+0x120
j  sun.awt.X11.XRobotPeer.getRGBPixelsImpl(Lsun/awt/X11GraphicsConfig;IIII[I)V+0
j  sun.awt.X11.XRobotPeer.getRGBPixels(Ljava/awt/Rectangle;)[I+33
j  java.awt.Robot.createScreenCapture(Ljava/awt/Rectangle;)Ljava/awt/image/BufferedImage;+50
j  org.openqa.selenium.remote.server.SnapshotScreenListener.onException(Ljava/lang/Throwable;Lorg/openqa/selenium/WebDriver;)V+39
v  ~StubRoutines::call_stub
V  [libjvm.so+0x660fe3]
V  [libjvm.so+0x936a80]
V  [libjvm.so+0x93833b]
V  [libjvm.so+0x6a8929]  JVM_InvokeMethod+0x119
j  sun.reflect.NativeMethodAccessorImpl.invoke0(Ljava/lang/reflect/Method;Ljava/lang/Object;[Ljava/lang/Object;)Ljava/lang/Object;+0
j  sun.reflect.NativeMethodAccessorImpl.invoke(Ljava/lang/Object;[Ljava/lang/Object;)Ljava/lang/Object;+100
j  sun.reflect.DelegatingMethodAccessorImpl.invoke(Ljava/lang/Object;[Ljava/lang/Object;)Ljava/lang/Object;+6
j  java.lang.reflect.Method.invoke(Ljava/lang/Object;[Ljava/lang/Object;)Ljava/lang/Object;+56
j  org.openqa.selenium.support.events.EventFiringWebDriver$1.invoke(Ljava/lang/Object;Ljava/lang/reflect/Method;[Ljava/lang/Object;)Ljava/lang/Object;+33
j  com.sun.proxy.$Proxy0.onException(Ljava/lang/Throwable;Lorg/openqa/selenium/WebDriver;)V+20
j  org.openqa.selenium.support.events.EventFiringWebDriver$2.invoke(Ljava/lang/Object;Ljava/lang/reflect/Method;[Ljava/lang/Object;)Ljava/lang/Object;+45
j  com.sun.proxy.$Proxy1.get(Ljava/lang/String;)V+16
j  org.openqa.selenium.support.events.EventFiringWebDriver.get(Ljava/lang/String;)V+19
j  org.openqa.selenium.remote.server.handler.ChangeUrl.call()Ljava/lang/Void;+8
j  org.openqa.selenium.remote.server.handler.ChangeUrl.call()Ljava/lang/Object;+1
j  java.util.concurrent.FutureTask.run()V+42
j  org.openqa.selenium.remote.server.DefaultSession$1.run()V+51
j  java.util.concurrent.ThreadPoolExecutor.runWorker(Ljava/util/concurrent/ThreadPoolExecutor$Worker;)V+95
j  java.util.concurrent.ThreadPoolExecutor$Worker.run()V+5
j  java.lang.Thread.run()V+11
v  ~StubRoutines::call_stub
V  [libjvm.so+0x660fe3]
V  [libjvm.so+0x65e557]
V  [libjvm.so+0x65eb37]
V  [libjvm.so+0x69d984]
V  [libjvm.so+0xa09563]
V  [libjvm.so+0xa09945]
V  [libjvm.so+0x8b17d2]
C  [libpthread.so.0+0x7454]  start_thread+0xc4

Java frames: (J=compiled Java code, j=interpreted, Vv=VM code)
j  sun.awt.X11.XRobotPeer.getRGBPixelsImpl(Lsun/awt/X11GraphicsConfig;IIII[I)V+0
j  sun.awt.X11.XRobotPeer.getRGBPixels(Ljava/awt/Rectangle;)[I+33
j  java.awt.Robot.createScreenCapture(Ljava/awt/Rectangle;)Ljava/awt/image/BufferedImage;+50
j  org.openqa.selenium.remote.server.SnapshotScreenListener.onException(Ljava/lang/Throwable;Lorg/openqa/selenium/WebDriver;)V+39
v  ~StubRoutines::call_stub
j  sun.reflect.NativeMethodAccessorImpl.invoke0(Ljava/lang/reflect/Method;Ljava/lang/Object;[Ljava/lang/Object;)Ljava/lang/Object;+0
j  sun.reflect.NativeMethodAccessorImpl.invoke(Ljava/lang/Object;[Ljava/lang/Object;)Ljava/lang/Object;+100
j  sun.reflect.DelegatingMethodAccessorImpl.invoke(Ljava/lang/Object;[Ljava/lang/Object;)Ljava/lang/Object;+6
j  java.lang.reflect.Method.invoke(Ljava/lang/Object;[Ljava/lang/Object;)Ljava/lang/Object;+56
j  org.openqa.selenium.support.events.EventFiringWebDriver$1.invoke(Ljava/lang/Object;Ljava/lang/reflect/Method;[Ljava/lang/Object;)Ljava/lang/Object;+33
j  com.sun.proxy.$Proxy0.onException(Ljava/lang/Throwable;Lorg/openqa/selenium/WebDriver;)V+20
j  org.openqa.selenium.support.events.EventFiringWebDriver$2.invoke(Ljava/lang/Object;Ljava/lang/reflect/Method;[Ljava/lang/Object;)Ljava/lang/Object;+45
j  com.sun.proxy.$Proxy1.get(Ljava/lang/String;)V+16
j  org.openqa.selenium.support.events.EventFiringWebDriver.get(Ljava/lang/String;)V+19
j  org.openqa.selenium.remote.server.handler.ChangeUrl.call()Ljava/lang/Void;+8
j  org.openqa.selenium.remote.server.handler.ChangeUrl.call()Ljava/lang/Object;+1
j  java.util.concurrent.FutureTask.run()V+42
j  org.openqa.selenium.remote.server.DefaultSession$1.run()V+51
j  java.util.concurrent.ThreadPoolExecutor.runWorker(Ljava/util/concurrent/ThreadPoolExecutor$Worker;)V+95
j  java.util.concurrent.ThreadPoolExecutor$Worker.run()V+5
j  java.lang.Thread.run()V+11
v  ~StubRoutines::call_stub

---------------  P R O C E S S  ---------------

Java Threads: ( => current thread )
  0x00007efcf0092000 JavaThread "AWT-XAWT" daemon [_thread_blocked, id=24656, stack(0x00007efcdbeff000,0x00007efcdc000000)]
  0x00007efcf0073000 JavaThread "Java2D Disposer" daemon [_thread_blocked, id=24655, stack(0x00007efd104b8000,0x00007efd105b9000)]
  0x00007efcec005000 JavaThread "Exec Stream Pumper" daemon [_thread_in_native, id=24582, stack(0x00007efd12ffe000,0x00007efd130ff000)]
  0x00007efcec003800 JavaThread "Exec Stream Pumper" daemon [_thread_in_native, id=24581, stack(0x00007efd130ff000,0x00007efd13200000)]
  0x00007efcec001800 JavaThread "process reaper" daemon [_thread_in_native, id=24579, stack(0x00007efd150fc000,0x00007efd15135000)]
  0x00007efcf0003800 JavaThread "UrlChecker-6" daemon [_thread_blocked, id=24577, stack(0x00007efd15135000,0x00007efd15236000)]
  0x00007efcf0002000 JavaThread "Exec Default Executor" daemon [_thread_blocked, id=24576, stack(0x00007efd15236000,0x00007efd15337000)]
=>0x0000000001bdf800 JavaThread "Session 14393fd7-a903-4ac5-93f2-a8769628deff processing inside browser" [_thread_in_native, id=24575, stack(0x00007efd15572000,0x00007efd15673000)]
  0x0000000001bc2800 JavaThread "Exec Stream Pumper" daemon [_thread_in_native, id=24448, stack(0x00007efd15337000,0x00007efd15438000)]
  0x0000000001bc1000 JavaThread "Exec Stream Pumper" daemon [_thread_in_native, id=24447, stack(0x00007efd15438000,0x00007efd15539000)]
  0x0000000001bbf000 JavaThread "process reaper" daemon [_thread_in_native, id=24446, stack(0x00007efd15539000,0x00007efd15572000)]
  0x00007efd2c35b000 JavaThread "Exec Default Executor" daemon [_thread_blocked, id=24443, stack(0x00007efd15673000,0x00007efd15774000)]
  0x0000000001bbe000 JavaThread "Session e98484da-345d-4a75-90c5-18009d0d27e9 awaiting client" [_thread_blocked, id=24442, stack(0x00007efd15cb0000,0x00007efd15db1000)]
  0x00007efcfc003800 JavaThread "Exec Stream Pumper" daemon [_thread_in_native, id=24282, stack(0x00007efd15974000,0x00007efd15a75000)]
  0x00007efcfc002000 JavaThread "Exec Stream Pumper" daemon [_thread_in_native, id=24281, stack(0x00007efd15a75000,0x00007efd15b76000)]
  0x00007efcfc001000 JavaThread "process reaper" daemon [_thread_in_native, id=24280, stack(0x00007efd15b76000,0x00007efd15baf000)]
  0x00007efd00001800 JavaThread "Exec Default Executor" daemon [_thread_blocked, id=24277, stack(0x00007efd16605000,0x00007efd16706000)]
  0x0000000001bbd800 JavaThread "Session 1b9aacd6-2719-4700-b7c4-b3b920561a13 awaiting client" [_thread_blocked, id=24276, stack(0x00007efd15baf000,0x00007efd15cb0000)]
  0x0000000001c18000 JavaThread "DriverServlet Session Cleaner" [_thread_blocked, id=22510, stack(0x00007efd16706000,0x00007efd16807000)]
  0x00007efd2c008000 JavaThread "DestroyJavaVM" [_thread_blocked, id=22399, stack(0x00007efd33415000,0x00007efd33516000)]
  0x00007efd2c377800 JavaThread "SocketListener0-1" [_thread_blocked, id=22414, stack(0x00007efd16807000,0x00007efd16908000)]
  0x00007efd2c373000 JavaThread "SocketListener0-0" [_thread_blocked, id=22413, stack(0x00007efd16908000,0x00007efd16a09000)]
  0x00007efd2c371000 JavaThread "Acceptor ServerSocket[addr=0.0.0.0/0.0.0.0,localport=4444]" [_thread_in_native, id=22412, stack(0x00007efd16a09000,0x00007efd16b0a000)]
  0x00007efd2c36d800 JavaThread "SessionScavenger" daemon [_thread_blocked, id=22411, stack(0x00007efd16b0a000,0x00007efd16c0b000)]
  0x00007efd2c345800 JavaThread "Timer-0" daemon [_thread_blocked, id=22410, stack(0x00007efd16e1c000,0x00007efd16f1d000)]
  0x00007efd2c151000 JavaThread "Service Thread" daemon [_thread_blocked, id=22408, stack(0x00007efd1737f000,0x00007efd17480000)]
  0x00007efd2c13c800 JavaThread "C1 CompilerThread1" daemon [_thread_blocked, id=22407, stack(0x00007efd17480000,0x00007efd17581000)]
  0x00007efd2c139800 JavaThread "C2 CompilerThread0" daemon [_thread_blocked, id=22406, stack(0x00007efd17581000,0x00007efd17682000)]
  0x00007efd2c138000 JavaThread "Signal Dispatcher" daemon [_thread_blocked, id=22405, stack(0x00007efd17682000,0x00007efd17783000)]
  0x00007efd2c104800 JavaThread "Finalizer" daemon [_thread_blocked, id=22404, stack(0x00007efd1791b000,0x00007efd17a1c000)]
  0x00007efd2c100000 JavaThread "Reference Handler" daemon [_thread_blocked, id=22403, stack(0x00007efd17a1c000,0x00007efd17b1d000)]

Other Threads:
  0x00007efd2c0f8800 VMThread [stack: 0x00007efd17b1d000,0x00007efd17c1e000] [id=22402]
  0x00007efd2c154000 WatcherThread [stack: 0x00007efd1727e000,0x00007efd1737f000] [id=22409]

VM state:not at safepoint (normal execution)

VM Mutex/Monitor currently owned by a thread: None

Heap:
 PSYoungGen      total 17920K, used 6705K [0x00000000ec000000, 0x00000000ed400000, 0x0000000100000000)
  eden space 15360K, 27% used [0x00000000ec000000,0x00000000ec410540,0x00000000ecf00000)
  from space 2560K, 99% used [0x00000000ecf00000,0x00000000ed17c050,0x00000000ed180000)
  to   space 2560K, 0% used [0x00000000ed180000,0x00000000ed180000,0x00000000ed400000)
 ParOldGen       total 40960K, used 7024K [0x00000000c4000000, 0x00000000c6800000, 0x00000000ec000000)
  object space 40960K, 17% used [0x00000000c4000000,0x00000000c46dc290,0x00000000c6800000)
 Metaspace       used 15586K, capacity 15814K, committed 16128K, reserved 1062912K
  class space    used 1876K, capacity 1974K, committed 2048K, reserved 1048576K

Card table byte_map: [0x00007efd304f1000,0x00007efd306d2000] byte_map_base: 0x00007efd2fed1000

Marking Bits: (ParMarkBitMap*) 0x00007efd32723860
 Begin Bits: [0x00007efd13200000, 0x00007efd14100000)
 End Bits:   [0x00007efd14100000, 0x00007efd15000000)

Polling page: 0x00007efd33541000

CodeCache: size=245760Kb used=3809Kb max_used=3820Kb free=241950Kb
 bounds [0x00007efd1d000000, 0x00007efd1d3c0000, 0x00007efd2c000000]
 total_blobs=1591 nmethods=1125 adapters=382
 compilation: enabled

Compilation events (10 events):
Event: 6797.313 Thread 0x00007efd2c13c800 1136       1       java.util.concurrent.locks.AbstractOwnableSynchronizer::getExclusiveOwnerThread (5 bytes)
Event: 6797.314 Thread 0x00007efd2c13c800 nmethod 1136 0x00007efd1d3b9cd0 code [0x00007efd1d3b9e20, 0x00007efd1d3b9f30]
Event: 6797.314 Thread 0x00007efd2c139800 1137       4       java.util.HashMap::getNode (148 bytes)
Event: 6797.318 Thread 0x00007efd2c139800 nmethod 1137 0x00007efd1d3b7e10 code [0x00007efd1d3b7f80, 0x00007efd1d3b81d8]
Event: 6797.318 Thread 0x00007efd2c13c800 1139       3       java.lang.invoke.MethodType::toMethodDescriptorString (21 bytes)
Event: 6797.319 Thread 0x00007efd2c13c800 nmethod 1139 0x00007efd1d3b83d0 code [0x00007efd1d3b85e0, 0x00007efd1d3b90d8]
Event: 6797.319 Thread 0x00007efd2c139800 1138       4       java.util.HashMap::get (23 bytes)
Event: 6797.324 Thread 0x00007efd2c139800 nmethod 1138 0x00007efd1d3b76d0 code [0x00007efd1d3b7840, 0x00007efd1d3b7b38]
Event: 6797.371 Thread 0x00007efd2c13c800 1140       3       java.util.concurrent.locks.AbstractQueuedSynchronizer::setState (6 bytes)
Event: 6797.371 Thread 0x00007efd2c13c800 nmethod 1140 0x00007efd1d3bd850 code [0x00007efd1d3bd9a0, 0x00007efd1d3bdaf0]

GC Heap History (6 events):
Event: 610.348 GC heap before
{Heap before GC invocations=1 (full 0):
 PSYoungGen      total 17920K, used 15360K [0x00000000ec000000, 0x00000000ed400000, 0x0000000100000000)
  eden space 15360K, 100% used [0x00000000ec000000,0x00000000ecf00000,0x00000000ecf00000)
  from space 2560K, 0% used [0x00000000ed180000,0x00000000ed180000,0x00000000ed400000)
  to   space 2560K, 0% used [0x00000000ecf00000,0x00000000ecf00000,0x00000000ed180000)
 ParOldGen       total 40960K, used 0K [0x00000000c4000000, 0x00000000c6800000, 0x00000000ec000000)
  object space 40960K, 0% used [0x00000000c4000000,0x00000000c4000000,0x00000000c6800000)
 Metaspace       used 8588K, capacity 8694K, committed 8832K, reserved 1056768K
  class space    used 1032K, capacity 1041K, committed 1152K, reserved 1048576K
Event: 610.354 GC heap after
Heap after GC invocations=1 (full 0):
 PSYoungGen      total 17920K, used 2557K [0x00000000ec000000, 0x00000000ed400000, 0x0000000100000000)
  eden space 15360K, 0% used [0x00000000ec000000,0x00000000ec000000,0x00000000ecf00000)
  from space 2560K, 99% used [0x00000000ecf00000,0x00000000ed17f518,0x00000000ed180000)
  to   space 2560K, 0% used [0x00000000ed180000,0x00000000ed180000,0x00000000ed400000)
 ParOldGen       total 40960K, used 2030K [0x00000000c4000000, 0x00000000c6800000, 0x00000000ec000000)
  object space 40960K, 4% used [0x00000000c4000000,0x00000000c41fb908,0x00000000c6800000)
 Metaspace       used 8588K, capacity 8694K, committed 8832K, reserved 1056768K
  class space    used 1032K, capacity 1041K, committed 1152K, reserved 1048576K
}
Event: 611.406 GC heap before
{Heap before GC invocations=2 (full 0):
 PSYoungGen      total 17920K, used 17917K [0x00000000ec000000, 0x00000000ed400000, 0x0000000100000000)
  eden space 15360K, 100% used [0x00000000ec000000,0x00000000ecf00000,0x00000000ecf00000)
  from space 2560K, 99% used [0x00000000ecf00000,0x00000000ed17f518,0x00000000ed180000)
  to   space 2560K, 0% used [0x00000000ed180000,0x00000000ed180000,0x00000000ed400000)
 ParOldGen       total 40960K, used 2030K [0x00000000c4000000, 0x00000000c6800000, 0x00000000ec000000)
  object space 40960K, 4% used [0x00000000c4000000,0x00000000c41fb908,0x00000000c6800000)
 Metaspace       used 11854K, capacity 12008K, committed 12288K, reserved 1060864K
  class space    used 1421K, capacity 1477K, committed 1536K, reserved 1048576K
Event: 611.415 GC heap after
Heap after GC invocations=2 (full 0):
 PSYoungGen      total 17920K, used 2528K [0x00000000ec000000, 0x00000000ed400000, 0x0000000100000000)
  eden space 15360K, 0% used [0x00000000ec000000,0x00000000ec000000,0x00000000ecf00000)
  from space 2560K, 98% used [0x00000000ed180000,0x00000000ed3f8030,0x00000000ed400000)
  to   space 2560K, 0% used [0x00000000ecf00000,0x00000000ecf00000,0x00000000ed180000)
 ParOldGen       total 40960K, used 4780K [0x00000000c4000000, 0x00000000c6800000, 0x00000000ec000000)
  object space 40960K, 11% used [0x00000000c4000000,0x00000000c44ab128,0x00000000c6800000)
 Metaspace       used 11854K, capacity 12008K, committed 12288K, reserved 1060864K
  class space    used 1421K, capacity 1477K, committed 1536K, reserved 1048576K
}
Event: 6797.382 GC heap before
{Heap before GC invocations=3 (full 0):
 PSYoungGen      total 17920K, used 14412K [0x00000000ec000000, 0x00000000ed400000, 0x0000000100000000)
  eden space 15360K, 77% used [0x00000000ec000000,0x00000000ecb9b2f8,0x00000000ecf00000)
  from space 2560K, 98% used [0x00000000ed180000,0x00000000ed3f8030,0x00000000ed400000)
  to   space 2560K, 0% used [0x00000000ecf00000,0x00000000ecf00000,0x00000000ed180000)
 ParOldGen       total 40960K, used 4780K [0x00000000c4000000, 0x00000000c6800000, 0x00000000ec000000)
  object space 40960K, 11% used [0x00000000c4000000,0x00000000c44ab128,0x00000000c6800000)
 Metaspace       used 15578K, capacity 15814K, committed 16128K, reserved 1062912K
  class space    used 1875K, capacity 1974K, committed 2048K, reserved 1048576K
Event: 6797.389 GC heap after
Heap after GC invocations=3 (full 0):
 PSYoungGen      total 17920K, used 2544K [0x00000000ec000000, 0x00000000ed400000, 0x0000000100000000)
  eden space 15360K, 0% used [0x00000000ec000000,0x00000000ec000000,0x00000000ecf00000)
  from space 2560K, 99% used [0x00000000ecf00000,0x00000000ed17c050,0x00000000ed180000)
  to   space 2560K, 0% used [0x00000000ed180000,0x00000000ed180000,0x00000000ed400000)
 ParOldGen       total 40960K, used 7024K [0x00000000c4000000, 0x00000000c6800000, 0x00000000ec000000)
  object space 40960K, 17% used [0x00000000c4000000,0x00000000c46dc290,0x00000000c6800000)
 Metaspace       used 15578K, capacity 15814K, committed 16128K, reserved 1062912K
  class space    used 1875K, capacity 1974K, committed 2048K, reserved 1048576K
}

Deoptimization events (10 events):
Event: 611.792 Thread 0x00007efcdc107000 Uncommon trap: reason=unstable_if action=reinterpret pc=0x00007efd1d231d9c method=java.lang.CharacterDataLatin1.digit(II)I @ 82
Event: 611.793 Thread 0x00007efcdc107000 Uncommon trap: reason=predicate action=maybe_recompile pc=0x00007efd1d21ed54 method=sun.net.www.ParseUtil.encodePath(Ljava/lang/String;Z)Ljava/lang/String; @ 36
Event: 611.876 Thread 0x0000000001c36000 Uncommon trap: reason=unstable_if action=reinterpret pc=0x00007efd1d30aa7c method=java.util.ArrayList$Itr.hasNext()Z @ 11
Event: 611.934 Thread 0x0000000001c36000 Uncommon trap: reason=unstable_if action=reinterpret pc=0x00007efd1d321e24 method=java.util.concurrent.ConcurrentHashMap.putVal(Ljava/lang/Object;Ljava/lang/Object;Z)Ljava/lang/Object; @ 206
Event: 613.047 Thread 0x0000000001c36000 Uncommon trap: reason=unstable_if action=reinterpret pc=0x00007efd1d2c6f98 method=java.util.HashMap.getNode(ILjava/lang/Object;)Ljava/util/HashMap$Node; @ 62
Event: 613.048 Thread 0x0000000001c36000 Uncommon trap: reason=unstable_if action=reinterpret pc=0x00007efd1d27cd5c method=java.util.HashMap.getNode(ILjava/lang/Object;)Ljava/util/HashMap$Node; @ 62
Event: 613.069 Thread 0x0000000001c36000 Uncommon trap: reason=unstable_if action=reinterpret pc=0x00007efd1d34a298 method=java.util.HashMap.putVal(ILjava/lang/Object;Ljava/lang/Object;ZZ)Ljava/lang/Object; @ 94
Event: 2590.416 Thread 0x0000000001c18000 Uncommon trap: reason=unstable_if action=reinterpret pc=0x00007efd1d306954 method=java.util.concurrent.ConcurrentHashMap.addCount(JI)V @ 121
Event: 6347.811 Thread 0x00007efd2c377800 Uncommon trap: reason=unstable_if action=reinterpret pc=0x00007efd1d2e3160 method=java.io.ByteArrayInputStream.read([BII)I @ 63
Event: 6797.117 Thread 0x0000000001bdf800 Uncommon trap: reason=unstable_if action=reinterpret pc=0x00007efd1d309de0 method=java.io.BufferedReader.readLine(Z)Ljava/lang/String; @ 55

Internal exceptions (10 events):
Event: 6467.853 Thread 0x00007efd2c371000 Exception <a 'java/net/SocketTimeoutException': Accept timed out> (0x00000000ec72a378) thrown at [/build/java8-openjdk/src/jdk8u-jdk8u102-b14/hotspot/src/share/vm/prims/jni.cpp, line 735]
Event: 6527.912 Thread 0x00007efd2c371000 Exception <a 'java/net/SocketTimeoutException': Accept timed out> (0x00000000ec72a710) thrown at [/build/java8-openjdk/src/jdk8u-jdk8u102-b14/hotspot/src/share/vm/prims/jni.cpp, line 735]
Event: 6578.993 Thread 0x00007efd2c220800 Exception <a 'java/net/ConnectException'> (0x00000000ec97d978) thrown at [/build/java8-openjdk/src/jdk8u-jdk8u102-b14/hotspot/src/share/vm/prims/jni.cpp, line 709]
Event: 6639.031 Thread 0x00007efd2c371000 Exception <a 'java/net/SocketTimeoutException': Accept timed out> (0x00000000ec72ac40) thrown at [/build/java8-openjdk/src/jdk8u-jdk8u102-b14/hotspot/src/share/vm/prims/jni.cpp, line 735]
Event: 6699.063 Thread 0x00007efd2c371000 Exception <a 'java/net/SocketTimeoutException': Accept timed out> (0x00000000ec72afd8) thrown at [/build/java8-openjdk/src/jdk8u-jdk8u102-b14/hotspot/src/share/vm/prims/jni.cpp, line 735]
Event: 6759.123 Thread 0x00007efd2c371000 Exception <a 'java/net/SocketTimeoutException': Accept timed out> (0x00000000ec72b370) thrown at [/build/java8-openjdk/src/jdk8u-jdk8u102-b14/hotspot/src/share/vm/prims/jni.cpp, line 735]
Event: 6796.851 Thread 0x0000000001bdf800 Exception <a 'java/lang/reflect/InvocationTargetException'> (0x00000000ecaea350) thrown at [/build/java8-openjdk/src/jdk8u-jdk8u102-b14/hotspot/src/share/vm/runtime/reflection.cpp, line 1092]
Event: 6796.942 Thread 0x0000000001bdf800 Exception <a 'java/io/FileNotFoundException'> (0x00000000ecaf03c0) thrown at [/build/java8-openjdk/src/jdk8u-jdk8u102-b14/hotspot/src/share/vm/prims/jni.cpp, line 709]
Event: 6796.942 Thread 0x0000000001bdf800 Exception <a 'java/io/FileNotFoundException'> (0x00000000ecaf0d30) thrown at [/build/java8-openjdk/src/jdk8u-jdk8u102-b14/hotspot/src/share/vm/prims/jni.cpp, line 709]
Event: 6797.082 Thread 0x0000000001bdf800 Exception <a 'java/lang/ClassNotFoundException': sun/dc/DuctusRenderingEngine> (0x00000000ecb06d18) thrown at [/build/java8-openjdk/src/jdk8u-jdk8u102-b14/hotspot/src/share/vm/classfile/systemDictionary.cpp, line 210]

Events (10 events):
Event: 6797.371 loading class java/awt/Robot$RobotDisposer
Event: 6797.371 loading class java/awt/Robot$RobotDisposer done
Event: 6797.372 loading class sun/java2d/opengl/OGLRenderQueue
Event: 6797.381 loading class sun/java2d/pipe/RenderQueue
Event: 6797.382 loading class sun/java2d/pipe/RenderQueue done
Event: 6797.382 loading class sun/java2d/opengl/OGLRenderQueue done
Event: 6797.382 Executing VM operation: ParallelGCFailedAllocation
Event: 6797.389 Executing VM operation: ParallelGCFailedAllocation done
Event: 6797.402 loading class sun/awt/X11/XErrorEvent
Event: 6797.412 loading class sun/awt/X11/XErrorEvent done


Dynamic libraries:
00400000-00401000 r-xp 00000000 08:02 811793                             /usr/lib/jvm/java-8-openjdk/jre/bin/java
00600000-00601000 rw-p 00000000 08:02 811793                             /usr/lib/jvm/java-8-openjdk/jre/bin/java
01b12000-01c6d000 rw-p 00000000 00:00 0                                  [heap]
c4000000-c6800000 rw-p 00000000 00:00 0 
c6800000-ec000000 ---p 00000000 00:00 0 
ec000000-ed400000 rw-p 00000000 00:00 0 
ed400000-100000000 ---p 00000000 00:00 0 
100000000-100200000 rw-p 00000000 00:00 0 
100200000-140000000 ---p 00000000 00:00 0 
7efcdbafe000-7efcdbeff000 rw-p 00000000 00:00 0 
7efcdbeff000-7efcdbf02000 ---p 00000000 00:00 0 
7efcdbf02000-7efcdc000000 rw-p 00000000 00:00 0 
7efcdc000000-7efcdc15e000 rw-p 00000000 00:00 0 
7efcdc15e000-7efce0000000 ---p 00000000 00:00 0 
7efce0000000-7efce0021000 rw-p 00000000 00:00 0 
7efce0021000-7efce4000000 ---p 00000000 00:00 0 
7efce4000000-7efce4021000 rw-p 00000000 00:00 0 
7efce4021000-7efce8000000 ---p 00000000 00:00 0 
7efce8000000-7efce8021000 rw-p 00000000 00:00 0 
7efce8021000-7efcec000000 ---p 00000000 00:00 0 
7efcec000000-7efcec021000 rw-p 00000000 00:00 0 
7efcec021000-7efcf0000000 ---p 00000000 00:00 0 
7efcf0000000-7efcf00bc000 rw-p 00000000 00:00 0 
7efcf00bc000-7efcf4000000 ---p 00000000 00:00 0 
7efcf4000000-7efcf4231000 rw-p 00000000 00:00 0 
7efcf4231000-7efcf8000000 ---p 00000000 00:00 0 
7efcf8000000-7efcf8249000 rw-p 00000000 00:00 0 
7efcf8249000-7efcfc000000 ---p 00000000 00:00 0 
7efcfc000000-7efcfc021000 rw-p 00000000 00:00 0 
7efcfc021000-7efd00000000 ---p 00000000 00:00 0 
7efd00000000-7efd00021000 rw-p 00000000 00:00 0 
7efd00021000-7efd04000000 ---p 00000000 00:00 0 
7efd04000000-7efd04021000 rw-p 00000000 00:00 0 
7efd04021000-7efd08000000 ---p 00000000 00:00 0 
7efd08000000-7efd08021000 rw-p 00000000 00:00 0 
7efd08021000-7efd0c000000 ---p 00000000 00:00 0 
7efd0c000000-7efd0c021000 rw-p 00000000 00:00 0 
7efd0c021000-7efd10000000 ---p 00000000 00:00 0 
7efd100a7000-7efd100ac000 r-xp 00000000 08:02 682176                     /usr/lib/libXfixes.so.3.1.0
7efd100ac000-7efd102ab000 ---p 00005000 08:02 682176                     /usr/lib/libXfixes.so.3.1.0
7efd102ab000-7efd102ac000 r--p 00004000 08:02 682176                     /usr/lib/libXfixes.so.3.1.0
7efd102ac000-7efd102ad000 rw-p 00005000 08:02 682176                     /usr/lib/libXfixes.so.3.1.0
7efd102ad000-7efd102b7000 r-xp 00000000 08:02 684950                     /usr/lib/libXcursor.so.1.0.2
7efd102b7000-7efd104b6000 ---p 0000a000 08:02 684950                     /usr/lib/libXcursor.so.1.0.2
7efd104b6000-7efd104b7000 r--p 00009000 08:02 684950                     /usr/lib/libXcursor.so.1.0.2
7efd104b7000-7efd104b8000 rw-p 0000a000 08:02 684950                     /usr/lib/libXcursor.so.1.0.2
7efd104b8000-7efd104bb000 ---p 00000000 00:00 0 
7efd104bb000-7efd105b9000 rw-p 00000000 00:00 0 
7efd105b9000-7efd1062b000 r-xp 00000000 08:02 667147                     /usr/lib/libpcre.so.1.2.7
7efd1062b000-7efd1082a000 ---p 00072000 08:02 667147                     /usr/lib/libpcre.so.1.2.7
7efd1082a000-7efd1082b000 r--p 00071000 08:02 667147                     /usr/lib/libpcre.so.1.2.7
7efd1082b000-7efd1082c000 rw-p 00072000 08:02 667147                     /usr/lib/libpcre.so.1.2.7
7efd1082c000-7efd10856000 r-xp 00000000 08:02 683385                     /usr/lib/libgraphite2.so.3.0.1
7efd10856000-7efd10a55000 ---p 0002a000 08:02 683385                     /usr/lib/libgraphite2.so.3.0.1
7efd10a55000-7efd10a57000 r--p 00029000 08:02 683385                     /usr/lib/libgraphite2.so.3.0.1
7efd10a57000-7efd10a58000 rw-p 0002b000 08:02 683385                     /usr/lib/libgraphite2.so.3.0.1
7efd10a58000-7efd10b69000 r-xp 00000000 08:02 669060                     /usr/lib/libglib-2.0.so.0.5000.1
7efd10b69000-7efd10d68000 ---p 00111000 08:02 669060                     /usr/lib/libglib-2.0.so.0.5000.1
7efd10d68000-7efd10d69000 r--p 00110000 08:02 669060                     /usr/lib/libglib-2.0.so.0.5000.1
7efd10d69000-7efd10d6a000 rw-p 00111000 08:02 669060                     /usr/lib/libglib-2.0.so.0.5000.1
7efd10d6a000-7efd10d6b000 rw-p 00000000 00:00 0 
7efd10d6b000-7efd10dc8000 r-xp 00000000 08:02 683389                     /usr/lib/libharfbuzz.so.0.10302.0
7efd10dc8000-7efd10fc8000 ---p 0005d000 08:02 683389                     /usr/lib/libharfbuzz.so.0.10302.0
7efd10fc8000-7efd10fc9000 r--p 0005d000 08:02 683389                     /usr/lib/libharfbuzz.so.0.10302.0
7efd10fc9000-7efd10fca000 rw-p 0005e000 08:02 683389                     /usr/lib/libharfbuzz.so.0.10302.0
7efd10fca000-7efd10fff000 r-xp 00000000 08:02 683371                     /usr/lib/libpng16.so.16.26.0
7efd10fff000-7efd111fe000 ---p 00035000 08:02 683371                     /usr/lib/libpng16.so.16.26.0
7efd111fe000-7efd111ff000 r--p 00034000 08:02 683371                     /usr/lib/libpng16.so.16.26.0
7efd111ff000-7efd11200000 rw-p 00035000 08:02 683371                     /usr/lib/libpng16.so.16.26.0
7efd11200000-7efd1120f000 r-xp 00000000 08:02 661732                     /usr/lib/libbz2.so.1.0.6
7efd1120f000-7efd1140e000 ---p 0000f000 08:02 661732                     /usr/lib/libbz2.so.1.0.6
7efd1140e000-7efd11410000 rw-p 0000e000 08:02 661732                     /usr/lib/libbz2.so.1.0.6
7efd11410000-7efd114c6000 r-xp 00000000 08:02 694938                     /usr/lib/libfreetype.so.6.12.6
7efd114c6000-7efd116c6000 ---p 000b6000 08:02 694938                     /usr/lib/libfreetype.so.6.12.6
7efd116c6000-7efd116cc000 r--p 000b6000 08:02 694938                     /usr/lib/libfreetype.so.6.12.6
7efd116cc000-7efd116cd000 rw-p 000bc000 08:02 694938                     /usr/lib/libfreetype.so.6.12.6
7efd116cd000-7efd1172f000 r-xp 00000000 08:02 811779                     /usr/lib/jvm/java-8-openjdk/jre/lib/amd64/libfontmanager.so
7efd1172f000-7efd1192e000 ---p 00062000 08:02 811779                     /usr/lib/jvm/java-8-openjdk/jre/lib/amd64/libfontmanager.so
7efd1192e000-7efd11932000 rw-p 00061000 08:02 811779                     /usr/lib/jvm/java-8-openjdk/jre/lib/amd64/libfontmanager.so
7efd11932000-7efd11937000 r-xp 00000000 08:02 679810                     /usr/lib/libXdmcp.so.6.0.0
7efd11937000-7efd11b36000 ---p 00005000 08:02 679810                     /usr/lib/libXdmcp.so.6.0.0
7efd11b36000-7efd11b37000 r--p 00004000 08:02 679810                     /usr/lib/libXdmcp.so.6.0.0
7efd11b37000-7efd11b38000 rw-p 00005000 08:02 679810                     /usr/lib/libXdmcp.so.6.0.0
7efd11b38000-7efd11b3a000 r-xp 00000000 08:02 679814                     /usr/lib/libXau.so.6.0.0
7efd11b3a000-7efd11d3a000 ---p 00002000 08:02 679814                     /usr/lib/libXau.so.6.0.0
7efd11d3a000-7efd11d3b000 r--p 00002000 08:02 679814                     /usr/lib/libXau.so.6.0.0
7efd11d3b000-7efd11d3c000 rw-p 00003000 08:02 679814                     /usr/lib/libXau.so.6.0.0
7efd11d3c000-7efd11d64000 r-xp 00000000 08:02 679875                     /usr/lib/libxcb.so.1.1.0
7efd11d64000-7efd11f63000 ---p 00028000 08:02 679875                     /usr/lib/libxcb.so.1.1.0
7efd11f63000-7efd11f64000 r--p 00027000 08:02 679875                     /usr/lib/libxcb.so.1.1.0
7efd11f64000-7efd11f65000 rw-p 00028000 08:02 679875                     /usr/lib/libxcb.so.1.1.0
7efd11f65000-7efd11f74000 r-xp 00000000 08:02 684316                     /usr/lib/libXi.so.6.1.0
7efd11f74000-7efd12174000 ---p 0000f000 08:02 684316                     /usr/lib/libXi.so.6.1.0
7efd12174000-7efd12175000 r--p 0000f000 08:02 684316                     /usr/lib/libXi.so.6.1.0
7efd12175000-7efd12176000 rw-p 00010000 08:02 684316                     /usr/lib/libXi.so.6.1.0
7efd12176000-7efd1217b000 r-xp 00000000 08:02 684393                     /usr/lib/libXtst.so.6.1.0
7efd1217b000-7efd1237a000 ---p 00005000 08:02 684393                     /usr/lib/libXtst.so.6.1.0
7efd1237a000-7efd1237b000 r--p 00004000 08:02 684393                     /usr/lib/libXtst.so.6.1.0
7efd1237b000-7efd1237c000 rw-p 00005000 08:02 684393                     /usr/lib/libXtst.so.6.1.0
7efd1237c000-7efd12385000 r-xp 00000000 08:02 684541                     /usr/lib/libXrender.so.1.3.0
7efd12385000-7efd12585000 ---p 00009000 08:02 684541                     /usr/lib/libXrender.so.1.3.0
7efd12585000-7efd12586000 r--p 00009000 08:02 684541                     /usr/lib/libXrender.so.1.3.0
7efd12586000-7efd12587000 rw-p 0000a000 08:02 684541                     /usr/lib/libXrender.so.1.3.0
7efd12587000-7efd126c0000 r-xp 00000000 08:02 683002                     /usr/lib/libX11.so.6.3.0
7efd126c0000-7efd128c0000 ---p 00139000 08:02 683002                     /usr/lib/libX11.so.6.3.0
7efd128c0000-7efd128c1000 r--p 00139000 08:02 683002                     /usr/lib/libX11.so.6.3.0
7efd128c1000-7efd128c6000 rw-p 0013a000 08:02 683002                     /usr/lib/libX11.so.6.3.0
7efd128c6000-7efd128d7000 r-xp 00000000 08:02 683071                     /usr/lib/libXext.so.6.4.0
7efd128d7000-7efd12ad6000 ---p 00011000 08:02 683071                     /usr/lib/libXext.so.6.4.0
7efd12ad6000-7efd12ad7000 r--p 00010000 08:02 683071                     /usr/lib/libXext.so.6.4.0
7efd12ad7000-7efd12ad8000 rw-p 00011000 08:02 683071                     /usr/lib/libXext.so.6.4.0
7efd12ad8000-7efd12b2b000 r-xp 00000000 08:02 811778                     /usr/lib/jvm/java-8-openjdk/jre/lib/amd64/libawt_xawt.so
7efd12b2b000-7efd12d2b000 ---p 00053000 08:02 811778                     /usr/lib/jvm/java-8-openjdk/jre/lib/amd64/libawt_xawt.so
7efd12d2b000-7efd12d2e000 rw-p 00053000 08:02 811778                     /usr/lib/jvm/java-8-openjdk/jre/lib/amd64/libawt_xawt.so
7efd12d2e000-7efd12d2f000 rw-p 00000000 00:00 0 
7efd12d2f000-7efd12dcf000 r-xp 00000000 08:02 811772                     /usr/lib/jvm/java-8-openjdk/jre/lib/amd64/libawt.so
7efd12dcf000-7efd12fce000 ---p 000a0000 08:02 811772                     /usr/lib/jvm/java-8-openjdk/jre/lib/amd64/libawt.so
7efd12fce000-7efd12fda000 rw-p 0009f000 08:02 811772                     /usr/lib/jvm/java-8-openjdk/jre/lib/amd64/libawt.so
7efd12fda000-7efd12ffe000 rw-p 00000000 00:00 0 
7efd12ffe000-7efd13001000 ---p 00000000 00:00 0 
7efd13001000-7efd130ff000 rw-p 00000000 00:00 0 
7efd130ff000-7efd13102000 ---p 00000000 00:00 0 
7efd13102000-7efd15000000 rw-p 00000000 00:00 0 
7efd150fc000-7efd150ff000 ---p 00000000 00:00 0 
7efd150ff000-7efd15135000 rw-p 00000000 00:00 0 
7efd15135000-7efd15138000 ---p 00000000 00:00 0 
7efd15138000-7efd15236000 rw-p 00000000 00:00 0 
7efd15236000-7efd15239000 ---p 00000000 00:00 0 
7efd15239000-7efd15337000 rw-p 00000000 00:00 0 
7efd15337000-7efd1533a000 ---p 00000000 00:00 0 
7efd1533a000-7efd15438000 rw-p 00000000 00:00 0 
7efd15438000-7efd1543b000 ---p 00000000 00:00 0 
7efd1543b000-7efd15539000 rw-p 00000000 00:00 0 
7efd15539000-7efd1553c000 ---p 00000000 00:00 0 
7efd1553c000-7efd15572000 rw-p 00000000 00:00 0 
7efd15572000-7efd15575000 ---p 00000000 00:00 0 
7efd15575000-7efd15673000 rw-p 00000000 00:00 0 
7efd15673000-7efd15676000 ---p 00000000 00:00 0 
7efd15676000-7efd15934000 rw-p 00000000 00:00 0 
7efd15934000-7efd15974000 ---p 00000000 00:00 0 
7efd15974000-7efd15977000 ---p 00000000 00:00 0 
7efd15977000-7efd15a75000 rw-p 00000000 00:00 0 
7efd15a75000-7efd15a78000 ---p 00000000 00:00 0 
7efd15a78000-7efd15b76000 rw-p 00000000 00:00 0 
7efd15b76000-7efd15b79000 ---p 00000000 00:00 0 
7efd15b79000-7efd15baf000 rw-p 00000000 00:00 0 
7efd15baf000-7efd15bb2000 ---p 00000000 00:00 0 
7efd15bb2000-7efd15cb0000 rw-p 00000000 00:00 0 
7efd15cb0000-7efd15cb3000 ---p 00000000 00:00 0 
7efd15cb3000-7efd15fb1000 rw-p 00000000 00:00 0 
7efd15fb1000-7efd15fc7000 r-xp 00000000 08:02 658683                     /usr/lib/libgcc_s.so.1
7efd15fc7000-7efd161c6000 ---p 00016000 08:02 658683                     /usr/lib/libgcc_s.so.1
7efd161c6000-7efd161c7000 r--p 00015000 08:02 658683                     /usr/lib/libgcc_s.so.1
7efd161c7000-7efd161c8000 rw-p 00016000 08:02 658683                     /usr/lib/libgcc_s.so.1
7efd161c8000-7efd16200000 r-xp 00000000 08:02 811758                     /usr/lib/jvm/java-8-openjdk/jre/lib/amd64/libsunec.so
7efd16200000-7efd163ff000 ---p 00038000 08:02 811758                     /usr/lib/jvm/java-8-openjdk/jre/lib/amd64/libsunec.so
7efd163ff000-7efd16405000 rw-p 00037000 08:02 811758                     /usr/lib/jvm/java-8-openjdk/jre/lib/amd64/libsunec.so
7efd16405000-7efd16605000 rw-p 00000000 00:00 0 
7efd16605000-7efd16608000 ---p 00000000 00:00 0 
7efd16608000-7efd16706000 rw-p 00000000 00:00 0 
7efd16706000-7efd16709000 ---p 00000000 00:00 0 
7efd16709000-7efd16807000 rw-p 00000000 00:00 0 
7efd16807000-7efd1680a000 ---p 00000000 00:00 0 
7efd1680a000-7efd16908000 rw-p 00000000 00:00 0 
7efd16908000-7efd1690b000 ---p 00000000 00:00 0 
7efd1690b000-7efd16a09000 rw-p 00000000 00:00 0 
7efd16a09000-7efd16a0c000 ---p 00000000 00:00 0 
7efd16a0c000-7efd16b0a000 rw-p 00000000 00:00 0 
7efd16b0a000-7efd16b0d000 ---p 00000000 00:00 0 
7efd16b0d000-7efd16c0b000 rw-p 00000000 00:00 0 
7efd16c0b000-7efd16c1c000 r-xp 00000000 08:02 811774                     /usr/lib/jvm/java-8-openjdk/jre/lib/amd64/libnio.so
7efd16c1c000-7efd16e1b000 ---p 00011000 08:02 811774                     /usr/lib/jvm/java-8-openjdk/jre/lib/amd64/libnio.so
7efd16e1b000-7efd16e1c000 rw-p 00010000 08:02 811774                     /usr/lib/jvm/java-8-openjdk/jre/lib/amd64/libnio.so
7efd16e1c000-7efd16e1f000 ---p 00000000 00:00 0 
7efd16e1f000-7efd16f1d000 rw-p 00000000 00:00 0 
7efd16f1d000-7efd16f33000 r-xp 00000000 08:02 811764                     /usr/lib/jvm/java-8-openjdk/jre/lib/amd64/libnet.so
7efd16f33000-7efd17133000 ---p 00016000 08:02 811764                     /usr/lib/jvm/java-8-openjdk/jre/lib/amd64/libnet.so
7efd17133000-7efd17134000 rw-p 00016000 08:02 811764                     /usr/lib/jvm/java-8-openjdk/jre/lib/amd64/libnet.so
7efd17134000-7efd1727e000 r--s 012f6000 08:04 5378486                    /home/jake/code/parcel-mapping/selenium-server-standalone-2.53.1.jar
7efd1727e000-7efd1727f000 ---p 00000000 00:00 0 
7efd1727f000-7efd1737f000 rw-p 00000000 00:00 0 
7efd1737f000-7efd17382000 ---p 00000000 00:00 0 
7efd17382000-7efd17480000 rw-p 00000000 00:00 0 
7efd17480000-7efd17483000 ---p 00000000 00:00 0 
7efd17483000-7efd17581000 rw-p 00000000 00:00 0 
7efd17581000-7efd17584000 ---p 00000000 00:00 0 
7efd17584000-7efd17682000 rw-p 00000000 00:00 0 
7efd17682000-7efd17685000 ---p 00000000 00:00 0 
7efd17685000-7efd17783000 rw-p 00000000 00:00 0 
7efd17783000-7efd1791b000 r--p 00000000 08:02 709366                     /usr/lib/locale/locale-archive
7efd1791b000-7efd1791e000 ---p 00000000 00:00 0 
7efd1791e000-7efd17a1c000 rw-p 00000000 00:00 0 
7efd17a1c000-7efd17a1f000 ---p 00000000 00:00 0 
7efd17a1f000-7efd17b1d000 rw-p 00000000 00:00 0 
7efd17b1d000-7efd17b1e000 ---p 00000000 00:00 0 
7efd17b1e000-7efd18000000 rw-p 00000000 00:00 0 
7efd18000000-7efd18021000 rw-p 00000000 00:00 0 
7efd18021000-7efd1c000000 ---p 00000000 00:00 0 
7efd1c02c000-7efd1c632000 rw-p 00000000 00:00 0 
7efd1c632000-7efd1c800000 r--s 03bf0000 08:02 811701                     /usr/lib/jvm/java-8-openjdk/jre/lib/rt.jar
7efd1c800000-7efd1d000000 rw-p 00000000 00:00 0 
7efd1d000000-7efd1d3c0000 rwxp 00000000 00:00 0 
7efd1d3c0000-7efd2c000000 ---p 00000000 00:00 0 
7efd2c000000-7efd2c37a000 rw-p 00000000 00:00 0 
7efd2c37a000-7efd30000000 ---p 00000000 00:00 0 
7efd30025000-7efd30038000 r--s 00346000 08:02 811700                     /usr/lib/jvm/java-8-openjdk/jre/lib/resources.jar
7efd30038000-7efd301af000 rw-p 00000000 00:00 0 
7efd301af000-7efd301b0000 ---p 00000000 00:00 0 
7efd301b0000-7efd302b0000 rw-p 00000000 00:00 0 
7efd302b0000-7efd302b1000 ---p 00000000 00:00 0 
7efd302b1000-7efd303c5000 rw-p 00000000 00:00 0 
7efd303c5000-7efd304f1000 ---p 00000000 00:00 0 
7efd304f1000-7efd30505000 rw-p 00000000 00:00 0 
7efd30505000-7efd30631000 ---p 00000000 00:00 0 
7efd30631000-7efd3063b000 rw-p 00000000 00:00 0 
7efd3063b000-7efd306d1000 ---p 00000000 00:00 0 
7efd306d1000-7efd306e1000 rw-p 00000000 00:00 0 
7efd306e1000-7efd30a92000 ---p 00000000 00:00 0 
7efd30a92000-7efd30a9a000 r-xp 00000000 08:02 811761                     /usr/lib/jvm/java-8-openjdk/jre/lib/amd64/libzip.so
7efd30a9a000-7efd30c99000 ---p 00008000 08:02 811761                     /usr/lib/jvm/java-8-openjdk/jre/lib/amd64/libzip.so
7efd30c99000-7efd30c9a000 rw-p 00007000 08:02 811761                     /usr/lib/jvm/java-8-openjdk/jre/lib/amd64/libzip.so
7efd30c9a000-7efd30ca4000 r-xp 00000000 08:02 658700                     /usr/lib/libnss_files-2.24.so
7efd30ca4000-7efd30ea4000 ---p 0000a000 08:02 658700                     /usr/lib/libnss_files-2.24.so
7efd30ea4000-7efd30ea5000 r--p 0000a000 08:02 658700                     /usr/lib/libnss_files-2.24.so
7efd30ea5000-7efd30ea6000 rw-p 0000b000 08:02 658700                     /usr/lib/libnss_files-2.24.so
7efd30ea6000-7efd30eac000 rw-p 00000000 00:00 0 
7efd30eac000-7efd30ed8000 r-xp 00000000 08:02 811760                     /usr/lib/jvm/java-8-openjdk/jre/lib/amd64/libjava.so
7efd30ed8000-7efd310d8000 ---p 0002c000 08:02 811760                     /usr/lib/jvm/java-8-openjdk/jre/lib/amd64/libjava.so
7efd310d8000-7efd310da000 rw-p 0002c000 08:02 811760                     /usr/lib/jvm/java-8-openjdk/jre/lib/amd64/libjava.so
7efd310da000-7efd310e7000 r-xp 00000000 08:02 811752                     /usr/lib/jvm/java-8-openjdk/jre/lib/amd64/libverify.so
7efd310e7000-7efd312e6000 ---p 0000d000 08:02 811752                     /usr/lib/jvm/java-8-openjdk/jre/lib/amd64/libverify.so
7efd312e6000-7efd312e8000 rw-p 0000c000 08:02 811752                     /usr/lib/jvm/java-8-openjdk/jre/lib/amd64/libverify.so
7efd312e8000-7efd312ef000 r-xp 00000000 08:02 658708                     /usr/lib/librt-2.24.so
7efd312ef000-7efd314ee000 ---p 00007000 08:02 658708                     /usr/lib/librt-2.24.so
7efd314ee000-7efd314ef000 r--p 00006000 08:02 658708                     /usr/lib/librt-2.24.so
7efd314ef000-7efd314f0000 rw-p 00007000 08:02 658708                     /usr/lib/librt-2.24.so
7efd314f0000-7efd315f3000 r-xp 00000000 08:02 658705                     /usr/lib/libm-2.24.so
7efd315f3000-7efd317f2000 ---p 00103000 08:02 658705                     /usr/lib/libm-2.24.so
7efd317f2000-7efd317f3000 r--p 00102000 08:02 658705                     /usr/lib/libm-2.24.so
7efd317f3000-7efd317f4000 rw-p 00103000 08:02 658705                     /usr/lib/libm-2.24.so
7efd317f4000-7efd32454000 r-xp 00000000 08:02 811784                     /usr/lib/jvm/java-8-openjdk/jre/lib/amd64/server/libjvm.so
7efd32454000-7efd32654000 ---p 00c60000 08:02 811784                     /usr/lib/jvm/java-8-openjdk/jre/lib/amd64/server/libjvm.so
7efd32654000-7efd32710000 rw-p 00c60000 08:02 811784                     /usr/lib/jvm/java-8-openjdk/jre/lib/amd64/server/libjvm.so
7efd32710000-7efd32740000 rw-p 00000000 00:00 0 
7efd32740000-7efd328d5000 r-xp 00000000 08:02 658598                     /usr/lib/libc-2.24.so
7efd328d5000-7efd32ad4000 ---p 00195000 08:02 658598                     /usr/lib/libc-2.24.so
7efd32ad4000-7efd32ad8000 r--p 00194000 08:02 658598                     /usr/lib/libc-2.24.so
7efd32ad8000-7efd32ada000 rw-p 00198000 08:02 658598                     /usr/lib/libc-2.24.so
7efd32ada000-7efd32ade000 rw-p 00000000 00:00 0 
7efd32ade000-7efd32ae0000 r-xp 00000000 08:02 658704                     /usr/lib/libdl-2.24.so
7efd32ae0000-7efd32ce0000 ---p 00002000 08:02 658704                     /usr/lib/libdl-2.24.so
7efd32ce0000-7efd32ce1000 r--p 00002000 08:02 658704                     /usr/lib/libdl-2.24.so
7efd32ce1000-7efd32ce2000 rw-p 00003000 08:02 658704                     /usr/lib/libdl-2.24.so
7efd32ce2000-7efd32cef000 r-xp 00000000 08:02 811781                     /usr/lib/jvm/java-8-openjdk/jre/lib/amd64/jli/libjli.so
7efd32cef000-7efd32eee000 ---p 0000d000 08:02 811781                     /usr/lib/jvm/java-8-openjdk/jre/lib/amd64/jli/libjli.so
7efd32eee000-7efd32eef000 rw-p 0000c000 08:02 811781                     /usr/lib/jvm/java-8-openjdk/jre/lib/amd64/jli/libjli.so
7efd32eef000-7efd32f04000 r-xp 00000000 08:02 666137                     /usr/lib/libz.so.1.2.8
7efd32f04000-7efd33103000 ---p 00015000 08:02 666137                     /usr/lib/libz.so.1.2.8
7efd33103000-7efd33104000 r--p 00014000 08:02 666137                     /usr/lib/libz.so.1.2.8
7efd33104000-7efd33105000 rw-p 00015000 08:02 666137                     /usr/lib/libz.so.1.2.8
7efd33105000-7efd3311d000 r-xp 00000000 08:02 658568                     /usr/lib/libpthread-2.24.so
7efd3311d000-7efd3331c000 ---p 00018000 08:02 658568                     /usr/lib/libpthread-2.24.so
7efd3331c000-7efd3331d000 r--p 00017000 08:02 658568                     /usr/lib/libpthread-2.24.so
7efd3331d000-7efd3331e000 rw-p 00018000 08:02 658568                     /usr/lib/libpthread-2.24.so
7efd3331e000-7efd33322000 rw-p 00000000 00:00 0 
7efd33322000-7efd33345000 r-xp 00000000 08:02 658597                     /usr/lib/ld-2.24.so
7efd33347000-7efd33363000 r--s 00393000 08:02 811720                     /usr/lib/jvm/java-8-openjdk/jre/lib/ext/cldrdata.jar
7efd33363000-7efd3336d000 r--s 00116000 08:02 811719                     /usr/lib/jvm/java-8-openjdk/jre/lib/ext/localedata.jar
7efd3336d000-7efd33415000 rw-p 00000000 00:00 0 
7efd33415000-7efd33418000 ---p 00000000 00:00 0 
7efd33418000-7efd33518000 rw-p 00000000 00:00 0 
7efd33519000-7efd3351a000 r--s 00008000 08:02 811713                     /usr/lib/jvm/java-8-openjdk/jre/lib/ext/sunec.jar
7efd3351a000-7efd3351e000 r--s 00037000 08:02 811718                     /usr/lib/jvm/java-8-openjdk/jre/lib/ext/sunpkcs11.jar
7efd3351e000-7efd33521000 r--s 00015000 08:02 811695                     /usr/lib/jvm/java-8-openjdk/jre/lib/jce.jar
7efd33521000-7efd33525000 r--s 00097000 08:02 811698                     /usr/lib/jvm/java-8-openjdk/jre/lib/jsse.jar
7efd33525000-7efd33538000 rw-p 00000000 00:00 0 
7efd33538000-7efd33540000 rw-s 00000000 00:25 1979497                    /tmp/hsperfdata_jake/22398
7efd33540000-7efd33541000 rw-p 00000000 00:00 0 
7efd33541000-7efd33542000 r--p 00000000 00:00 0 
7efd33542000-7efd33544000 rw-p 00000000 00:00 0 
7efd33544000-7efd33545000 r--p 00022000 08:02 658597                     /usr/lib/ld-2.24.so
7efd33545000-7efd33546000 rw-p 00023000 08:02 658597                     /usr/lib/ld-2.24.so
7efd33546000-7efd33547000 rw-p 00000000 00:00 0 
7ffdce4fd000-7ffdce51e000 rw-p 00000000 00:00 0                          [stack]
7ffdce5ec000-7ffdce5ee000 r--p 00000000 00:00 0                          [vvar]
7ffdce5ee000-7ffdce5f0000 r-xp 00000000 00:00 0                          [vdso]
ffffffffff600000-ffffffffff601000 r-xp 00000000 00:00 0                  [vsyscall]

VM Arguments:
java_command: selenium-server-standalone-2.53.1.jar
java_class_path (initial): selenium-server-standalone-2.53.1.jar
Launcher Type: SUN_STANDARD

Environment Variables:
PATH=/home/jake/bin:/usr/local/bin:/usr/local/sbin:/usr/bin:/usr/local/bin
USERNAME=jake
SHELL=/bin/bash
DISPLAY=:0

Signal Handlers:
SIGSEGV: [libjvm.so+0xa64890], sa_mask[0]=11111111011111111101111111111110, sa_flags=SA_RESTART|SA_SIGINFO
SIGBUS: [libjvm.so+0xa64890], sa_mask[0]=11111111011111111101111111111110, sa_flags=SA_RESTART|SA_SIGINFO
SIGFPE: [libjvm.so+0x8afab0], sa_mask[0]=11111111011111111101111111111110, sa_flags=SA_RESTART|SA_SIGINFO
SIGPIPE: [libjvm.so+0x8afab0], sa_mask[0]=11111111011111111101111111111110, sa_flags=SA_RESTART|SA_SIGINFO
SIGXFSZ: [libjvm.so+0x8afab0], sa_mask[0]=11111111011111111101111111111110, sa_flags=SA_RESTART|SA_SIGINFO
SIGILL: [libjvm.so+0x8afab0], sa_mask[0]=11111111011111111101111111111110, sa_flags=SA_RESTART|SA_SIGINFO
SIGUSR1: SIG_DFL, sa_mask[0]=00000000000000000000000000000000, sa_flags=none
SIGUSR2: [libjvm.so+0x8af960], sa_mask[0]=00000000000000000000000000000000, sa_flags=SA_RESTART|SA_SIGINFO
SIGHUP: [libjvm.so+0x8afe10], sa_mask[0]=11111111011111111101111111111110, sa_flags=SA_RESTART|SA_SIGINFO
SIGINT: [libjvm.so+0x8afe10], sa_mask[0]=11111111011111111101111111111110, sa_flags=SA_RESTART|SA_SIGINFO
SIGTERM: [libjvm.so+0x8afe10], sa_mask[0]=11111111011111111101111111111110, sa_flags=SA_RESTART|SA_SIGINFO
SIGQUIT: [libjvm.so+0x8afe10], sa_mask[0]=11111111011111111101111111111110, sa_flags=SA_RESTART|SA_SIGINFO


---------------  S Y S T E M  ---------------

OS:NAME="Arch Linux"
ID=arch
PRETTY_NAME="Arch Linux"
ANSI_COLOR="0;36"
HOME_URL="https://www.archlinux.org/"
SUPPORT_URL="https://bbs.archlinux.org/"
BUG_REPORT_URL="https://bugs.archlinux.org/"


uname:Linux 4.8.2-1-ARCH #1 SMP PREEMPT Mon Oct 17 08:11:46 CEST 2016 x86_64
libc:glibc 2.24 NPTL 2.24 
rlimit: STACK 8192k, CORE infinity, NPROC 15029, NOFILE 4096, AS infinity
load average:0.27 0.26 0.19

/proc/meminfo:
MemTotal:        3927292 kB
MemFree:          225200 kB
MemAvailable:     777968 kB
Buffers:          239648 kB
Cached:           788076 kB
SwapCached:        33964 kB
Active:          2501084 kB
Inactive:         889944 kB
Active(anon):    2088388 kB
Inactive(anon):   600716 kB
Active(file):     412696 kB
Inactive(file):   289228 kB
Unevictable:        3292 kB
Mlocked:            3292 kB
SwapTotal:       4194300 kB
SwapFree:        3780620 kB
Dirty:               324 kB
Writeback:             0 kB
AnonPages:       2353304 kB
Mapped:           449508 kB
Shmem:            325768 kB
Slab:             167084 kB
SReclaimable:     111440 kB
SUnreclaim:        55644 kB
KernelStack:       11232 kB
PageTables:        56652 kB
NFS_Unstable:          0 kB
Bounce:                0 kB
WritebackTmp:          0 kB
CommitLimit:     6157944 kB
Committed_AS:    9285880 kB
VmallocTotal:   34359738367 kB
VmallocUsed:           0 kB
VmallocChunk:          0 kB
HardwareCorrupted:     0 kB
AnonHugePages:   1210368 kB
ShmemHugePages:        0 kB
ShmemPmdMapped:        0 kB
HugePages_Total:       0
HugePages_Free:        0
HugePages_Rsvd:        0
HugePages_Surp:        0
Hugepagesize:       2048 kB
DirectMap4k:      409340 kB
DirectMap2M:     3661824 kB


CPU:total 2 (2 cores per cpu, 1 threads per core) family 6 model 58 stepping 9, cmov, cx8, fxsr, mmx, sse, sse2, sse3, ssse3, sse4.1, sse4.2, popcnt, clmul, erms, tsc, tscinvbit, tscinv

/proc/cpuinfo:
processor	: 0
vendor_id	: GenuineIntel
cpu family	: 6
model		: 58
model name	: Intel(R) Celeron(R) CPU 1005M @ 1.90GHz
stepping	: 9
microcode	: 0x15
cpu MHz		: 1896.752
cache size	: 2048 KB
physical id	: 0
siblings	: 2
core id		: 0
cpu cores	: 2
apicid		: 0
initial apicid	: 0
fpu		: yes
fpu_exception	: yes
cpuid level	: 13
wp		: yes
flags		: fpu vme de pse tsc msr pae mce cx8 apic sep mtrr pge mca cmov pat pse36 clflush dts acpi mmx fxsr sse sse2 ss ht tm pbe syscall nx rdtscp lm constant_tsc arch_perfmon pebs bts rep_good nopl xtopology nonstop_tsc aperfmperf eagerfpu pni pclmulqdq dtes64 monitor ds_cpl vmx est tm2 ssse3 cx16 xtpr pdcm pcid sse4_1 sse4_2 x2apic popcnt tsc_deadline_timer xsave lahf_lm epb tpr_shadow vnmi flexpriority ept vpid fsgsbase smep erms xsaveopt dtherm arat pln pts
bugs		:
bogomips	: 3792.12
clflush size	: 64
cache_alignment	: 64
address sizes	: 36 bits physical, 48 bits virtual
power management:

processor	: 1
vendor_id	: GenuineIntel
cpu family	: 6
model		: 58
model name	: Intel(R) Celeron(R) CPU 1005M @ 1.90GHz
stepping	: 9
microcode	: 0x15
cpu MHz		: 1899.072
cache size	: 2048 KB
physical id	: 0
siblings	: 2
core id		: 1
cpu cores	: 2
apicid		: 2
initial apicid	: 2
fpu		: yes
fpu_exception	: yes
cpuid level	: 13
wp		: yes
flags		: fpu vme de pse tsc msr pae mce cx8 apic sep mtrr pge mca cmov pat pse36 clflush dts acpi mmx fxsr sse sse2 ss ht tm pbe syscall nx rdtscp lm constant_tsc arch_perfmon pebs bts rep_good nopl xtopology nonstop_tsc aperfmperf eagerfpu pni pclmulqdq dtes64 monitor ds_cpl vmx est tm2 ssse3 cx16 xtpr pdcm pcid sse4_1 sse4_2 x2apic popcnt tsc_deadline_timer xsave lahf_lm epb tpr_shadow vnmi flexpriority ept vpid fsgsbase smep erms xsaveopt dtherm arat pln pts
bugs		:
bogomips	: 3793.30
clflush size	: 64
cache_alignment	: 64
address sizes	: 36 bits physical, 48 bits virtual
power management:



Memory: 4k page, physical 3927292k(225076k free), swap 4194300k(3780620k free)

vm_info: OpenJDK 64-Bit Server VM (25.102-b14) for linux-amd64 JRE (1.8.0_102-b14), built on Jul 27 2016 07:46:42 by "builduser" with gcc 6.1.1 20160707

time: Tue Oct 25 18:34:46 2016
elapsed time: 6797 seconds (0d 1h 53m 17s)

