
[1;33m=======================================================================================[0m
Selenium 2.0 / webdriver protocol bindings implementation with helper commands in nodejs.
For a complete list of commands, visit [1;32mhttp://webdriver.io/api.html[0m.
[1;33m=======================================================================================[0m

[06:21:32]  COMMAND	POST 	 "/wd/hub/session"
[06:21:32]  DATA		{"desiredCapabilities":{"javascriptEnabled":true,"locationContextEnabled":true,"handlesAlerts":true,"rotatable":true,"browserName":"chrome","chromeOptions":{"prefs":{"profile.default_content_setting_values.notifications":2}},"loggingPrefs":{"browser":"ALL","driver":"ALL"},"requestOrigins":{"url":"http://webdriver.io","version":"4.2.16","name":"webdriverio"}}}
[06:21:32]  INFO	SET SESSION ID 576cd050-9c08-4359-b6e1-d79c1d787e7c
[06:21:32]  RESULT		{"applicationCacheEnabled":false,"rotatable":false,"mobileEmulationEnabled":false,"chrome":{"chromedriverVersion":"2.22","userDataDir":"/tmp/.org.chromium.Chromium.8rtcwR"},"takesHeapSnapshot":true,"databaseEnabled":false,"handlesAlerts":true,"hasTouchScreen":false,"version":"53.0.2785.116","platform":"LINUX","browserConnectionEnabled":false,"nativeEvents":true,"acceptSslCerts":true,"webdriver.remote.sessionid":"576cd050-9c08-4359-b6e1-d79c1d787e7c","locationContextEnabled":true,"webStorageEnabled":true,"browserName":"chrome","takesScreenshot":true,"javascriptEnabled":true,"cssSelectorsEnabled":true}
[06:21:32]  COMMAND	POST 	 "/wd/hub/session/576cd050-9c08-4359-b6e1-d79c1d787e7c/url"
[06:21:32]  DATA		{"url":"https://www.google.com/#q=bowdoin+assessor"}
[06:21:33]  RESULT		null
[06:21:33]  COMMAND	GET 	 "/wd/hub/session/576cd050-9c08-4359-b6e1-d79c1d787e7c/title"
[06:21:33]  DATA		{}
[06:21:34]  RESULT		"Google"
[06:21:44]  COMMAND	GET 	 "/wd/hub/session/576cd050-9c08-4359-b6e1-d79c1d787e7c/source"
[06:21:44]  DATA		{}
[06:21:44]  RESULT		"<!DOCTYPE html><html xmlns=\"http://www.w3.org/1999/xhtml\" itemscope=\"\" itemtype=\"http://schema.org/WebPage\" lang=\"en\"><head><meta content=\"Search the world's information, including webpages, ... (320688 more bytes)
[06:21:44]  COMMAND	DELETE 	 "/wd/hub/session/576cd050-9c08-4359-b6e1-d79c1d787e7c"
[06:21:44]  DATA		{}
[06:21:44]  RESULT		null
