
[1;33m=======================================================================================[0m
Selenium 2.0 / webdriver protocol bindings implementation with helper commands in nodejs.
For a complete list of commands, visit [1;32mhttp://webdriver.io/api.html[0m.
[1;33m=======================================================================================[0m

[07:03:12]  COMMAND	POST 	 "/wd/hub/session"
[07:03:12]  DATA		{"desiredCapabilities":{"javascriptEnabled":true,"locationContextEnabled":true,"handlesAlerts":true,"rotatable":true,"browserName":"chrome","chromeOptions":{"prefs":{"profile.default_content_setting_values.notifications":2}},"loggingPrefs":{"browser":"ALL","driver":"ALL"},"requestOrigins":{"url":"http://webdriver.io","version":"4.2.16","name":"webdriverio"}}}
[07:03:12]  INFO	SET SESSION ID 445d3e47-382b-42cc-b5dd-eb081dddd447
[07:03:12]  RESULT		{"applicationCacheEnabled":false,"rotatable":false,"mobileEmulationEnabled":false,"chrome":{"chromedriverVersion":"2.22","userDataDir":"/tmp/.org.chromium.Chromium.aagNZu"},"takesHeapSnapshot":true,"databaseEnabled":false,"handlesAlerts":true,"hasTouchScreen":false,"version":"53.0.2785.116","platform":"LINUX","browserConnectionEnabled":false,"nativeEvents":true,"acceptSslCerts":true,"webdriver.remote.sessionid":"445d3e47-382b-42cc-b5dd-eb081dddd447","locationContextEnabled":true,"webStorageEnabled":true,"browserName":"chrome","takesScreenshot":true,"javascriptEnabled":true,"cssSelectorsEnabled":true}
[07:03:12]  COMMAND	POST 	 "/wd/hub/session/445d3e47-382b-42cc-b5dd-eb081dddd447/url"
[07:03:12]  DATA		{"url":"https://www.google.com/#q=bowdoin+assessor"}
[07:03:13]  RESULT		null
[07:03:13]  COMMAND	GET 	 "/wd/hub/session/445d3e47-382b-42cc-b5dd-eb081dddd447/title"
[07:03:13]  DATA		{}
[07:03:13]  RESULT		"Google"
[07:03:23]  COMMAND	GET 	 "/wd/hub/session/445d3e47-382b-42cc-b5dd-eb081dddd447/source"
[07:03:23]  DATA		{}
[07:03:23]  RESULT		"<!DOCTYPE html><html xmlns=\"http://www.w3.org/1999/xhtml\" itemscope=\"\" itemtype=\"http://schema.org/WebPage\" lang=\"en\"><head><meta content=\"Search the world's information, including webpages, ... (340000 more bytes)
[07:03:24]  COMMAND	DELETE 	 "/wd/hub/session/445d3e47-382b-42cc-b5dd-eb081dddd447"
[07:03:24]  DATA		{}
[07:03:24]  RESULT		null
