
[1;33m=======================================================================================[0m
Selenium 2.0 / webdriver protocol bindings implementation with helper commands in nodejs.
For a complete list of commands, visit [1;32mhttp://webdriver.io/api.html[0m.
[1;33m=======================================================================================[0m

[06:54:47]  COMMAND	POST 	 "/wd/hub/session"
[06:54:47]  DATA		{"desiredCapabilities":{"javascriptEnabled":true,"locationContextEnabled":true,"handlesAlerts":true,"rotatable":true,"browserName":"chrome","chromeOptions":{"prefs":{"profile.default_content_setting_values.notifications":2}},"loggingPrefs":{"browser":"ALL","driver":"ALL"},"requestOrigins":{"url":"http://webdriver.io","version":"4.2.16","name":"webdriverio"}}}
[06:54:47]  INFO	SET SESSION ID acea6c2d-583d-49b6-a46b-c12d68987121
[06:54:47]  RESULT		{"applicationCacheEnabled":false,"rotatable":false,"mobileEmulationEnabled":false,"chrome":{"chromedriverVersion":"2.22","userDataDir":"/tmp/.org.chromium.Chromium.8vi1JE"},"takesHeapSnapshot":true,"databaseEnabled":false,"handlesAlerts":true,"hasTouchScreen":false,"version":"53.0.2785.116","platform":"LINUX","browserConnectionEnabled":false,"nativeEvents":true,"acceptSslCerts":true,"webdriver.remote.sessionid":"acea6c2d-583d-49b6-a46b-c12d68987121","locationContextEnabled":true,"webStorageEnabled":true,"browserName":"chrome","takesScreenshot":true,"javascriptEnabled":true,"cssSelectorsEnabled":true}
[06:54:47]  COMMAND	POST 	 "/wd/hub/session/acea6c2d-583d-49b6-a46b-c12d68987121/url"
[06:54:47]  DATA		{"url":"https://www.google.com/#q=bowdoin+assessor"}
[06:54:48]  RESULT		null
[06:54:48]  COMMAND	GET 	 "/wd/hub/session/acea6c2d-583d-49b6-a46b-c12d68987121/title"
[06:54:48]  DATA		{}
[06:54:48]  RESULT		"Google"
[06:54:48]  COMMAND	GET 	 "/wd/hub/session/acea6c2d-583d-49b6-a46b-c12d68987121/source"
[06:54:48]  DATA		{}
[06:54:48]  RESULT		"<!DOCTYPE html><html xmlns=\"http://www.w3.org/1999/xhtml\" itemscope=\"\" itemtype=\"http://schema.org/WebPage\" lang=\"en\"><head><meta content=\"Search the world's information, including webpages, ... (226341 more bytes)
[06:54:48]  COMMAND	DELETE 	 "/wd/hub/session/acea6c2d-583d-49b6-a46b-c12d68987121"
[06:54:48]  DATA		{}
[06:54:48]  RESULT		null
